
**** Build of configuration Debug for project BOOSTXL-EDUMKII_MicrophoneFFT_MSP432P401R ****

/Applications/ti/ccsv6/utils/bin/gmake -k all 
Building file: ../main.c
Invoking: MSP432 Compiler
"/Applications/ti/ccsv6/tools/compiler/ti-cgt-arm_5.2.6/bin/armcl" -mv7M4 --code_state=16 --float_support=FPv4SPD16 --abi=eabi -me -O2 --include_path="/Applications/ti/ccsv6/ccs_base/arm/include" --include_path="/Users/marybiggs/Desktop/ECE461/BOOSTXL-EDUMKII_MicrophoneFFT_MSP432P401R" --include_path="/Users/marybiggs/Desktop/ECE461/BOOSTXL-EDUMKII_MicrophoneFFT_MSP432P401R/driverlib/MSP432P4xx" --include_path="/Users/marybiggs/Desktop/ECE461/BOOSTXL-EDUMKII_MicrophoneFFT_MSP432P401R/GrLib/grlib" --include_path="/Users/marybiggs/Desktop/ECE461/BOOSTXL-EDUMKII_MicrophoneFFT_MSP432P401R/GrLib/fonts" --include_path="/Users/marybiggs/Desktop/ECE461/BOOSTXL-EDUMKII_MicrophoneFFT_MSP432P401R/LcdDriver" --include_path="/Users/marybiggs/Desktop/ECE461/BOOSTXL-EDUMKII_MicrophoneFFT_MSP432P401R/CMSIS/Include" --include_path="/Applications/ti/ccsv6/tools/compiler/ti-cgt-arm_5.2.6/include" --advice:power=all -g --gcc --define=__MSP432P401R__ --define=ARM_MATH_CM4 --define=__FPU_PRESENT=1 --define=_LINKAGE --define=_CODE_ACCESS="" --define=_DATA_ACCESS="" --define=TARGET_IS_MSP432P4XX --define=ccs --display_error_number --diag_warning=225 --diag_wrap=off --gen_func_subsections=on --ual --preproc_with_compile --preproc_dependency="main.pp"  "../main.c"
"/Applications/ti/ccsv6/ccs_base/arm/include/msp432p401r.h", line 69: warning #1181-D: #warning directive: "MSP432 software will be updated to use CMSIS-Core in March 2016. This update will allow your MSP432 software to be CMSIS compliant, but require modification to your existing MSP432 code. A beta release is available if you want to start converting your code today. Refer to http://www.ti.com/MSP432CMSIS for detailed changes, conversion guide and background information."
"/Users/marybiggs/Desktop/ECE461/BOOSTXL-EDUMKII_MicrophoneFFT_MSP432P401R/CMSIS/Include/core_cm4.h", line 1789: warning #225-D: function "__NOP" declared implicitly
"/Users/marybiggs/Desktop/ECE461/BOOSTXL-EDUMKII_MicrophoneFFT_MSP432P401R/CMSIS/Include/core_cm4.h", line 1871: warning #225-D: function "__NOP" declared implicitly
"/Users/marybiggs/Desktop/ECE461/BOOSTXL-EDUMKII_MicrophoneFFT_MSP432P401R/CMSIS/Include/arm_math.h", line 629: remark #2623-D: (ULP 5.4) Detected an assignment to a type with size less than int. To avoid unnecessary sign extension, use int-sized types for local varaibles and convert to smaller types for static storage.
"/Users/marybiggs/Desktop/ECE461/BOOSTXL-EDUMKII_MicrophoneFFT_MSP432P401R/CMSIS/Include/arm_math.h", line 5237: remark #2623-D: (ULP 5.4) Detected an assignment to a type with size less than int. To avoid unnecessary sign extension, use int-sized types for local varaibles and convert to smaller types for static storage.
"../main.c", line 97: error #20: identifier "TIMER_A_CTL_SSEL__SMCLK" is undefined
"../main.c", line 101: error #20: identifier "TIMER_A_CCTLN_OUTMOD_3" is undefined
"../main.c", line 112: error #20: identifier "CS_CTL0_DCORSEL_5" is undefined
"../main.c", line 113: error #20: identifier "CS_CLKEN_MCLK_EN" is undefined
"../main.c", line 113: error #20: identifier "CS_CTL1_SELM_3" is undefined
"../main.c", line 113: error #20: identifier "CS_CTL1_DIVS_0" is undefined
"../main.c", line 114: error #20: identifier "CS_CLKEN_HSMCLK_EN" is undefined
"../main.c", line 115: error #20: identifier "CS_CLKEN_SMCLK_EN" is undefined
"../main.c", line 116: error #20: identifier "CS_CLKEN_ACLK_EN" is undefined
"../main.c", line 116: error #20: identifier "CS_CTL1_SELM_2" is undefined
"../main.c", line 203: error #20: identifier "ADC14_CTL0_SSEL_3" is undefined
"../main.c", line 203: error #20: identifier "ADC14_CTL0_PDIV_0" is undefined
"../main.c", line 203: error #20: identifier "ADC14_CTL0_DIV_0" is undefined
"../main.c", line 205: error #20: identifier "ADC14_CTL0_SHS_1" is undefined
"../main.c", line 213: error #20: identifier "ADC14_MCTLN_VRSEL_0" is undefined
"../main.c", line 214: error #20: identifier "ADC14_MCTLN_INCH_10" is undefined
"../main.c", line 237: error #137: struct "<unnamed>" has no field "MEM"
"../main.c", line 243: error #137: struct "<unnamed>" has no field "MEM"
"../main.c", line 297: remark #2623-D: (ULP 5.4) Detected an assignment to a type with size less than int. To avoid unnecessary sign extension, use int-sized types for local varaibles and convert to smaller types for static storage.
"../main.c", line 297: remark #2623-D: (ULP 5.4) Detected an assignment to a type with size less than int. To avoid unnecessary sign extension, use int-sized types for local varaibles and convert to smaller types for static storage.
"../main.c", line 331: error #137: struct "<unnamed>" has no field "MEM"
"../main.c", line 340: error #137: struct "<unnamed>" has no field "MEM"
20 errors detected in the compilation of "../main.c".

>> Compilation failure
subdir_rules.mk:7: recipe for target 'main.obj' failed
gmake: *** [main.obj] Error 1
Building file: ../system_msp432p401r.c
Invoking: MSP432 Compiler
"/Applications/ti/ccsv6/tools/compiler/ti-cgt-arm_5.2.6/bin/armcl" -mv7M4 --code_state=16 --float_support=FPv4SPD16 --abi=eabi -me -O2 --include_path="/Applications/ti/ccsv6/ccs_base/arm/include" --include_path="/Users/marybiggs/Desktop/ECE461/BOOSTXL-EDUMKII_MicrophoneFFT_MSP432P401R" --include_path="/Users/marybiggs/Desktop/ECE461/BOOSTXL-EDUMKII_MicrophoneFFT_MSP432P401R/driverlib/MSP432P4xx" --include_path="/Users/marybiggs/Desktop/ECE461/BOOSTXL-EDUMKII_MicrophoneFFT_MSP432P401R/GrLib/grlib" --include_path="/Users/marybiggs/Desktop/ECE461/BOOSTXL-EDUMKII_MicrophoneFFT_MSP432P401R/GrLib/fonts" --include_path="/Users/marybiggs/Desktop/ECE461/BOOSTXL-EDUMKII_MicrophoneFFT_MSP432P401R/LcdDriver" --include_path="/Users/marybiggs/Desktop/ECE461/BOOSTXL-EDUMKII_MicrophoneFFT_MSP432P401R/CMSIS/Include" --include_path="/Applications/ti/ccsv6/tools/compiler/ti-cgt-arm_5.2.6/include" --advice:power=all -g --gcc --define=__MSP432P401R__ --define=ARM_MATH_CM4 --define=__FPU_PRESENT=1 --define=_LINKAGE --define=_CODE_ACCESS="" --define=_DATA_ACCESS="" --define=TARGET_IS_MSP432P4XX --define=ccs --display_error_number --diag_warning=225 --diag_wrap=off --gen_func_subsections=on --ual --preproc_with_compile --preproc_dependency="system_msp432p401r.pp"  "../system_msp432p401r.c"
"/Applications/ti/ccsv6/ccs_base/arm/include/msp432p401r.h", line 69: warning #1181-D: #warning directive: "MSP432 software will be updated to use CMSIS-Core in March 2016. This update will allow your MSP432 software to be CMSIS compliant, but require modification to your existing MSP432 code. A beta release is available if you want to start converting your code today. Refer to http://www.ti.com/MSP432CMSIS for detailed changes, conversion guide and background information."
"/Users/marybiggs/Desktop/ECE461/BOOSTXL-EDUMKII_MicrophoneFFT_MSP432P401R/CMSIS/Include/core_cm4.h", line 1789: warning #225-D: function "__NOP" declared implicitly
"/Users/marybiggs/Desktop/ECE461/BOOSTXL-EDUMKII_MicrophoneFFT_MSP432P401R/CMSIS/Include/core_cm4.h", line 1871: warning #225-D: function "__NOP" declared implicitly
"../system_msp432p401r.c", line 111: error #137: struct "<unnamed>" has no field "CTL1"
"../system_msp432p401r.c", line 111: error #20: identifier "CS_CTL1_DIVM_MASK" is undefined
"../system_msp432p401r.c", line 111: error #20: identifier "CS_CTL1_DIVM_OFS" is undefined
"../system_msp432p401r.c", line 113: error #137: struct "<unnamed>" has no field "CTL1"
"../system_msp432p401r.c", line 113: error #20: identifier "CS_CTL1_SELM_MASK" is undefined
"../system_msp432p401r.c", line 117: error #20: identifier "CS_CTL1_SELM__LFXTCLK" is undefined
"../system_msp432p401r.c", line 118: error #137: struct "<unnamed>" has no field "IFG"
"../system_msp432p401r.c", line 118: error #20: identifier "CS_IFG_LFXTIFG_OFS" is undefined
"../system_msp432p401r.c", line 121: error #137: struct "<unnamed>" has no field "KEY"
"../system_msp432p401r.c", line 121: error #20: identifier "CS_KEY_VAL" is undefined
"../system_msp432p401r.c", line 122: error #137: struct "<unnamed>" has no field "CLRIFG"
"../system_msp432p401r.c", line 122: error #20: identifier "CS_CLRIFG_CLR_LFXTIFG" is undefined
"../system_msp432p401r.c", line 123: error #137: struct "<unnamed>" has no field "KEY"
"../system_msp432p401r.c", line 125: error #137: struct "<unnamed>" has no field "IFG"
"../system_msp432p401r.c", line 127: error #137: struct "<unnamed>" has no field "CLKEN"
"../system_msp432p401r.c", line 127: error #20: identifier "CS_CLKEN_REFOFSEL_OFS" is undefined
"../system_msp432p401r.c", line 146: error #20: identifier "CS_CTL1_SELM__VLOCLK" is undefined
"../system_msp432p401r.c", line 149: error #20: identifier "CS_CTL1_SELM__REFOCLK" is undefined
"../system_msp432p401r.c", line 150: error #137: struct "<unnamed>" has no field "CLKEN"
"../system_msp432p401r.c", line 150: error #20: identifier "CS_CLKEN_REFOFSEL_OFS" is undefined
"../system_msp432p401r.c", line 159: error #20: identifier "CS_CTL1_SELM__DCOCLK" is undefined
"../system_msp432p401r.c", line 160: error #137: struct "<unnamed>" has no field "CTL0"
"../system_msp432p401r.c", line 160: error #20: identifier "CS_CTL0_DCOTUNE_MASK" is undefined
"../system_msp432p401r.c", line 160: error #20: identifier "CS_CTL0_DCOTUNE_OFS" is undefined
"../system_msp432p401r.c", line 162: error #137: struct "<unnamed>" has no field "CTL0"
"../system_msp432p401r.c", line 162: error #20: identifier "CS_CTL0_DCORSEL_MASK" is undefined
"../system_msp432p401r.c", line 164: error #20: identifier "CS_CTL0_DCORSEL_0" is undefined
"../system_msp432p401r.c", line 167: error #20: identifier "CS_CTL0_DCORSEL_1" is undefined
"../system_msp432p401r.c", line 170: error #20: identifier "CS_CTL0_DCORSEL_2" is undefined
"../system_msp432p401r.c", line 173: error #20: identifier "CS_CTL0_DCORSEL_3" is undefined
"../system_msp432p401r.c", line 176: error #20: identifier "CS_CTL0_DCORSEL_4" is undefined
"../system_msp432p401r.c", line 179: error #20: identifier "CS_CTL0_DCORSEL_5" is undefined
"../system_msp432p401r.c", line 196: error #137: struct "<unnamed>" has no field "CTL0"
"../system_msp432p401r.c", line 196: error #20: identifier "CS_CTL0_DCORES_OFS" is undefined
"../system_msp432p401r.c", line 198: error #137: struct "<unnamed>" has no field "DCOER_CONSTK_RSEL04"
"../system_msp432p401r.c", line 199: error #137: struct "<unnamed>" has no field "DCOER_FCAL_RSEL04"
"../system_msp432p401r.c", line 204: error #137: struct "<unnamed>" has no field "DCOIR_CONSTK_RSEL04"
"../system_msp432p401r.c", line 205: error #137: struct "<unnamed>" has no field "DCOIR_FCAL_RSEL04"
"../system_msp432p401r.c", line 214: error #20: identifier "CS_CTL1_SELM__MODOSC" is undefined
"../system_msp432p401r.c", line 217: error #20: identifier "CS_CTL1_SELM__HFXTCLK" is undefined
"../system_msp432p401r.c", line 218: error #137: struct "<unnamed>" has no field "IFG"
"../system_msp432p401r.c", line 218: error #20: identifier "CS_IFG_HFXTIFG_OFS" is undefined
"../system_msp432p401r.c", line 221: error #137: struct "<unnamed>" has no field "KEY"
"../system_msp432p401r.c", line 221: error #20: identifier "CS_KEY_VAL" is undefined
"../system_msp432p401r.c", line 222: error #137: struct "<unnamed>" has no field "CLRIFG"
"../system_msp432p401r.c", line 222: error #20: identifier "CS_CLRIFG_CLR_HFXTIFG" is undefined
"../system_msp432p401r.c", line 223: error #137: struct "<unnamed>" has no field "KEY"
"../system_msp432p401r.c", line 225: error #137: struct "<unnamed>" has no field "IFG"
"../system_msp432p401r.c", line 227: error #137: struct "<unnamed>" has no field "CLKEN"
"../system_msp432p401r.c", line 112: remark #2623-D: (ULP 5.4) Detected an assignment to a type with size less than int. To avoid unnecessary sign extension, use int-sized types for local varaibles and convert to smaller types for static storage.
"../system_msp432p401r.c", line 193: remark #2623-D: (ULP 5.4) Detected an assignment to a type with size less than int. To avoid unnecessary sign extension, use int-sized types for local varaibles and convert to smaller types for static storage.
"../system_msp432p401r.c", line 275: error #137: struct "<unnamed>" has no field "CTL"
"../system_msp432p401r.c", line 275: error #20: identifier "WDT_A_CTL_PW" is undefined
"../system_msp432p401r.c", line 275: error #20: identifier "WDT_A_CTL_HOLD" is undefined
"../system_msp432p401r.c", line 278: error #137: struct "<unnamed>" has no field "SRAM_BANKEN"
"../system_msp432p401r.c", line 285: error #137: struct "<unnamed>" has no field "CTL1"

>> Compilation failure
"../system_msp432p401r.c", line 285: error #20: identifier "PCM_CTL1_PMR_BUSY" is undefined
subdir_rules.mk:21: recipe for target 'system_msp432p401r.obj' failed
"../system_msp432p401r.c", line 286: error #137: struct "<unnamed>" has no field "CTL0"
"../system_msp432p401r.c", line 286: error #20: identifier "PCM_CTL0_KEY_VAL" is undefined
"../system_msp432p401r.c", line 286: error #20: identifier "PCM_CTL0_AMR_4" is undefined
"../system_msp432p401r.c", line 287: error #137: struct "<unnamed>" has no field "CTL1"
"../system_msp432p401r.c", line 293: error #137: struct "<unnamed>" has no field "KEY"
"../system_msp432p401r.c", line 293: error #20: identifier "CS_KEY_VAL" is undefined
"../system_msp432p401r.c", line 294: error #137: struct "<unnamed>" has no field "CTL0"
"../system_msp432p401r.c", line 294: error #20: identifier "CS_CTL0_DCORSEL_0" is undefined
"../system_msp432p401r.c", line 295: error #137: struct "<unnamed>" has no field "CTL1"
"../system_msp432p401r.c", line 295: error #20: identifier "CS_CTL1_SELM_MASK" is undefined
"../system_msp432p401r.c", line 295: error #20: identifier "CS_CTL1_DIVM_MASK" is undefined
"../system_msp432p401r.c", line 295: error #20: identifier "CS_CTL1_SELM__DCOCLK" is undefined
"../system_msp432p401r.c", line 296: error #137: struct "<unnamed>" has no field "KEY"
"../system_msp432p401r.c", line 299: error #137: struct "<unnamed>" has no field "BANK0_RDCTL"
"../system_msp432p401r.c", line 300: error #137: struct "<unnamed>" has no field "BANK1_RDCTL"
"../system_msp432p401r.c", line 285: remark #1527-D: (ULP 2.1) Detected SW delay loop using empty loop. Recommend using a timer module instead
"../system_msp432p401r.c", line 287: remark #1527-D: (ULP 2.1) Detected SW delay loop using empty loop. Recommend using a timer module instead
Building file: ../driverlib/MSP432P4xx/adc14.c
70 errors detected in the compilation of "../system_msp432p401r.c".
gmake: *** [system_msp432p401r.obj] Error 1
Invoking: MSP432 Compiler
"/Applications/ti/ccsv6/tools/compiler/ti-cgt-arm_5.2.6/bin/armcl" -mv7M4 --code_state=16 --float_support=FPv4SPD16 --abi=eabi -me -O2 --include_path="/Applications/ti/ccsv6/ccs_base/arm/include" --include_path="/Users/marybiggs/Desktop/ECE461/BOOSTXL-EDUMKII_MicrophoneFFT_MSP432P401R" --include_path="/Users/marybiggs/Desktop/ECE461/BOOSTXL-EDUMKII_MicrophoneFFT_MSP432P401R/driverlib/MSP432P4xx" --include_path="/Users/marybiggs/Desktop/ECE461/BOOSTXL-EDUMKII_MicrophoneFFT_MSP432P401R/GrLib/grlib" --include_path="/Users/marybiggs/Desktop/ECE461/BOOSTXL-EDUMKII_MicrophoneFFT_MSP432P401R/GrLib/fonts" --include_path="/Users/marybiggs/Desktop/ECE461/BOOSTXL-EDUMKII_MicrophoneFFT_MSP432P401R/LcdDriver" --include_path="/Users/marybiggs/Desktop/ECE461/BOOSTXL-EDUMKII_MicrophoneFFT_MSP432P401R/CMSIS/Include" --include_path="/Applications/ti/ccsv6/tools/compiler/ti-cgt-arm_5.2.6/include" --advice:power=all -g --gcc --define=__MSP432P401R__ --define=ARM_MATH_CM4 --define=__FPU_PRESENT=1 --define=_LINKAGE --define=_CODE_ACCESS="" --define=_DATA_ACCESS="" --define=TARGET_IS_MSP432P4XX --define=ccs --display_error_number --diag_warning=225 --diag_wrap=off --gen_func_subsections=on --ual --preproc_with_compile --preproc_dependency="driverlib/MSP432P4xx/adc14.pp" --obj_directory="driverlib/MSP432P4xx"  "../driverlib/MSP432P4xx/adc14.c"
"/Applications/ti/ccsv6/ccs_base/arm/include/msp432p401r.h", line 69: warning #1181-D: #warning directive: "MSP432 software will be updated to use CMSIS-Core in March 2016. This update will allow your MSP432 software to be CMSIS compliant, but require modification to your existing MSP432 code. A beta release is available if you want to start converting your code today. Refer to http://www.ti.com/MSP432CMSIS for detailed changes, conversion guide and background information."
"/Users/marybiggs/Desktop/ECE461/BOOSTXL-EDUMKII_MicrophoneFFT_MSP432P401R/CMSIS/Include/core_cm4.h", line 1789: warning #225-D: function "__NOP" declared implicitly
"/Users/marybiggs/Desktop/ECE461/BOOSTXL-EDUMKII_MicrophoneFFT_MSP432P401R/CMSIS/Include/core_cm4.h", line 1871: warning #225-D: function "__NOP" declared implicitly
"../driverlib/MSP432P4xx/adc14.c", line 48: error #137: struct "<unnamed>" has no field "MCTL"
"../driverlib/MSP432P4xx/adc14.c", line 48: error #137: struct "<unnamed>" has no field "MCTL"
"../driverlib/MSP432P4xx/adc14.c", line 48: error #137: struct "<unnamed>" has no field "MCTL"
"../driverlib/MSP432P4xx/adc14.c", line 48: error #137: struct "<unnamed>" has no field "MCTL"
"../driverlib/MSP432P4xx/adc14.c", line 49: error #137: struct "<unnamed>" has no field "MCTL"
"../driverlib/MSP432P4xx/adc14.c", line 49: error #137: struct "<unnamed>" has no field "MCTL"
"../driverlib/MSP432P4xx/adc14.c", line 49: error #137: struct "<unnamed>" has no field "MCTL"
"../driverlib/MSP432P4xx/adc14.c", line 49: error #137: struct "<unnamed>" has no field "MCTL"
"../driverlib/MSP432P4xx/adc14.c", line 50: error #137: struct "<unnamed>" has no field "MCTL"
"../driverlib/MSP432P4xx/adc14.c", line 50: error #137: struct "<unnamed>" has no field "MCTL"
"../driverlib/MSP432P4xx/adc14.c", line 50: error #137: struct "<unnamed>" has no field "MCTL"
"../driverlib/MSP432P4xx/adc14.c", line 51: error #137: struct "<unnamed>" has no field "MCTL"
"../driverlib/MSP432P4xx/adc14.c", line 51: error #137: struct "<unnamed>" has no field "MCTL"
"../driverlib/MSP432P4xx/adc14.c", line 51: error #137: struct "<unnamed>" has no field "MCTL"
"../driverlib/MSP432P4xx/adc14.c", line 52: error #137: struct "<unnamed>" has no field "MCTL"
"../driverlib/MSP432P4xx/adc14.c", line 52: error #137: struct "<unnamed>" has no field "MCTL"
"../driverlib/MSP432P4xx/adc14.c", line 52: error #137: struct "<unnamed>" has no field "MCTL"
"../driverlib/MSP432P4xx/adc14.c", line 53: error #137: struct "<unnamed>" has no field "MCTL"
"../driverlib/MSP432P4xx/adc14.c", line 53: error #137: struct "<unnamed>" has no field "MCTL"
"../driverlib/MSP432P4xx/adc14.c", line 53: error #137: struct "<unnamed>" has no field "MCTL"
"../driverlib/MSP432P4xx/adc14.c", line 54: error #137: struct "<unnamed>" has no field "MCTL"
"../driverlib/MSP432P4xx/adc14.c", line 54: error #137: struct "<unnamed>" has no field "MCTL"
"../driverlib/MSP432P4xx/adc14.c", line 54: error #137: struct "<unnamed>" has no field "MCTL"
"../driverlib/MSP432P4xx/adc14.c", line 55: error #137: struct "<unnamed>" has no field "MCTL"
"../driverlib/MSP432P4xx/adc14.c", line 55: error #137: struct "<unnamed>" has no field "MCTL"
"../driverlib/MSP432P4xx/adc14.c", line 55: error #137: struct "<unnamed>" has no field "MCTL"
"../driverlib/MSP432P4xx/adc14.c", line 56: error #137: struct "<unnamed>" has no field "MCTL"
"../driverlib/MSP432P4xx/adc14.c", line 56: error #137: struct "<unnamed>" has no field "MCTL"
"../driverlib/MSP432P4xx/adc14.c", line 56: error #137: struct "<unnamed>" has no field "MCTL"
"../driverlib/MSP432P4xx/adc14.c", line 57: error #137: struct "<unnamed>" has no field "MCTL"
"../driverlib/MSP432P4xx/adc14.c", line 57: error #137: struct "<unnamed>" has no field "MCTL"
"../driverlib/MSP432P4xx/adc14.c", line 57: error #137: struct "<unnamed>" has no field "MCTL"
"../driverlib/MSP432P4xx/adc14.c", line 148: error #137: struct "<unnamed>" has no field "CTL0"
"../driverlib/MSP432P4xx/adc14.c", line 148: error #20: identifier "ADC14_CTL0_BUSY_OFS" is undefined
"../driverlib/MSP432P4xx/adc14.c", line 153: error #137: struct "<unnamed>" has no field "CTL0"
"../driverlib/MSP432P4xx/adc14.c", line 153: error #20: identifier "ADC14_CTL0_ON_OFS" is undefined
"../driverlib/MSP432P4xx/adc14.c", line 161: error #137: struct "<unnamed>" has no field "CTL0"
"../driverlib/MSP432P4xx/adc14.c", line 161: error #20: identifier "ADC14_CTL0_ON_OFS" is undefined
"../driverlib/MSP432P4xx/adc14.c", line 171: error #137: struct "<unnamed>" has no field "CTL0"
"../driverlib/MSP432P4xx/adc14.c", line 171: error #20: identifier "ADC14_CTL0_SHP_OFS" is undefined
"../driverlib/MSP432P4xx/adc14.c", line 175: error #137: struct "<unnamed>" has no field "CTL0"
"../driverlib/MSP432P4xx/adc14.c", line 175: error #20: identifier "ADC14_CTL0_MSC_OFS" is undefined
"../driverlib/MSP432P4xx/adc14.c", line 178: error #137: struct "<unnamed>" has no field "CTL0"
"../driverlib/MSP432P4xx/adc14.c", line 178: error #20: identifier "ADC14_CTL0_MSC_OFS" is undefined
"../driverlib/MSP432P4xx/adc14.c", line 189: error #137: struct "<unnamed>" has no field "CTL0"
"../driverlib/MSP432P4xx/adc14.c", line 189: error #20: identifier "ADC14_CTL0_SHP_OFS" is undefined
"../driverlib/MSP432P4xx/adc14.c", line 228: error #137: struct "<unnamed>" has no field "CTL0"
"../driverlib/MSP432P4xx/adc14.c", line 228: error #137: struct "<unnamed>" has no field "CTL0"
"../driverlib/MSP432P4xx/adc14.c", line 229: error #20: identifier "ADC14_CTL0_PDIV_MASK" is undefined
"../driverlib/MSP432P4xx/adc14.c", line 229: error #20: identifier "ADC14_CTL0_DIV_MASK" is undefined
"../driverlib/MSP432P4xx/adc14.c", line 229: error #20: identifier "ADC14_CTL0_SSEL_MASK" is undefined
"../driverlib/MSP432P4xx/adc14.c", line 232: error #137: struct "<unnamed>" has no field "CTL1"
"../driverlib/MSP432P4xx/adc14.c", line 232: error #137: struct "<unnamed>" has no field "CTL1"
"../driverlib/MSP432P4xx/adc14.c", line 233: error #20: identifier "ADC14_CTL1_CH3MAP" is undefined
"../driverlib/MSP432P4xx/adc14.c", line 233: error #20: identifier "ADC14_CTL1_CH2MAP" is undefined
"../driverlib/MSP432P4xx/adc14.c", line 233: error #20: identifier "ADC14_CTL1_CH1MAP" is undefined
"../driverlib/MSP432P4xx/adc14.c", line 233: error #20: identifier "ADC14_CTL1_CH0MAP" is undefined
"../driverlib/MSP432P4xx/adc14.c", line 234: error #20: identifier "ADC14_CTL1_TCMAP" is undefined
"../driverlib/MSP432P4xx/adc14.c", line 234: error #20: identifier "ADC14_CTL1_BATMAP" is undefined
"../driverlib/MSP432P4xx/adc14.c", line 245: error #137: struct "<unnamed>" has no field "CTL1"
"../driverlib/MSP432P4xx/adc14.c", line 245: error #137: struct "<unnamed>" has no field "CTL1"
"../driverlib/MSP432P4xx/adc14.c", line 245: error #20: identifier "ADC14_CTL1_RES_MASK" is undefined
"../driverlib/MSP432P4xx/adc14.c", line 250: error #137: struct "<unnamed>" has no field "CTL1"
"../driverlib/MSP432P4xx/adc14.c", line 250: error #20: identifier "ADC14_CTL1_RES_MASK" is undefined
"../driverlib/MSP432P4xx/adc14.c", line 270: error #137: struct "<unnamed>" has no field "CTL0"
"../driverlib/MSP432P4xx/adc14.c", line 270: error #137: struct "<unnamed>" has no field "CTL0"
"../driverlib/MSP432P4xx/adc14.c", line 271: error #20: identifier "ADC14_CTL0_ISSH" is undefined
"../driverlib/MSP432P4xx/adc14.c", line 271: error #20: identifier "ADC14_CTL0_SHS_MASK" is undefined
"../driverlib/MSP432P4xx/adc14.c", line 275: error #137: struct "<unnamed>" has no field "CTL0"
"../driverlib/MSP432P4xx/adc14.c", line 275: error #137: struct "<unnamed>" has no field "CTL0"
"../driverlib/MSP432P4xx/adc14.c", line 276: error #20: identifier "ADC14_CTL0_ISSH" is undefined
"../driverlib/MSP432P4xx/adc14.c", line 276: error #20: identifier "ADC14_CTL0_SHS_MASK" is undefined
"../driverlib/MSP432P4xx/adc14.c", line 308: error #137: struct "<unnamed>" has no field "CTL0"
"../driverlib/MSP432P4xx/adc14.c", line 308: error #137: struct "<unnamed>" has no field "CTL0"
"../driverlib/MSP432P4xx/adc14.c", line 309: error #20: identifier "ADC14_CTL0_SHT0_MASK" is undefined
"../driverlib/MSP432P4xx/adc14.c", line 309: error #20: identifier "ADC14_CTL0_SHT1_MASK" is undefined
"../driverlib/MSP432P4xx/adc14.c", line 330: error #20: identifier "ADC14_MCTLN_EOS_OFS" is undefined
"../driverlib/MSP432P4xx/adc14.c", line 334: error #20: identifier "ADC14_MCTLN_EOS_OFS" is undefined
"../driverlib/MSP432P4xx/adc14.c", line 338: error #137: struct "<unnamed>" has no field "CTL1"
"../driverlib/MSP432P4xx/adc14.c", line 338: error #137: struct "<unnamed>" has no field "CTL1"
"../driverlib/MSP432P4xx/adc14.c", line 338: error #20: identifier "ADC14_CTL1_CSTARTADD_MASK" is undefined
"../driverlib/MSP432P4xx/adc14.c", line 344: error #137: struct "<unnamed>" has no field "CTL0"
"../driverlib/MSP432P4xx/adc14.c", line 344: error #137: struct "<unnamed>" has no field "CTL0"
"../driverlib/MSP432P4xx/adc14.c", line 344: error #20: identifier "ADC14_CTL0_CONSEQ_MASK" is undefined
"../driverlib/MSP432P4xx/adc14.c", line 345: error #20: identifier "ADC14_CTL0_CONSEQ_1" is undefined
"../driverlib/MSP432P4xx/adc14.c", line 348: error #137: struct "<unnamed>" has no field "CTL0"
"../driverlib/MSP432P4xx/adc14.c", line 348: error #137: struct "<unnamed>" has no field "CTL0"
"../driverlib/MSP432P4xx/adc14.c", line 348: error #20: identifier "ADC14_CTL0_CONSEQ_MASK" is undefined
"../driverlib/MSP432P4xx/adc14.c", line 349: error #20: identifier "ADC14_CTL0_CONSEQ_3" is undefined
"../driverlib/MSP432P4xx/adc14.c", line 364: error #137: struct "<unnamed>" has no field "CTL1"
"../driverlib/MSP432P4xx/adc14.c", line 364: error #137: struct "<unnamed>" has no field "CTL1"
"../driverlib/MSP432P4xx/adc14.c", line 364: error #20: identifier "ADC14_CTL1_CSTARTADD_MASK" is undefined
"../driverlib/MSP432P4xx/adc14.c", line 370: error #137: struct "<unnamed>" has no field "CTL0"
"../driverlib/MSP432P4xx/adc14.c", line 370: error #137: struct "<unnamed>" has no field "CTL0"
"../driverlib/MSP432P4xx/adc14.c", line 370: error #20: identifier "ADC14_CTL0_CONSEQ_MASK" is undefined
"../driverlib/MSP432P4xx/adc14.c", line 371: error #20: identifier "ADC14_CTL0_CONSEQ_0" is undefined
"../driverlib/MSP432P4xx/adc14.c", line 374: error #137: struct "<unnamed>" has no field "CTL0"
"../driverlib/MSP432P4xx/adc14.c", line 374: error #137: struct "<unnamed>" has no field "CTL0"
"../driverlib/MSP432P4xx/adc14.c", line 374: error #20: identifier "ADC14_CTL0_CONSEQ_MASK" is undefined
"../driverlib/MSP432P4xx/adc14.c", line 375: error #20: identifier "ADC14_CTL0_CONSEQ_2" is undefined
Error limit reached.
100 errors detected in the compilation of "../driverlib/MSP432P4xx/adc14.c".
Compilation terminated.

>> Compilation failure
driverlib/MSP432P4xx/subdir_rules.mk:7: recipe for target 'driverlib/MSP432P4xx/adc14.obj' failed
gmake: *** [driverlib/MSP432P4xx/adc14.obj] Error 1
Building file: ../driverlib/MSP432P4xx/aes256.c
Invoking: MSP432 Compiler
"/Applications/ti/ccsv6/tools/compiler/ti-cgt-arm_5.2.6/bin/armcl" -mv7M4 --code_state=16 --float_support=FPv4SPD16 --abi=eabi -me -O2 --include_path="/Applications/ti/ccsv6/ccs_base/arm/include" --include_path="/Users/marybiggs/Desktop/ECE461/BOOSTXL-EDUMKII_MicrophoneFFT_MSP432P401R" --include_path="/Users/marybiggs/Desktop/ECE461/BOOSTXL-EDUMKII_MicrophoneFFT_MSP432P401R/driverlib/MSP432P4xx" --include_path="/Users/marybiggs/Desktop/ECE461/BOOSTXL-EDUMKII_MicrophoneFFT_MSP432P401R/GrLib/grlib" --include_path="/Users/marybiggs/Desktop/ECE461/BOOSTXL-EDUMKII_MicrophoneFFT_MSP432P401R/GrLib/fonts" --include_path="/Users/marybiggs/Desktop/ECE461/BOOSTXL-EDUMKII_MicrophoneFFT_MSP432P401R/LcdDriver" --include_path="/Users/marybiggs/Desktop/ECE461/BOOSTXL-EDUMKII_MicrophoneFFT_MSP432P401R/CMSIS/Include" --include_path="/Applications/ti/ccsv6/tools/compiler/ti-cgt-arm_5.2.6/include" --advice:power=all -g --gcc --define=__MSP432P401R__ --define=ARM_MATH_CM4 --define=__FPU_PRESENT=1 --define=_LINKAGE --define=_CODE_ACCESS="" --define=_DATA_ACCESS="" --define=TARGET_IS_MSP432P4XX --define=ccs --display_error_number --diag_warning=225 --diag_wrap=off --gen_func_subsections=on --ual --preproc_with_compile --preproc_dependency="driverlib/MSP432P4xx/aes256.pp" --obj_directory="driverlib/MSP432P4xx"  "../driverlib/MSP432P4xx/aes256.c"
"/Applications/ti/ccsv6/ccs_base/arm/include/msp432p401r.h", line 69: warning #1181-D: #warning directive: "MSP432 software will be updated to use CMSIS-Core in March 2016. This update will allow your MSP432 software to be CMSIS compliant, but require modification to your existing MSP432 code. A beta release is available if you want to start converting your code today. Refer to http://www.ti.com/MSP432CMSIS for detailed changes, conversion guide and background information."
"/Users/marybiggs/Desktop/ECE461/BOOSTXL-EDUMKII_MicrophoneFFT_MSP432P401R/CMSIS/Include/core_cm4.h", line 1789: warning #225-D: function "__NOP" declared implicitly
"/Users/marybiggs/Desktop/ECE461/BOOSTXL-EDUMKII_MicrophoneFFT_MSP432P401R/CMSIS/Include/core_cm4.h", line 1871: warning #225-D: function "__NOP" declared implicitly
"../driverlib/MSP432P4xx/aes256.c", line 47: error #137: struct "<unnamed>" has no field "CTL0"
"../driverlib/MSP432P4xx/aes256.c", line 52: error #137: struct "<unnamed>" has no field "CTL0"
"../driverlib/MSP432P4xx/aes256.c", line 52: error #20: identifier "AES256_CTL0_KL__128BIT" is undefined
"../driverlib/MSP432P4xx/aes256.c", line 56: error #137: struct "<unnamed>" has no field "CTL0"
"../driverlib/MSP432P4xx/aes256.c", line 56: error #20: identifier "AES256_CTL0_KL__192BIT" is undefined
"../driverlib/MSP432P4xx/aes256.c", line 60: error #137: struct "<unnamed>" has no field "CTL0"
"../driverlib/MSP432P4xx/aes256.c", line 60: error #20: identifier "AES256_CTL0_KL__256BIT" is undefined
"../driverlib/MSP432P4xx/aes256.c", line 72: error #137: struct "<unnamed>" has no field "KEY"
"../driverlib/MSP432P4xx/aes256.c", line 76: error #137: struct "<unnamed>" has no field "STAT"
"../driverlib/MSP432P4xx/aes256.c", line 76: error #20: identifier "AES256_STAT_KEYWR_OFS" is undefined
"../driverlib/MSP432P4xx/aes256.c", line 68: remark #1543-D: (ULP 12.2) Detected for loop with repetitive data transfer. Recommend using DMA
"../driverlib/MSP432P4xx/aes256.c", line 70: remark #2623-D: (ULP 5.4) Detected an assignment to a type with size less than int. To avoid unnecessary sign extension, use int-sized types for local varaibles and convert to smaller types for static storage.
"../driverlib/MSP432P4xx/aes256.c", line 71: remark #2623-D: (ULP 5.4) Detected an assignment to a type with size less than int. To avoid unnecessary sign extension, use int-sized types for local varaibles and convert to smaller types for static storage.
"../driverlib/MSP432P4xx/aes256.c", line 76: remark #1527-D: (ULP 2.1) Detected SW delay loop using empty loop. Recommend using a timer module instead
"../driverlib/MSP432P4xx/aes256.c", line 90: error #137: struct "<unnamed>" has no field "CTL0"
"../driverlib/MSP432P4xx/aes256.c", line 90: error #20: identifier "AES256_CTL0_OP_MASK" is undefined
"../driverlib/MSP432P4xx/aes256.c", line 97: error #137: struct "<unnamed>" has no field "DIN"
"../driverlib/MSP432P4xx/aes256.c", line 102: error #137: struct "<unnamed>" has no field "STAT"
"../driverlib/MSP432P4xx/aes256.c", line 102: error #20: identifier "AES256_STAT_KEYWR_OFS" is undefined
"../driverlib/MSP432P4xx/aes256.c", line 105: error #137: struct "<unnamed>" has no field "STAT"
"../driverlib/MSP432P4xx/aes256.c", line 105: error #20: identifier "AES256_STAT_BUSY_OFS" is undefined
"../driverlib/MSP432P4xx/aes256.c", line 111: error #137: struct "<unnamed>" has no field "DOUT"
"../driverlib/MSP432P4xx/aes256.c", line 95: remark #2623-D: (ULP 5.4) Detected an assignment to a type with size less than int. To avoid unnecessary sign extension, use int-sized types for local varaibles and convert to smaller types for static storage.
"../driverlib/MSP432P4xx/aes256.c", line 96: remark #2623-D: (ULP 5.4) Detected an assignment to a type with size less than int. To avoid unnecessary sign extension, use int-sized types for local varaibles and convert to smaller types for static storage.
"../driverlib/MSP432P4xx/aes256.c", line 105: remark #1527-D: (ULP 2.1) Detected SW delay loop using empty loop. Recommend using a timer module instead
"../driverlib/MSP432P4xx/aes256.c", line 125: error #137: struct "<unnamed>" has no field "CTL0"
"../driverlib/MSP432P4xx/aes256.c", line 125: error #20: identifier "AES256_CTL0_OP_3" is undefined
"../driverlib/MSP432P4xx/aes256.c", line 132: error #137: struct "<unnamed>" has no field "DIN"
"../driverlib/MSP432P4xx/aes256.c", line 137: error #137: struct "<unnamed>" has no field "STAT"
"../driverlib/MSP432P4xx/aes256.c", line 137: error #20: identifier "AES256_STAT_KEYWR_OFS" is undefined
"../driverlib/MSP432P4xx/aes256.c", line 140: error #137: struct "<unnamed>" has no field "STAT"
"../driverlib/MSP432P4xx/aes256.c", line 140: error #20: identifier "AES256_STAT_BUSY_OFS" is undefined
"../driverlib/MSP432P4xx/aes256.c", line 146: error #137: struct "<unnamed>" has no field "DOUT"
"../driverlib/MSP432P4xx/aes256.c", line 130: remark #2623-D: (ULP 5.4) Detected an assignment to a type with size less than int. To avoid unnecessary sign extension, use int-sized types for local varaibles and convert to smaller types for static storage.
"../driverlib/MSP432P4xx/aes256.c", line 131: remark #2623-D: (ULP 5.4) Detected an assignment to a type with size less than int. To avoid unnecessary sign extension, use int-sized types for local varaibles and convert to smaller types for static storage.
"../driverlib/MSP432P4xx/aes256.c", line 140: remark #1527-D: (ULP 2.1) Detected SW delay loop using empty loop. Recommend using a timer module instead
"../driverlib/MSP432P4xx/aes256.c", line 159: error #137: struct "<unnamed>" has no field "CTL0"
"../driverlib/MSP432P4xx/aes256.c", line 160: error #137: struct "<unnamed>" has no field "CTL0"
"../driverlib/MSP432P4xx/aes256.c", line 160: error #20: identifier "AES256_CTL0_OP_MASK" is undefined
"../driverlib/MSP432P4xx/aes256.c", line 160: error #20: identifier "AES256_CTL0_OP1" is undefined
"../driverlib/MSP432P4xx/aes256.c", line 165: error #137: struct "<unnamed>" has no field "CTL0"
"../driverlib/MSP432P4xx/aes256.c", line 165: error #20: identifier "AES256_CTL0_KL__128BIT" is undefined
"../driverlib/MSP432P4xx/aes256.c", line 169: error #137: struct "<unnamed>" has no field "CTL0"
"../driverlib/MSP432P4xx/aes256.c", line 169: error #20: identifier "AES256_CTL0_KL__192BIT" is undefined
"../driverlib/MSP432P4xx/aes256.c", line 173: error #137: struct "<unnamed>" has no field "CTL0"
"../driverlib/MSP432P4xx/aes256.c", line 173: error #20: identifier "AES256_CTL0_KL__256BIT" is undefined
"../driverlib/MSP432P4xx/aes256.c", line 187: error #137: struct "<unnamed>" has no field "KEY"
"../driverlib/MSP432P4xx/aes256.c", line 191: error #137: struct "<unnamed>" has no field "STAT"
"../driverlib/MSP432P4xx/aes256.c", line 191: error #20: identifier "AES256_STAT_BUSY_OFS" is undefined
"../driverlib/MSP432P4xx/aes256.c", line 185: remark #2623-D: (ULP 5.4) Detected an assignment to a type with size less than int. To avoid unnecessary sign extension, use int-sized types for local varaibles and convert to smaller types for static storage.
"../driverlib/MSP432P4xx/aes256.c", line 186: remark #2623-D: (ULP 5.4) Detected an assignment to a type with size less than int. To avoid unnecessary sign extension, use int-sized types for local varaibles and convert to smaller types for static storage.
"../driverlib/MSP432P4xx/aes256.c", line 183: remark #2623-D: (ULP 5.4) Detected an assignment to a type with size less than int. To avoid unnecessary sign extension, use int-sized types for local varaibles and convert to smaller types for static storage.
"../driverlib/MSP432P4xx/aes256.c", line 191: remark #1527-D: (ULP 2.1) Detected SW delay loop using empty loop. Recommend using a timer module instead
"../driverlib/MSP432P4xx/aes256.c", line 199: error #137: struct "<unnamed>" has no field "CTL0"
"../driverlib/MSP432P4xx/aes256.c", line 199: error #20: identifier "AES256_CTL0_RDYIFG_OFS" is undefined
"../driverlib/MSP432P4xx/aes256.c", line 204: error #137: struct "<unnamed>" has no field "CTL0"
"../driverlib/MSP432P4xx/aes256.c", line 204: error #20: identifier "AES256_CTL0_RDYIFG_OFS" is undefined
"../driverlib/MSP432P4xx/aes256.c", line 209: error #137: struct "<unnamed>" has no field "CTL0"
"../driverlib/MSP432P4xx/aes256.c", line 209: error #20: identifier "AES256_CTL0_RDYIE_OFS" is undefined
"../driverlib/MSP432P4xx/aes256.c", line 214: error #137: struct "<unnamed>" has no field "CTL0"
"../driverlib/MSP432P4xx/aes256.c", line 214: error #20: identifier "AES256_CTL0_RDYIE_OFS" is undefined
"../driverlib/MSP432P4xx/aes256.c", line 219: error #137: struct "<unnamed>" has no field "CTL0"
"../driverlib/MSP432P4xx/aes256.c", line 219: error #20: identifier "AES256_CTL0_SWRST_OFS" is undefined
"../driverlib/MSP432P4xx/aes256.c", line 228: error #137: struct "<unnamed>" has no field "CTL0"
"../driverlib/MSP432P4xx/aes256.c", line 228: error #20: identifier "AES256_CTL0_OP_MASK" is undefined
"../driverlib/MSP432P4xx/aes256.c", line 235: error #137: struct "<unnamed>" has no field "DIN"
"../driverlib/MSP432P4xx/aes256.c", line 240: error #137: struct "<unnamed>" has no field "STAT"
"../driverlib/MSP432P4xx/aes256.c", line 240: error #20: identifier "AES256_STAT_KEYWR_OFS" is undefined
"../driverlib/MSP432P4xx/aes256.c", line 233: remark #2623-D: (ULP 5.4) Detected an assignment to a type with size less than int. To avoid unnecessary sign extension, use int-sized types for local varaibles and convert to smaller types for static storage.
"../driverlib/MSP432P4xx/aes256.c", line 234: remark #2623-D: (ULP 5.4) Detected an assignment to a type with size less than int. To avoid unnecessary sign extension, use int-sized types for local varaibles and convert to smaller types for static storage.
"../driverlib/MSP432P4xx/aes256.c", line 231: remark #2623-D: (ULP 5.4) Detected an assignment to a type with size less than int. To avoid unnecessary sign extension, use int-sized types for local varaibles and convert to smaller types for static storage.
"../driverlib/MSP432P4xx/aes256.c", line 249: error #137: struct "<unnamed>" has no field "CTL0"
"../driverlib/MSP432P4xx/aes256.c", line 249: error #20: identifier "AES256_CTL0_OP_3" is undefined
"../driverlib/MSP432P4xx/aes256.c", line 256: error #137: struct "<unnamed>" has no field "DIN"
"../driverlib/MSP432P4xx/aes256.c", line 261: error #137: struct "<unnamed>" has no field "STAT"
"../driverlib/MSP432P4xx/aes256.c", line 261: error #20: identifier "AES256_STAT_KEYWR_OFS" is undefined
"../driverlib/MSP432P4xx/aes256.c", line 254: remark #2623-D: (ULP 5.4) Detected an assignment to a type with size less than int. To avoid unnecessary sign extension, use int-sized types for local varaibles and convert to smaller types for static storage.
"../driverlib/MSP432P4xx/aes256.c", line 255: remark #2623-D: (ULP 5.4) Detected an assignment to a type with size less than int. To avoid unnecessary sign extension, use int-sized types for local varaibles and convert to smaller types for static storage.
"../driverlib/MSP432P4xx/aes256.c", line 270: error #137: struct "<unnamed>" has no field "CTL0"
"../driverlib/MSP432P4xx/aes256.c", line 271: error #137: struct "<unnamed>" has no field "CTL0"
"../driverlib/MSP432P4xx/aes256.c", line 271: error #20: identifier "AES256_CTL0_OP_MASK" is undefined
"../driverlib/MSP432P4xx/aes256.c", line 271: error #20: identifier "AES256_CTL0_OP1" is undefined
"../driverlib/MSP432P4xx/aes256.c", line 276: error #137: struct "<unnamed>" has no field "CTL0"
"../driverlib/MSP432P4xx/aes256.c", line 276: error #20: identifier "AES256_CTL0_KL__128BIT" is undefined
"../driverlib/MSP432P4xx/aes256.c", line 280: error #137: struct "<unnamed>" has no field "CTL0"
"../driverlib/MSP432P4xx/aes256.c", line 280: error #20: identifier "AES256_CTL0_KL__192BIT" is undefined
"../driverlib/MSP432P4xx/aes256.c", line 284: error #137: struct "<unnamed>" has no field "CTL0"
"../driverlib/MSP432P4xx/aes256.c", line 284: error #20: identifier "AES256_CTL0_KL__256BIT" is undefined
"../driverlib/MSP432P4xx/aes256.c", line 298: error #137: struct "<unnamed>" has no field "KEY"
"../driverlib/MSP432P4xx/aes256.c", line 294: remark #1543-D: (ULP 12.2) Detected for loop with repetitive data transfer. Recommend using DMA
"../driverlib/MSP432P4xx/aes256.c", line 296: remark #2623-D: (ULP 5.4) Detected an assignment to a type with size less than int. To avoid unnecessary sign extension, use int-sized types for local varaibles and convert to smaller types for static storage.
"../driverlib/MSP432P4xx/aes256.c", line 297: remark #2623-D: (ULP 5.4) Detected an assignment to a type with size less than int. To avoid unnecessary sign extension, use int-sized types for local varaibles and convert to smaller types for static storage.
"../driverlib/MSP432P4xx/aes256.c", line 310: error #137: struct "<unnamed>" has no field "STAT"
"../driverlib/MSP432P4xx/aes256.c", line 310: error #20: identifier "AES256_STAT_BUSY_OFS" is undefined
"../driverlib/MSP432P4xx/aes256.c", line 316: error #137: struct "<unnamed>" has no field "DOUT"
"../driverlib/MSP432P4xx/aes256.c", line 314: remark #2623-D: (ULP 5.4) Detected an assignment to a type with size less than int. To avoid unnecessary sign extension, use int-sized types for local varaibles and convert to smaller types for static storage.
"../driverlib/MSP432P4xx/aes256.c", line 326: error #137: struct "<unnamed>" has no field "STAT"
"../driverlib/MSP432P4xx/aes256.c", line 326: error #20: identifier "AES256_STAT_BUSY_OFS" is undefined
"../driverlib/MSP432P4xx/aes256.c", line 331: error #137: struct "<unnamed>" has no field "CTL0"
"../driverlib/MSP432P4xx/aes256.c", line 331: error #20: identifier "AES256_CTL0_ERRFG_OFS" is undefined
"../driverlib/MSP432P4xx/aes256.c", line 336: error #137: struct "<unnamed>" has no field "CTL0"
"../driverlib/MSP432P4xx/aes256.c", line 336: error #20: identifier "AES256_CTL0_ERRFG_OFS" is undefined
79 errors detected in the compilation of "../driverlib/MSP432P4xx/aes256.c".

>> Compilation failure
driverlib/MSP432P4xx/subdir_rules.mk:14: recipe for target 'driverlib/MSP432P4xx/aes256.obj' failed
gmake: *** [driverlib/MSP432P4xx/aes256.obj] Error 1
Building file: ../driverlib/MSP432P4xx/comp_e.c
Invoking: MSP432 Compiler
"/Applications/ti/ccsv6/tools/compiler/ti-cgt-arm_5.2.6/bin/armcl" -mv7M4 --code_state=16 --float_support=FPv4SPD16 --abi=eabi -me -O2 --include_path="/Applications/ti/ccsv6/ccs_base/arm/include" --include_path="/Users/marybiggs/Desktop/ECE461/BOOSTXL-EDUMKII_MicrophoneFFT_MSP432P401R" --include_path="/Users/marybiggs/Desktop/ECE461/BOOSTXL-EDUMKII_MicrophoneFFT_MSP432P401R/driverlib/MSP432P4xx" --include_path="/Users/marybiggs/Desktop/ECE461/BOOSTXL-EDUMKII_MicrophoneFFT_MSP432P401R/GrLib/grlib" --include_path="/Users/marybiggs/Desktop/ECE461/BOOSTXL-EDUMKII_MicrophoneFFT_MSP432P401R/GrLib/fonts" --include_path="/Users/marybiggs/Desktop/ECE461/BOOSTXL-EDUMKII_MicrophoneFFT_MSP432P401R/LcdDriver" --include_path="/Users/marybiggs/Desktop/ECE461/BOOSTXL-EDUMKII_MicrophoneFFT_MSP432P401R/CMSIS/Include" --include_path="/Applications/ti/ccsv6/tools/compiler/ti-cgt-arm_5.2.6/include" --advice:power=all -g --gcc --define=__MSP432P401R__ --define=ARM_MATH_CM4 --define=__FPU_PRESENT=1 --define=_LINKAGE --define=_CODE_ACCESS="" --define=_DATA_ACCESS="" --define=TARGET_IS_MSP432P4XX --define=ccs --display_error_number --diag_warning=225 --diag_wrap=off --gen_func_subsections=on --ual --preproc_with_compile --preproc_dependency="driverlib/MSP432P4xx/comp_e.pp" --obj_directory="driverlib/MSP432P4xx"  "../driverlib/MSP432P4xx/comp_e.c"
"/Applications/ti/ccsv6/ccs_base/arm/include/msp432p401r.h", line 69: warning #1181-D: #warning directive: "MSP432 software will be updated to use CMSIS-Core in March 2016. This update will allow your MSP432 software to be CMSIS compliant, but require modification to your existing MSP432 code. A beta release is available if you want to start converting your code today. Refer to http://www.ti.com/MSP432CMSIS for detailed changes, conversion guide and background information."
"/Users/marybiggs/Desktop/ECE461/BOOSTXL-EDUMKII_MicrophoneFFT_MSP432P401R/CMSIS/Include/core_cm4.h", line 1789: warning #225-D: function "__NOP" declared implicitly
"/Users/marybiggs/Desktop/ECE461/BOOSTXL-EDUMKII_MicrophoneFFT_MSP432P401R/CMSIS/Include/core_cm4.h", line 1871: warning #225-D: function "__NOP" declared implicitly
"../driverlib/MSP432P4xx/comp_e.c", line 46: error #20: identifier "COMP_E_CTL0_IPSEL_0" is undefined
"../driverlib/MSP432P4xx/comp_e.c", line 48: error #20: identifier "COMP_E_CTL0_IPSEL_1" is undefined
"../driverlib/MSP432P4xx/comp_e.c", line 50: error #20: identifier "COMP_E_CTL0_IPSEL_2" is undefined
"../driverlib/MSP432P4xx/comp_e.c", line 52: error #20: identifier "COMP_E_CTL0_IPSEL_3" is undefined
"../driverlib/MSP432P4xx/comp_e.c", line 54: error #20: identifier "COMP_E_CTL0_IPSEL_4" is undefined
"../driverlib/MSP432P4xx/comp_e.c", line 56: error #20: identifier "COMP_E_CTL0_IPSEL_5" is undefined
"../driverlib/MSP432P4xx/comp_e.c", line 58: error #20: identifier "COMP_E_CTL0_IPSEL_6" is undefined
"../driverlib/MSP432P4xx/comp_e.c", line 60: error #20: identifier "COMP_E_CTL0_IPSEL_7" is undefined
"../driverlib/MSP432P4xx/comp_e.c", line 62: error #20: identifier "COMP_E_CTL0_IPSEL_8" is undefined
"../driverlib/MSP432P4xx/comp_e.c", line 64: error #20: identifier "COMP_E_CTL0_IPSEL_9" is undefined
"../driverlib/MSP432P4xx/comp_e.c", line 66: error #20: identifier "COMP_E_CTL0_IPSEL_10" is undefined
"../driverlib/MSP432P4xx/comp_e.c", line 68: error #20: identifier "COMP_E_CTL0_IPSEL_11" is undefined
"../driverlib/MSP432P4xx/comp_e.c", line 70: error #20: identifier "COMP_E_CTL0_IPSEL_12" is undefined
"../driverlib/MSP432P4xx/comp_e.c", line 72: error #20: identifier "COMP_E_CTL0_IPSEL_13" is undefined
"../driverlib/MSP432P4xx/comp_e.c", line 74: error #20: identifier "COMP_E_CTL0_IPSEL_14" is undefined
"../driverlib/MSP432P4xx/comp_e.c", line 76: error #20: identifier "COMP_E_CTL0_IPSEL_15" is undefined
"../driverlib/MSP432P4xx/comp_e.c", line 101: error #20: identifier "COMP_E_Type" is undefined
"../driverlib/MSP432P4xx/comp_e.c", line 101: error #29: expected an expression
"../driverlib/MSP432P4xx/comp_e.c", line 101: error #18: expected a ")"
"../driverlib/MSP432P4xx/comp_e.c", line 102: error #29: expected an expression
"../driverlib/MSP432P4xx/comp_e.c", line 102: error #18: expected a ")"
"../driverlib/MSP432P4xx/comp_e.c", line 108: error #29: expected an expression
"../driverlib/MSP432P4xx/comp_e.c", line 108: error #18: expected a ")"
"../driverlib/MSP432P4xx/comp_e.c", line 108: error #20: identifier "COMP_E_CTL0_IPEN" is undefined
"../driverlib/MSP432P4xx/comp_e.c", line 112: error #29: expected an expression
"../driverlib/MSP432P4xx/comp_e.c", line 112: error #18: expected a ")"
"../driverlib/MSP432P4xx/comp_e.c", line 116: error #29: expected an expression
"../driverlib/MSP432P4xx/comp_e.c", line 116: error #18: expected a ")"
"../driverlib/MSP432P4xx/comp_e.c", line 116: error #20: identifier "COMP_E_CTL2_RSEL_OFS" is undefined
"../driverlib/MSP432P4xx/comp_e.c", line 123: error #29: expected an expression
"../driverlib/MSP432P4xx/comp_e.c", line 123: error #18: expected a ")"
"../driverlib/MSP432P4xx/comp_e.c", line 123: error #20: identifier "COMP_E_CTL0_IMEN" is undefined
"../driverlib/MSP432P4xx/comp_e.c", line 127: error #29: expected an expression
"../driverlib/MSP432P4xx/comp_e.c", line 127: error #18: expected a ")"
"../driverlib/MSP432P4xx/comp_e.c", line 131: error #29: expected an expression
"../driverlib/MSP432P4xx/comp_e.c", line 131: error #18: expected a ")"
"../driverlib/MSP432P4xx/comp_e.c", line 131: error #20: identifier "COMP_E_CTL2_RSEL_OFS" is undefined
"../driverlib/MSP432P4xx/comp_e.c", line 135: error #29: expected an expression
"../driverlib/MSP432P4xx/comp_e.c", line 135: error #18: expected a ")"
"../driverlib/MSP432P4xx/comp_e.c", line 153: error #20: identifier "COMP_E_Type" is undefined
"../driverlib/MSP432P4xx/comp_e.c", line 153: error #29: expected an expression
"../driverlib/MSP432P4xx/comp_e.c", line 153: error #18: expected a ")"
"../driverlib/MSP432P4xx/comp_e.c", line 153: error #20: identifier "COMP_E_CTL1_MRVS_OFS" is undefined
"../driverlib/MSP432P4xx/comp_e.c", line 154: error #29: expected an expression
"../driverlib/MSP432P4xx/comp_e.c", line 154: error #18: expected a ")"
"../driverlib/MSP432P4xx/comp_e.c", line 154: error #20: identifier "COMP_E_CTL2_RSEL" is undefined
"../driverlib/MSP432P4xx/comp_e.c", line 157: error #20: identifier "COMP_E_CTL2_CEREFL_0" is undefined
"../driverlib/MSP432P4xx/comp_e.c", line 159: error #29: expected an expression
"../driverlib/MSP432P4xx/comp_e.c", line 159: error #18: expected a ")"
"../driverlib/MSP432P4xx/comp_e.c", line 159: error #20: identifier "COMP_E_CTL2_RS_1" is undefined
"../driverlib/MSP432P4xx/comp_e.c", line 162: error #29: expected an expression
"../driverlib/MSP432P4xx/comp_e.c", line 162: error #18: expected a ")"
"../driverlib/MSP432P4xx/comp_e.c", line 162: error #20: identifier "COMP_E_CTL2_RS_3" is undefined

>> Compilation failure
"../driverlib/MSP432P4xx/comp_e.c", line 165: error #29: expected an expression
driverlib/MSP432P4xx/subdir_rules.mk:21: recipe for target 'driverlib/MSP432P4xx/comp_e.obj' failed
"../driverlib/MSP432P4xx/comp_e.c", line 165: error #18: expected a ")"
"../driverlib/MSP432P4xx/comp_e.c", line 165: error #20: identifier "COMP_E_CTL2_RS_2" is undefined
"../driverlib/MSP432P4xx/comp_e.c", line 169: error #29: expected an expression
"../driverlib/MSP432P4xx/comp_e.c", line 169: error #18: expected a ")"
"../driverlib/MSP432P4xx/comp_e.c", line 182: error #20: identifier "COMP_E_Type" is undefined
"../driverlib/MSP432P4xx/comp_e.c", line 182: error #29: expected an expression
"../driverlib/MSP432P4xx/comp_e.c", line 182: error #18: expected a ")"
"../driverlib/MSP432P4xx/comp_e.c", line 182: error #20: identifier "COMP_E_CTL2_REFACC_OFS" is undefined
"../driverlib/MSP432P4xx/comp_e.c", line 184: error #29: expected an expression
"../driverlib/MSP432P4xx/comp_e.c", line 184: error #18: expected a ")"
"../driverlib/MSP432P4xx/comp_e.c", line 190: error #20: identifier "COMP_E_Type" is undefined
"../driverlib/MSP432P4xx/comp_e.c", line 190: error #29: expected an expression
"../driverlib/MSP432P4xx/comp_e.c", line 190: error #18: expected a ")"
"../driverlib/MSP432P4xx/comp_e.c", line 190: error #29: expected an expression
Building file: ../driverlib/MSP432P4xx/crc32.c
"../driverlib/MSP432P4xx/comp_e.c", line 190: error #18: expected a ")"
"../driverlib/MSP432P4xx/comp_e.c", line 191: error #20: identifier "COMP_E_CTL1_PWRMD_MASK" is undefined
"../driverlib/MSP432P4xx/comp_e.c", line 196: error #20: identifier "COMP_E_Type" is undefined
"../driverlib/MSP432P4xx/comp_e.c", line 196: error #29: expected an expression
"../driverlib/MSP432P4xx/comp_e.c", line 196: error #18: expected a ")"
"../driverlib/MSP432P4xx/comp_e.c", line 196: error #20: identifier "COMP_E_CTL1_ON_OFS" is undefined
"../driverlib/MSP432P4xx/comp_e.c", line 201: error #20: identifier "COMP_E_Type" is undefined
"../driverlib/MSP432P4xx/comp_e.c", line 201: error #29: expected an expression
"../driverlib/MSP432P4xx/comp_e.c", line 201: error #18: expected a ")"
"../driverlib/MSP432P4xx/comp_e.c", line 201: error #20: identifier "COMP_E_CTL1_ON_OFS" is undefined
"../driverlib/MSP432P4xx/comp_e.c", line 206: error #20: identifier "COMP_E_Type" is undefined
Invoking: MSP432 Compiler
"/Applications/ti/ccsv6/tools/compiler/ti-cgt-arm_5.2.6/bin/armcl" -mv7M4 --code_state=16 --float_support=FPv4SPD16 --abi=eabi -me -O2 --include_path="/Applications/ti/ccsv6/ccs_base/arm/include" --include_path="/Users/marybiggs/Desktop/ECE461/BOOSTXL-EDUMKII_MicrophoneFFT_MSP432P401R" --include_path="/Users/marybiggs/Desktop/ECE461/BOOSTXL-EDUMKII_MicrophoneFFT_MSP432P401R/driverlib/MSP432P4xx" --include_path="/Users/marybiggs/Desktop/ECE461/BOOSTXL-EDUMKII_MicrophoneFFT_MSP432P401R/GrLib/grlib" --include_path="/Users/marybiggs/Desktop/ECE461/BOOSTXL-EDUMKII_MicrophoneFFT_MSP432P401R/GrLib/fonts" --include_path="/Users/marybiggs/Desktop/ECE461/BOOSTXL-EDUMKII_MicrophoneFFT_MSP432P401R/LcdDriver" --include_path="/Users/marybiggs/Desktop/ECE461/BOOSTXL-EDUMKII_MicrophoneFFT_MSP432P401R/CMSIS/Include" --include_path="/Applications/ti/ccsv6/tools/compiler/ti-cgt-arm_5.2.6/include" --advice:power=all -g --gcc --define=__MSP432P401R__ --define=ARM_MATH_CM4 --define=__FPU_PRESENT=1 --define=_LINKAGE --define=_CODE_ACCESS="" --define=_DATA_ACCESS="" --define=TARGET_IS_MSP432P4XX --define=ccs --display_error_number --diag_warning=225 --diag_wrap=off --gen_func_subsections=on --ual --preproc_with_compile --preproc_dependency="driverlib/MSP432P4xx/crc32.pp" --obj_directory="driverlib/MSP432P4xx"  "../driverlib/MSP432P4xx/crc32.c"
"../driverlib/MSP432P4xx/comp_e.c", line 206: error #29: expected an expression
"../driverlib/MSP432P4xx/comp_e.c", line 206: error #18: expected a ")"
"../driverlib/MSP432P4xx/comp_e.c", line 206: error #20: identifier "COMP_E_CTL1_SHORT_OFS" is undefined
"../driverlib/MSP432P4xx/comp_e.c", line 211: error #20: identifier "COMP_E_Type" is undefined
"../driverlib/MSP432P4xx/comp_e.c", line 211: error #29: expected an expression
"../driverlib/MSP432P4xx/comp_e.c", line 211: error #18: expected a ")"
"../driverlib/MSP432P4xx/comp_e.c", line 211: error #20: identifier "COMP_E_CTL1_SHORT_OFS" is undefined
"../driverlib/MSP432P4xx/comp_e.c", line 218: error #20: identifier "COMP_E_Type" is undefined
"../driverlib/MSP432P4xx/comp_e.c", line 218: error #29: expected an expression
"../driverlib/MSP432P4xx/comp_e.c", line 218: error #18: expected a ")"
"../driverlib/MSP432P4xx/comp_e.c", line 225: error #20: identifier "COMP_E_Type" is undefined
"../driverlib/MSP432P4xx/comp_e.c", line 225: error #29: expected an expression
"../driverlib/MSP432P4xx/comp_e.c", line 225: error #18: expected a ")"
"../driverlib/MSP432P4xx/comp_e.c", line 230: error #20: identifier "COMP_E_Type" is undefined
"../driverlib/MSP432P4xx/comp_e.c", line 230: error #29: expected an expression
"../driverlib/MSP432P4xx/comp_e.c", line 230: error #18: expected a ")"
"../driverlib/MSP432P4xx/comp_e.c", line 230: error #20: identifier "COMP_E_CTL1_EX" is undefined
"../driverlib/MSP432P4xx/comp_e.c", line 235: error #20: identifier "COMP_E_Type" is undefined
"../driverlib/MSP432P4xx/comp_e.c", line 235: error #29: expected an expression
"../driverlib/MSP432P4xx/comp_e.c", line 235: error #18: expected a ")"
"../driverlib/MSP432P4xx/comp_e.c", line 235: error #20: identifier "COMP_E_CTL1_OUT" is undefined
Error limit reached.
100 errors detected in the compilation of "../driverlib/MSP432P4xx/comp_e.c".
Compilation terminated.
gmake: *** [driverlib/MSP432P4xx/comp_e.obj] Error 1
"/Applications/ti/ccsv6/ccs_base/arm/include/msp432p401r.h", line 69: warning #1181-D: #warning directive: "MSP432 software will be updated to use CMSIS-Core in March 2016. This update will allow your MSP432 software to be CMSIS compliant, but require modification to your existing MSP432 code. A beta release is available if you want to start converting your code today. Refer to http://www.ti.com/MSP432CMSIS for detailed changes, conversion guide and background information."
"/Users/marybiggs/Desktop/ECE461/BOOSTXL-EDUMKII_MicrophoneFFT_MSP432P401R/CMSIS/Include/core_cm4.h", line 1789: warning #225-D: function "__NOP" declared implicitly
"/Users/marybiggs/Desktop/ECE461/BOOSTXL-EDUMKII_MicrophoneFFT_MSP432P401R/CMSIS/Include/core_cm4.h", line 1871: warning #225-D: function "__NOP" declared implicitly
"../driverlib/MSP432P4xx/crc32.c", line 47: error #137: struct "<unnamed>" has no field "INIRES16"
"../driverlib/MSP432P4xx/crc32.c", line 50: error #137: struct "<unnamed>" has no field "INIRES32_HI"
"../driverlib/MSP432P4xx/crc32.c", line 51: error #137: struct "<unnamed>" has no field "INIRES32_LO"
"../driverlib/MSP432P4xx/crc32.c", line 60: error #137: struct "<unnamed>" has no field "DI16"
"../driverlib/MSP432P4xx/crc32.c", line 62: error #137: struct "<unnamed>" has no field "DI32"
"../driverlib/MSP432P4xx/crc32.c", line 70: error #137: struct "<unnamed>" has no field "DI16"
"../driverlib/MSP432P4xx/crc32.c", line 72: error #137: struct "<unnamed>" has no field "DI32"
"../driverlib/MSP432P4xx/crc32.c", line 80: error #137: struct "<unnamed>" has no field "DI32"
"../driverlib/MSP432P4xx/crc32.c", line 81: error #137: struct "<unnamed>" has no field "DI32"
"../driverlib/MSP432P4xx/crc32.c", line 90: error #137: struct "<unnamed>" has no field "DIRB16"
"../driverlib/MSP432P4xx/crc32.c", line 92: error #137: struct "<unnamed>" has no field "DIRB32"
"../driverlib/MSP432P4xx/crc32.c", line 100: error #137: struct "<unnamed>" has no field "DIRB16"
"../driverlib/MSP432P4xx/crc32.c", line 102: error #137: struct "<unnamed>" has no field "DIRB32"
"../driverlib/MSP432P4xx/crc32.c", line 110: error #137: struct "<unnamed>" has no field "DIRB32"
"../driverlib/MSP432P4xx/crc32.c", line 111: error #137: struct "<unnamed>" has no field "DIRB32"
"../driverlib/MSP432P4xx/crc32.c", line 122: error #137: struct "<unnamed>" has no field "INIRES16"
"../driverlib/MSP432P4xx/crc32.c", line 125: error #137: struct "<unnamed>" has no field "INIRES32_HI"
"../driverlib/MSP432P4xx/crc32.c", line 127: error #137: struct "<unnamed>" has no field "INIRES32_LO"
"../driverlib/MSP432P4xx/crc32.c", line 138: error #137: struct "<unnamed>" has no field "RESR16"
"../driverlib/MSP432P4xx/crc32.c", line 141: error #137: struct "<unnamed>" has no field "RESR32_HI"
"../driverlib/MSP432P4xx/crc32.c", line 143: error #137: struct "<unnamed>" has no field "RESR32_LO"
21 errors detected in the compilation of "../driverlib/MSP432P4xx/crc32.c".

>> Compilation failure
driverlib/MSP432P4xx/subdir_rules.mk:35: recipe for target 'driverlib/MSP432P4xx/crc32.obj' failed
gmake: *** [driverlib/MSP432P4xx/crc32.obj] Error 1
Building file: ../driverlib/MSP432P4xx/cs.c
Invoking: MSP432 Compiler
"/Applications/ti/ccsv6/tools/compiler/ti-cgt-arm_5.2.6/bin/armcl" -mv7M4 --code_state=16 --float_support=FPv4SPD16 --abi=eabi -me -O2 --include_path="/Applications/ti/ccsv6/ccs_base/arm/include" --include_path="/Users/marybiggs/Desktop/ECE461/BOOSTXL-EDUMKII_MicrophoneFFT_MSP432P401R" --include_path="/Users/marybiggs/Desktop/ECE461/BOOSTXL-EDUMKII_MicrophoneFFT_MSP432P401R/driverlib/MSP432P4xx" --include_path="/Users/marybiggs/Desktop/ECE461/BOOSTXL-EDUMKII_MicrophoneFFT_MSP432P401R/GrLib/grlib" --include_path="/Users/marybiggs/Desktop/ECE461/BOOSTXL-EDUMKII_MicrophoneFFT_MSP432P401R/GrLib/fonts" --include_path="/Users/marybiggs/Desktop/ECE461/BOOSTXL-EDUMKII_MicrophoneFFT_MSP432P401R/LcdDriver" --include_path="/Users/marybiggs/Desktop/ECE461/BOOSTXL-EDUMKII_MicrophoneFFT_MSP432P401R/CMSIS/Include" --include_path="/Applications/ti/ccsv6/tools/compiler/ti-cgt-arm_5.2.6/include" --advice:power=all -g --gcc --define=__MSP432P401R__ --define=ARM_MATH_CM4 --define=__FPU_PRESENT=1 --define=_LINKAGE --define=_CODE_ACCESS="" --define=_DATA_ACCESS="" --define=TARGET_IS_MSP432P4XX --define=ccs --display_error_number --diag_warning=225 --diag_wrap=off --gen_func_subsections=on --ual --preproc_with_compile --preproc_dependency="driverlib/MSP432P4xx/cs.pp" --obj_directory="driverlib/MSP432P4xx"  "../driverlib/MSP432P4xx/cs.c"
"/Applications/ti/ccsv6/ccs_base/arm/include/msp432p401r.h", line 69: warning #1181-D: #warning directive: "MSP432 software will be updated to use CMSIS-Core in March 2016. This update will allow your MSP432 software to be CMSIS compliant, but require modification to your existing MSP432 code. A beta release is available if you want to start converting your code today. Refer to http://www.ti.com/MSP432CMSIS for detailed changes, conversion guide and background information."
"/Users/marybiggs/Desktop/ECE461/BOOSTXL-EDUMKII_MicrophoneFFT_MSP432P401R/CMSIS/Include/core_cm4.h", line 1789: warning #225-D: function "__NOP" declared implicitly
"/Users/marybiggs/Desktop/ECE461/BOOSTXL-EDUMKII_MicrophoneFFT_MSP432P401R/CMSIS/Include/core_cm4.h", line 1871: warning #225-D: function "__NOP" declared implicitly
"../driverlib/MSP432P4xx/cs.c", line 65: error #20: identifier "CS_CTL2_HFXTFREQ_0" is undefined
"../driverlib/MSP432P4xx/cs.c", line 67: error #20: identifier "CS_CTL2_HFXTFREQ_1" is undefined
"../driverlib/MSP432P4xx/cs.c", line 69: error #20: identifier "CS_CTL2_HFXTFREQ_2" is undefined
"../driverlib/MSP432P4xx/cs.c", line 71: error #20: identifier "CS_CTL2_HFXTFREQ_3" is undefined
"../driverlib/MSP432P4xx/cs.c", line 73: error #20: identifier "CS_CTL2_HFXTFREQ_4" is undefined
"../driverlib/MSP432P4xx/cs.c", line 75: error #20: identifier "CS_CTL2_HFXTFREQ_5" is undefined
"../driverlib/MSP432P4xx/cs.c", line 90: error #20: identifier "CS_CTL1_DIVS_0" is undefined
"../driverlib/MSP432P4xx/cs.c", line 92: error #20: identifier "CS_CTL1_DIVS_1" is undefined
"../driverlib/MSP432P4xx/cs.c", line 94: error #20: identifier "CS_CTL1_DIVS_2" is undefined
"../driverlib/MSP432P4xx/cs.c", line 96: error #20: identifier "CS_CTL1_DIVS_3" is undefined
"../driverlib/MSP432P4xx/cs.c", line 98: error #20: identifier "CS_CTL1_DIVS_4" is undefined
"../driverlib/MSP432P4xx/cs.c", line 100: error #20: identifier "CS_CTL1_DIVS_5" is undefined
"../driverlib/MSP432P4xx/cs.c", line 102: error #20: identifier "CS_CTL1_DIVS_6" is undefined
"../driverlib/MSP432P4xx/cs.c", line 104: error #20: identifier "CS_CTL1_DIVS_7" is undefined
"../driverlib/MSP432P4xx/cs.c", line 120: error #20: identifier "CS_CTL1_SELM_0" is undefined
"../driverlib/MSP432P4xx/cs.c", line 122: error #137: struct "<unnamed>" has no field "IFG"
"../driverlib/MSP432P4xx/cs.c", line 122: error #20: identifier "CS_IFG_LFXTIFG_OFS" is undefined
"../driverlib/MSP432P4xx/cs.c", line 124: error #20: identifier "CS_IE_LFXTIE" is undefined
"../driverlib/MSP432P4xx/cs.c", line 126: error #137: struct "<unnamed>" has no field "IFG"
"../driverlib/MSP432P4xx/cs.c", line 128: error #137: struct "<unnamed>" has no field "CLKEN"
"../driverlib/MSP432P4xx/cs.c", line 128: error #20: identifier "CS_CLKEN_REFOFSEL_OFS" is undefined
"../driverlib/MSP432P4xx/cs.c", line 136: error #20: identifier "CS_CTL1_SELM_5" is undefined
"../driverlib/MSP432P4xx/cs.c", line 138: error #137: struct "<unnamed>" has no field "IFG"
"../driverlib/MSP432P4xx/cs.c", line 138: error #20: identifier "CS_IFG_HFXTIFG_OFS" is undefined
"../driverlib/MSP432P4xx/cs.c", line 140: error #20: identifier "CS_IE_HFXTIE" is undefined
"../driverlib/MSP432P4xx/cs.c", line 142: error #137: struct "<unnamed>" has no field "IFG"
"../driverlib/MSP432P4xx/cs.c", line 144: error #137: struct "<unnamed>" has no field "CLKEN"
"../driverlib/MSP432P4xx/cs.c", line 144: error #20: identifier "CS_CLKEN_REFOFSEL_OFS" is undefined
"../driverlib/MSP432P4xx/cs.c", line 152: error #20: identifier "CS_CTL1_SELM_1" is undefined
"../driverlib/MSP432P4xx/cs.c", line 154: error #20: identifier "CS_CTL1_SELM_2" is undefined
"../driverlib/MSP432P4xx/cs.c", line 156: error #137: struct "<unnamed>" has no field "CLKEN"
"../driverlib/MSP432P4xx/cs.c", line 156: error #20: identifier "CS_CLKEN_REFOFSEL_OFS" is undefined
"../driverlib/MSP432P4xx/cs.c", line 161: error #20: identifier "CS_CTL1_SELM_3" is undefined
"../driverlib/MSP432P4xx/cs.c", line 163: error #20: identifier "CS_CTL1_SELM_4" is undefined
"../driverlib/MSP432P4xx/cs.c", line 178: error #137: struct "<unnamed>" has no field "CTL0"
"../driverlib/MSP432P4xx/cs.c", line 178: error #20: identifier "CS_CTL0_DCORSEL_MASK" is undefined
"../driverlib/MSP432P4xx/cs.c", line 180: error #20: identifier "CS_CTL0_DCORSEL_0" is undefined
"../driverlib/MSP432P4xx/cs.c", line 183: error #20: identifier "CS_CTL0_DCORSEL_1" is undefined
"../driverlib/MSP432P4xx/cs.c", line 186: error #20: identifier "CS_CTL0_DCORSEL_2" is undefined
"../driverlib/MSP432P4xx/cs.c", line 189: error #20: identifier "CS_CTL0_DCORSEL_3" is undefined
"../driverlib/MSP432P4xx/cs.c", line 192: error #20: identifier "CS_CTL0_DCORSEL_4" is undefined
"../driverlib/MSP432P4xx/cs.c", line 195: error #20: identifier "CS_CTL0_DCORSEL_5" is undefined
"../driverlib/MSP432P4xx/cs.c", line 218: error #137: struct "<unnamed>" has no field "KEY"
"../driverlib/MSP432P4xx/cs.c", line 222: error #20: identifier "CS_CLKEN_ACLK_EN" is undefined
"../driverlib/MSP432P4xx/cs.c", line 234: error #137: struct "<unnamed>" has no field "STAT"
"../driverlib/MSP432P4xx/cs.c", line 234: error #20: identifier "CS_STAT_ACLK_READY_OFS" is undefined
"../driverlib/MSP432P4xx/cs.c", line 238: error #137: struct "<unnamed>" has no field "CTL1"
"../driverlib/MSP432P4xx/cs.c", line 240: error #137: struct "<unnamed>" has no field "CTL1"
"../driverlib/MSP432P4xx/cs.c", line 240: error #20: identifier "CS_CTL1_SELA_MASK" is undefined
"../driverlib/MSP432P4xx/cs.c", line 240: error #20: identifier "CS_CTL1_DIVA_MASK" is undefined
"../driverlib/MSP432P4xx/cs.c", line 243: error #137: struct "<unnamed>" has no field "STAT"
"../driverlib/MSP432P4xx/cs.c", line 248: error #20: identifier "CS_CLKEN_MCLK_EN" is undefined
"../driverlib/MSP432P4xx/cs.c", line 253: error #137: struct "<unnamed>" has no field "STAT"
"../driverlib/MSP432P4xx/cs.c", line 253: error #20: identifier "CS_STAT_MCLK_READY_OFS" is undefined
"../driverlib/MSP432P4xx/cs.c", line 256: error #137: struct "<unnamed>" has no field "CTL1"
"../driverlib/MSP432P4xx/cs.c", line 258: error #137: struct "<unnamed>" has no field "CTL1"
"../driverlib/MSP432P4xx/cs.c", line 258: error #20: identifier "CS_CTL1_SELM_MASK" is undefined
"../driverlib/MSP432P4xx/cs.c", line 258: error #20: identifier "CS_CTL1_DIVM_MASK" is undefined
"../driverlib/MSP432P4xx/cs.c", line 261: error #137: struct "<unnamed>" has no field "STAT"
"../driverlib/MSP432P4xx/cs.c", line 266: error #20: identifier "CS_CLKEN_SMCLK_EN" is undefined
"../driverlib/MSP432P4xx/cs.c", line 270: error #137: struct "<unnamed>" has no field "STAT"
"../driverlib/MSP432P4xx/cs.c", line 270: error #20: identifier "CS_STAT_SMCLK_READY_OFS" is undefined
"../driverlib/MSP432P4xx/cs.c", line 273: error #137: struct "<unnamed>" has no field "CTL1"
"../driverlib/MSP432P4xx/cs.c", line 275: error #137: struct "<unnamed>" has no field "CTL1"
"../driverlib/MSP432P4xx/cs.c", line 275: error #20: identifier "CS_CTL1_DIVS_MASK" is undefined
"../driverlib/MSP432P4xx/cs.c", line 275: error #20: identifier "CS_CTL1_SELS_MASK" is undefined
"../driverlib/MSP432P4xx/cs.c", line 278: error #137: struct "<unnamed>" has no field "STAT"
"../driverlib/MSP432P4xx/cs.c", line 283: error #20: identifier "CS_CLKEN_HSMCLK_EN" is undefined
"../driverlib/MSP432P4xx/cs.c", line 287: error #137: struct "<unnamed>" has no field "STAT"
"../driverlib/MSP432P4xx/cs.c", line 287: error #20: identifier "CS_STAT_HSMCLK_READY_OFS" is undefined
"../driverlib/MSP432P4xx/cs.c", line 290: error #137: struct "<unnamed>" has no field "CTL1"
"../driverlib/MSP432P4xx/cs.c", line 292: error #137: struct "<unnamed>" has no field "CTL1"
"../driverlib/MSP432P4xx/cs.c", line 292: error #20: identifier "CS_CTL1_DIVHS_MASK" is undefined
"../driverlib/MSP432P4xx/cs.c", line 292: error #20: identifier "CS_CTL1_SELS_MASK" is undefined
"../driverlib/MSP432P4xx/cs.c", line 295: error #137: struct "<unnamed>" has no field "STAT"
"../driverlib/MSP432P4xx/cs.c", line 300: error #20: identifier "CS_STAT_BCLK_READY" is undefined
"../driverlib/MSP432P4xx/cs.c", line 305: error #137: struct "<unnamed>" has no field "STAT"
"../driverlib/MSP432P4xx/cs.c", line 305: error #20: identifier "CS_STAT_BCLK_READY_OFS" is undefined
"../driverlib/MSP432P4xx/cs.c", line 311: error #20: identifier "CS_CTL1_SELM_0" is undefined
"../driverlib/MSP432P4xx/cs.c", line 312: error #137: struct "<unnamed>" has no field "CTL1"
"../driverlib/MSP432P4xx/cs.c", line 312: error #20: identifier "CS_CTL1_SELB_OFS" is undefined
"../driverlib/MSP432P4xx/cs.c", line 313: error #20: identifier "CS_CTL1_SELM_2" is undefined
"../driverlib/MSP432P4xx/cs.c", line 314: error #137: struct "<unnamed>" has no field "CTL1"
"../driverlib/MSP432P4xx/cs.c", line 319: error #137: struct "<unnamed>" has no field "STAT"
"../driverlib/MSP432P4xx/cs.c", line 332: error #137: struct "<unnamed>" has no field "KEY"
"../driverlib/MSP432P4xx/cs.c", line 332: error #20: identifier "CS_KEY_KEY_OFS" is undefined
"../driverlib/MSP432P4xx/cs.c", line 234: remark #1527-D: (ULP 2.1) Detected SW delay loop using empty loop. Recommend using a timer module instead
"../driverlib/MSP432P4xx/cs.c", line 243: remark #1527-D: (ULP 2.1) Detected SW delay loop using empty loop. Recommend using a timer module instead
"../driverlib/MSP432P4xx/cs.c", line 253: remark #1527-D: (ULP 2.1) Detected SW delay loop using empty loop. Recommend using a timer module instead
"../driverlib/MSP432P4xx/cs.c", line 261: remark #1527-D: (ULP 2.1) Detected SW delay loop using empty loop. Recommend using a timer module instead
"../driverlib/MSP432P4xx/cs.c", line 270: remark #1527-D: (ULP 2.1) Detected SW delay loop using empty loop. Recommend using a timer module instead
"../driverlib/MSP432P4xx/cs.c", line 278: remark #1527-D: (ULP 2.1) Detected SW delay loop using empty loop. Recommend using a timer module instead
"../driverlib/MSP432P4xx/cs.c", line 287: remark #1527-D: (ULP 2.1) Detected SW delay loop using empty loop. Recommend using a timer module instead
"../driverlib/MSP432P4xx/cs.c", line 295: remark #1527-D: (ULP 2.1) Detected SW delay loop using empty loop. Recommend using a timer module instead
"../driverlib/MSP432P4xx/cs.c", line 305: remark #1527-D: (ULP 2.1) Detected SW delay loop using empty loop. Recommend using a timer module instead
"../driverlib/MSP432P4xx/cs.c", line 319: remark #1527-D: (ULP 2.1) Detected SW delay loop using empty loop. Recommend using a timer module instead
"../driverlib/MSP432P4xx/cs.c", line 347: error #137: struct "<unnamed>" has no field "KEY"
"../driverlib/MSP432P4xx/cs.c", line 358: error #137: struct "<unnamed>" has no field "CTL2"
"../driverlib/MSP432P4xx/cs.c", line 358: error #20: identifier "CS_CTL2_HFXTDRIVE_OFS" is undefined
"../driverlib/MSP432P4xx/cs.c", line 359: error #137: struct "<unnamed>" has no field "CTL2"
"../driverlib/MSP432P4xx/cs.c", line 359: error #137: struct "<unnamed>" has no field "CTL2"
"../driverlib/MSP432P4xx/cs.c", line 359: error #20: identifier "CS_CTL2_HFXTFREQ_MASK" is undefined
"../driverlib/MSP432P4xx/cs.c", line 363: error #137: struct "<unnamed>" has no field "CTL2"
"../driverlib/MSP432P4xx/cs.c", line 363: error #20: identifier "CS_CTL2_HFXTBYPASS_OFS" is undefined
"../driverlib/MSP432P4xx/cs.c", line 366: error #137: struct "<unnamed>" has no field "CTL2"
"../driverlib/MSP432P4xx/cs.c", line 366: error #20: identifier "CS_CTL2_HFXTBYPASS_OFS" is undefined
"../driverlib/MSP432P4xx/cs.c", line 370: error #137: struct "<unnamed>" has no field "CTL2"
"../driverlib/MSP432P4xx/cs.c", line 370: error #20: identifier "CS_CTL2_HFXT_EN_OFS" is undefined
"../driverlib/MSP432P4xx/cs.c", line 371: error #137: struct "<unnamed>" has no field "IFG"
"../driverlib/MSP432P4xx/cs.c", line 371: error #20: identifier "CS_IFG_HFXTIFG_OFS" is undefined
Error limit reached.
100 errors detected in the compilation of "../driverlib/MSP432P4xx/cs.c".
Compilation terminated.
gmake: *** [driverlib/MSP432P4xx/cs.obj] Error 1

>> Compilation failure
driverlib/MSP432P4xx/subdir_rules.mk:42: recipe for target 'driverlib/MSP432P4xx/cs.obj' failed
Building file: ../driverlib/MSP432P4xx/dma.c
Invoking: MSP432 Compiler
"/Applications/ti/ccsv6/tools/compiler/ti-cgt-arm_5.2.6/bin/armcl" -mv7M4 --code_state=16 --float_support=FPv4SPD16 --abi=eabi -me -O2 --include_path="/Applications/ti/ccsv6/ccs_base/arm/include" --include_path="/Users/marybiggs/Desktop/ECE461/BOOSTXL-EDUMKII_MicrophoneFFT_MSP432P401R" --include_path="/Users/marybiggs/Desktop/ECE461/BOOSTXL-EDUMKII_MicrophoneFFT_MSP432P401R/driverlib/MSP432P4xx" --include_path="/Users/marybiggs/Desktop/ECE461/BOOSTXL-EDUMKII_MicrophoneFFT_MSP432P401R/GrLib/grlib" --include_path="/Users/marybiggs/Desktop/ECE461/BOOSTXL-EDUMKII_MicrophoneFFT_MSP432P401R/GrLib/fonts" --include_path="/Users/marybiggs/Desktop/ECE461/BOOSTXL-EDUMKII_MicrophoneFFT_MSP432P401R/LcdDriver" --include_path="/Users/marybiggs/Desktop/ECE461/BOOSTXL-EDUMKII_MicrophoneFFT_MSP432P401R/CMSIS/Include" --include_path="/Applications/ti/ccsv6/tools/compiler/ti-cgt-arm_5.2.6/include" --advice:power=all -g --gcc --define=__MSP432P401R__ --define=ARM_MATH_CM4 --define=__FPU_PRESENT=1 --define=_LINKAGE --define=_CODE_ACCESS="" --define=_DATA_ACCESS="" --define=TARGET_IS_MSP432P4XX --define=ccs --display_error_number --diag_warning=225 --diag_wrap=off --gen_func_subsections=on --ual --preproc_with_compile --preproc_dependency="driverlib/MSP432P4xx/dma.pp" --obj_directory="driverlib/MSP432P4xx"  "../driverlib/MSP432P4xx/dma.c"
"/Applications/ti/ccsv6/ccs_base/arm/include/msp432p401r.h", line 69: warning #1181-D: #warning directive: "MSP432 software will be updated to use CMSIS-Core in March 2016. This update will allow your MSP432 software to be CMSIS compliant, but require modification to your existing MSP432 code. A beta release is available if you want to start converting your code today. Refer to http://www.ti.com/MSP432CMSIS for detailed changes, conversion guide and background information."
"/Users/marybiggs/Desktop/ECE461/BOOSTXL-EDUMKII_MicrophoneFFT_MSP432P401R/CMSIS/Include/core_cm4.h", line 1789: warning #225-D: function "__NOP" declared implicitly
"/Users/marybiggs/Desktop/ECE461/BOOSTXL-EDUMKII_MicrophoneFFT_MSP432P401R/CMSIS/Include/core_cm4.h", line 1871: warning #225-D: function "__NOP" declared implicitly
"../driverlib/MSP432P4xx/dma.c", line 48: error #20: identifier "DMA_Control" is undefined
"../driverlib/MSP432P4xx/dma.c", line 56: error #20: identifier "DMA_Control" is undefined
"../driverlib/MSP432P4xx/dma.c", line 64: error #20: identifier "DMA_Control" is undefined
"../driverlib/MSP432P4xx/dma.c", line 72: error #20: identifier "DMA_Control" is undefined
"../driverlib/MSP432P4xx/dma.c", line 85: error #20: identifier "DMA_Control" is undefined
"../driverlib/MSP432P4xx/dma.c", line 98: error #20: identifier "DMA_Control" is undefined
"../driverlib/MSP432P4xx/dma.c", line 112: error #20: identifier "DMA_Control" is undefined
"../driverlib/MSP432P4xx/dma.c", line 126: error #20: identifier "DMA_Control" is undefined
"../driverlib/MSP432P4xx/dma.c", line 135: error #20: identifier "DMA_Control" is undefined
"../driverlib/MSP432P4xx/dma.c", line 144: error #20: identifier "DMA_Control" is undefined
"../driverlib/MSP432P4xx/dma.c", line 157: error #20: identifier "DMA_Control" is undefined
"../driverlib/MSP432P4xx/dma.c", line 184: error #20: identifier "DMA_Control" is undefined
"../driverlib/MSP432P4xx/dma.c", line 193: error #20: identifier "DMA_Control" is undefined
"../driverlib/MSP432P4xx/dma.c", line 201: error #20: identifier "DMA_Control" is undefined
"../driverlib/MSP432P4xx/dma.c", line 209: error #20: identifier "DMA_Control" is undefined
"../driverlib/MSP432P4xx/dma.c", line 237: error #20: identifier "DMA_Control" is undefined
"../driverlib/MSP432P4xx/dma.c", line 246: error #20: identifier "DMA_Control" is undefined
"../driverlib/MSP432P4xx/dma.c", line 254: error #20: identifier "DMA_Control" is undefined
"../driverlib/MSP432P4xx/dma.c", line 262: error #20: identifier "DMA_Control" is undefined
"../driverlib/MSP432P4xx/dma.c", line 285: error #20: identifier "DMA_Control" is undefined
"../driverlib/MSP432P4xx/dma.c", line 340: error #20: identifier "DMA_Control" is undefined
"../driverlib/MSP432P4xx/dma.c", line 378: error #20: identifier "DMA_Control" is undefined
"../driverlib/MSP432P4xx/dma.c", line 499: error #20: identifier "DMA_Control" is undefined
"../driverlib/MSP432P4xx/dma.c", line 564: error #20: identifier "DMA_Control" is undefined
"../driverlib/MSP432P4xx/dma.c", line 616: error #20: identifier "DMA_Control" is undefined
"../driverlib/MSP432P4xx/dma.c", line 652: error #20: identifier "DMA_Channel" is undefined
"../driverlib/MSP432P4xx/dma.c", line 738: error #20: identifier "DMA_Channel" is undefined
"../driverlib/MSP432P4xx/dma.c", line 739: error #20: identifier "DMA_INT1_SRCCFG_INT_SRC_MASK" is undefined
"../driverlib/MSP432P4xx/dma.c", line 742: error #20: identifier "DMA_Channel" is undefined
"../driverlib/MSP432P4xx/dma.c", line 743: error #20: identifier "DMA_INT1_SRCCFG_INT_SRC_MASK" is undefined
"../driverlib/MSP432P4xx/dma.c", line 746: error #20: identifier "DMA_Channel" is undefined
"../driverlib/MSP432P4xx/dma.c", line 747: error #20: identifier "DMA_INT1_SRCCFG_INT_SRC_MASK" is undefined
"../driverlib/MSP432P4xx/dma.c", line 756: error #20: identifier "DMA_Channel" is undefined
"../driverlib/MSP432P4xx/dma.c", line 761: error #20: identifier "DMA_Channel" is undefined
"../driverlib/MSP432P4xx/dma.c", line 766: error #20: identifier "DMA_Channel" is undefined
"../driverlib/MSP432P4xx/dma.c", line 778: error #20: identifier "DMA_Channel" is undefined
"../driverlib/MSP432P4xx/dma.c", line 781: error #20: identifier "DMA_Channel" is undefined
"../driverlib/MSP432P4xx/dma.c", line 784: error #20: identifier "DMA_Channel" is undefined
"../driverlib/MSP432P4xx/dma.c", line 798: error #20: identifier "DMA_Channel" is undefined
"../driverlib/MSP432P4xx/dma.c", line 801: error #20: identifier "DMA_Channel" is undefined
"../driverlib/MSP432P4xx/dma.c", line 804: error #20: identifier "DMA_Channel" is undefined
41 errors detected in the compilation of "../driverlib/MSP432P4xx/dma.c".

>> Compilation failure
driverlib/MSP432P4xx/subdir_rules.mk:49: recipe for target 'driverlib/MSP432P4xx/dma.obj' failed
gmake: *** [driverlib/MSP432P4xx/dma.obj] Error 1
gmake: *** [driverlib/MSP432P4xx/flash.obj] Terminated: 15
driverlib/MSP432P4xx/subdir_rules.mk:56: recipe for target 'driverlib/MSP432P4xx/flash.obj' failed

**** Build of configuration Debug for project BOOSTXL-EDUMKII_MicrophoneFFT_MSP432P401R ****

!CommandLauncher.error.commandCanceled!
Error: Program "/Applications/ti/ccsv6/utils/bin/gmake" is not found in PATH

PATH=[/usr/bin:/bin:/usr/sbin:/sbin]

**** Build Finished ****
