
**** Build of configuration Debug for project Challenge2 ****

/Applications/ti/ccsv6/utils/bin/gmake -k all 
Building file: ../switch.c
Invoking: MSP432 Compiler
"/Applications/ti/ccsv6/tools/compiler/ti-cgt-arm_5.2.6/bin/armcl" -mv7M4 --code_state=16 --float_support=FPv4SPD16 --abi=eabi -me -O4 --fp_mode=strict --include_path="/Applications/ti/ccsv6/ccs_base/arm/include" --include_path="/Applications/ti/ccsv6/ccs_base/arm/include/CMSIS" --include_path="/Users/marybiggs/Desktop/ECE461/Challenge2/driverlib/MSP432P4xx" --include_path="/Applications/ti/ccsv6/tools/compiler/ti-cgt-arm_5.2.6/include" --advice:power="all" -g --gcc --define=__MSP432P401R__ --define=TARGET_IS_MSP432P4XX --define=ccs --display_error_number --diag_warning=225 --diag_wrap=off --preproc_with_compile --preproc_dependency="switch.pp"  "../switch.c"
Finished building: ../switch.c
 
Building target: Challenge2.out
Invoking: MSP432 Linker
"/Applications/ti/ccsv6/tools/compiler/ti-cgt-arm_5.2.6/bin/armcl" -mv7M4 --code_state=16 --float_support=FPv4SPD16 --abi=eabi -me -O4 --fp_mode=strict --advice:power="all" -g --gcc --define=__MSP432P401R__ --define=TARGET_IS_MSP432P4XX --define=ccs --display_error_number --diag_warning=225 --diag_wrap=off -z -m"Challenge2.map" --heap_size=1024 --stack_size=512 -i"/Applications/ti/ccsv6/ccs_base/arm/include" -i"/Applications/ti/ccsv6/tools/compiler/ti-cgt-arm_5.2.6/lib" -i"/Applications/ti/ccsv6/tools/compiler/ti-cgt-arm_5.2.6/include" --reread_libs --warn_sections --display_error_number --diag_wrap=off --xml_link_info="Challenge2_linkInfo.xml" --rom_model -o "Challenge2.out" "./HAL_I2C.obj" "./HAL_OPT3001.obj" "./adc.obj" "./alarm-state.obj" "./buzzer.obj" "./clocks.obj" "./interrupts.obj" "./main.obj" "./msp432_startup_ccs.obj" "./ports.obj" "./switch.obj" "./timers.obj" "../msp432p401r.cmd" "../msp432p4xx_driverlib.lib"  -l"libc.a"  
<Linking>
remark #10371-D: (ULP 1.1) Detected no uses of low power mode state changing instructions
remark #10372-D: (ULP 4.1) Detected uninitialized Port 1 in this project. Recommend initializing all unused ports to eliminate wasted current consumption on unused pins.
remark #10372-D: (ULP 4.1) Detected uninitialized Port 2 in this project. Recommend initializing all unused ports to eliminate wasted current consumption on unused pins.
remark #10372-D: (ULP 4.1) Detected uninitialized Port 3 in this project. Recommend initializing all unused ports to eliminate wasted current consumption on unused pins.
remark #10372-D: (ULP 4.1) Detected uninitialized Port 4 in this project. Recommend initializing all unused ports to eliminate wasted current consumption on unused pins.
remark #10372-D: (ULP 4.1) Detected uninitialized Port 5 in this project. Recommend initializing all unused ports to eliminate wasted current consumption on unused pins.
remark #10372-D: (ULP 4.1) Detected uninitialized Port 6 in this project. Recommend initializing all unused ports to eliminate wasted current consumption on unused pins.
remark #10372-D: (ULP 4.1) Detected uninitialized Port 7 in this project. Recommend initializing all unused ports to eliminate wasted current consumption on unused pins.
remark #10372-D: (ULP 4.1) Detected uninitialized Port 8 in this project. Recommend initializing all unused ports to eliminate wasted current consumption on unused pins.
remark #10372-D: (ULP 4.1) Detected uninitialized Port 9 in this project. Recommend initializing all unused ports to eliminate wasted current consumption on unused pins.
remark #10372-D: (ULP 4.1) Detected uninitialized Port 10 in this project. Recommend initializing all unused ports to eliminate wasted current consumption on unused pins.
Finished building target: Challenge2.out
 

**** Build Finished ****

**** Build of configuration Debug for project Challenge2 ****

/Applications/ti/ccsv6/utils/bin/gmake -k all 
gmake: Nothing to be done for 'all'.

**** Build Finished ****

**** Build of configuration Debug for project Challenge2 ****

/Applications/ti/ccsv6/utils/bin/gmake -k all 
Building file: ../switch.c
Invoking: MSP432 Compiler
"/Applications/ti/ccsv6/tools/compiler/ti-cgt-arm_5.2.6/bin/armcl" -mv7M4 --code_state=16 --float_support=FPv4SPD16 --abi=eabi -me -O4 --fp_mode=strict --include_path="/Applications/ti/ccsv6/ccs_base/arm/include" --include_path="/Applications/ti/ccsv6/ccs_base/arm/include/CMSIS" --include_path="/Users/marybiggs/Desktop/ECE461/Challenge2/driverlib/MSP432P4xx" --include_path="/Applications/ti/ccsv6/tools/compiler/ti-cgt-arm_5.2.6/include" --advice:power="all" -g --gcc --define=__MSP432P401R__ --define=TARGET_IS_MSP432P4XX --define=ccs --display_error_number --diag_warning=225 --diag_wrap=off --preproc_with_compile --preproc_dependency="switch.pp"  "../switch.c"
Finished building: ../switch.c
 
Building target: Challenge2.out
Invoking: MSP432 Linker
"/Applications/ti/ccsv6/tools/compiler/ti-cgt-arm_5.2.6/bin/armcl" -mv7M4 --code_state=16 --float_support=FPv4SPD16 --abi=eabi -me -O4 --fp_mode=strict --advice:power="all" -g --gcc --define=__MSP432P401R__ --define=TARGET_IS_MSP432P4XX --define=ccs --display_error_number --diag_warning=225 --diag_wrap=off -z -m"Challenge2.map" --heap_size=1024 --stack_size=512 -i"/Applications/ti/ccsv6/ccs_base/arm/include" -i"/Applications/ti/ccsv6/tools/compiler/ti-cgt-arm_5.2.6/lib" -i"/Applications/ti/ccsv6/tools/compiler/ti-cgt-arm_5.2.6/include" --reread_libs --warn_sections --display_error_number --diag_wrap=off --xml_link_info="Challenge2_linkInfo.xml" --rom_model -o "Challenge2.out" "./HAL_I2C.obj" "./HAL_OPT3001.obj" "./adc.obj" "./alarm-state.obj" "./buzzer.obj" "./clocks.obj" "./interrupts.obj" "./main.obj" "./msp432_startup_ccs.obj" "./ports.obj" "./switch.obj" "./timers.obj" "../msp432p401r.cmd" "../msp432p4xx_driverlib.lib"  -l"libc.a"  
<Linking>
remark #10371-D: (ULP 1.1) Detected no uses of low power mode state changing instructions
remark #10372-D: (ULP 4.1) Detected uninitialized Port 1 in this project. Recommend initializing all unused ports to eliminate wasted current consumption on unused pins.
remark #10372-D: (ULP 4.1) Detected uninitialized Port 2 in this project. Recommend initializing all unused ports to eliminate wasted current consumption on unused pins.
remark #10372-D: (ULP 4.1) Detected uninitialized Port 3 in this project. Recommend initializing all unused ports to eliminate wasted current consumption on unused pins.
remark #10372-D: (ULP 4.1) Detected uninitialized Port 4 in this project. Recommend initializing all unused ports to eliminate wasted current consumption on unused pins.
remark #10372-D: (ULP 4.1) Detected uninitialized Port 5 in this project. Recommend initializing all unused ports to eliminate wasted current consumption on unused pins.
remark #10372-D: (ULP 4.1) Detected uninitialized Port 6 in this project. Recommend initializing all unused ports to eliminate wasted current consumption on unused pins.
remark #10372-D: (ULP 4.1) Detected uninitialized Port 7 in this project. Recommend initializing all unused ports to eliminate wasted current consumption on unused pins.
remark #10372-D: (ULP 4.1) Detected uninitialized Port 8 in this project. Recommend initializing all unused ports to eliminate wasted current consumption on unused pins.
remark #10372-D: (ULP 4.1) Detected uninitialized Port 9 in this project. Recommend initializing all unused ports to eliminate wasted current consumption on unused pins.
remark #10372-D: (ULP 4.1) Detected uninitialized Port 10 in this project. Recommend initializing all unused ports to eliminate wasted current consumption on unused pins.
Finished building target: Challenge2.out
 

**** Build Finished ****

**** Build of configuration Debug for project Challenge2 ****

/Applications/ti/ccsv6/utils/bin/gmake -k all 
Building file: ../HAL_I2C.c
Invoking: MSP432 Compiler
"/Applications/ti/ccsv6/tools/compiler/ti-cgt-arm_5.2.6/bin/armcl" -mv7M4 --code_state=16 --float_support=FPv4SPD16 --abi=eabi -me -Ooff --fp_mode=strict --include_path="/Applications/ti/ccsv6/ccs_base/arm/include" --include_path="/Applications/ti/ccsv6/ccs_base/arm/include/CMSIS" --include_path="/Users/marybiggs/Desktop/ECE461/Challenge2/driverlib/MSP432P4xx" --include_path="/Applications/ti/ccsv6/tools/compiler/ti-cgt-arm_5.2.6/include" --advice:power="all" -g --gcc --define=__MSP432P401R__ --define=TARGET_IS_MSP432P4XX --define=ccs --display_error_number --diag_warning=225 --diag_wrap=off --preproc_with_compile --preproc_dependency="HAL_I2C.pp"  "../HAL_I2C.c"
"../HAL_I2C.c", line 111: remark #1527-D: (ULP 2.1) Detected SW delay loop using empty loop. Recommend using a timer module instead
"../HAL_I2C.c", line 117: remark #1527-D: (ULP 2.1) Detected SW delay loop using empty loop. Recommend using a timer module instead
"../HAL_I2C.c", line 124: remark #1527-D: (ULP 2.1) Detected SW delay loop using empty loop. Recommend using a timer module instead
"../HAL_I2C.c", line 135: remark #1527-D: (ULP 2.1) Detected SW delay loop using empty loop. Recommend using a timer module instead
"../HAL_I2C.c", line 173: remark #1527-D: (ULP 2.1) Detected SW delay loop using empty loop. Recommend using a timer module instead
Finished building: ../HAL_I2C.c
 
Building file: ../HAL_OPT3001.c
Invoking: MSP432 Compiler
"/Applications/ti/ccsv6/tools/compiler/ti-cgt-arm_5.2.6/bin/armcl" -mv7M4 --code_state=16 --float_support=FPv4SPD16 --abi=eabi -me -Ooff --fp_mode=strict --include_path="/Applications/ti/ccsv6/ccs_base/arm/include" --include_path="/Applications/ti/ccsv6/ccs_base/arm/include/CMSIS" --include_path="/Users/marybiggs/Desktop/ECE461/Challenge2/driverlib/MSP432P4xx" --include_path="/Applications/ti/ccsv6/tools/compiler/ti-cgt-arm_5.2.6/include" --advice:power="all" -g --gcc --define=__MSP432P401R__ --define=TARGET_IS_MSP432P4XX --define=ccs --display_error_number --diag_warning=225 --diag_wrap=off --preproc_with_compile --preproc_dependency="HAL_OPT3001.pp"  "../HAL_OPT3001.c"
"../HAL_OPT3001.c", line 96: remark #2623-D: (ULP 5.4) Detected an assignment to a type with size less than int. To avoid unnecessary sign extension, use int-sized types for local varaibles and convert to smaller types for static storage.
"../HAL_OPT3001.c", line 100: remark #2623-D: (ULP 5.4) Detected an assignment to a type with size less than int. To avoid unnecessary sign extension, use int-sized types for local varaibles and convert to smaller types for static storage.
Finished building: ../HAL_OPT3001.c
 
Building file: ../adc.c
Invoking: MSP432 Compiler
"/Applications/ti/ccsv6/tools/compiler/ti-cgt-arm_5.2.6/bin/armcl" -mv7M4 --code_state=16 --float_support=FPv4SPD16 --abi=eabi -me -Ooff --fp_mode=strict --include_path="/Applications/ti/ccsv6/ccs_base/arm/include" --include_path="/Applications/ti/ccsv6/ccs_base/arm/include/CMSIS" --include_path="/Users/marybiggs/Desktop/ECE461/Challenge2/driverlib/MSP432P4xx" --include_path="/Applications/ti/ccsv6/tools/compiler/ti-cgt-arm_5.2.6/include" --advice:power="all" -g --gcc --define=__MSP432P401R__ --define=TARGET_IS_MSP432P4XX --define=ccs --display_error_number --diag_warning=225 --diag_wrap=off --preproc_with_compile --preproc_dependency="adc.pp"  "../adc.c"
Finished building: ../adc.c
 
Building file: ../alarm-state.c
Invoking: MSP432 Compiler
"/Applications/ti/ccsv6/tools/compiler/ti-cgt-arm_5.2.6/bin/armcl" -mv7M4 --code_state=16 --float_support=FPv4SPD16 --abi=eabi -me -Ooff --fp_mode=strict --include_path="/Applications/ti/ccsv6/ccs_base/arm/include" --include_path="/Applications/ti/ccsv6/ccs_base/arm/include/CMSIS" --include_path="/Users/marybiggs/Desktop/ECE461/Challenge2/driverlib/MSP432P4xx" --include_path="/Applications/ti/ccsv6/tools/compiler/ti-cgt-arm_5.2.6/include" --advice:power="all" -g --gcc --define=__MSP432P401R__ --define=TARGET_IS_MSP432P4XX --define=ccs --display_error_number --diag_warning=225 --diag_wrap=off --preproc_with_compile --preproc_dependency="alarm-state.pp"  "../alarm-state.c"
Finished building: ../alarm-state.c
 
Building file: ../buzzer.c
Invoking: MSP432 Compiler
"/Applications/ti/ccsv6/tools/compiler/ti-cgt-arm_5.2.6/bin/armcl" -mv7M4 --code_state=16 --float_support=FPv4SPD16 --abi=eabi -me -Ooff --fp_mode=strict --include_path="/Applications/ti/ccsv6/ccs_base/arm/include" --include_path="/Applications/ti/ccsv6/ccs_base/arm/include/CMSIS" --include_path="/Users/marybiggs/Desktop/ECE461/Challenge2/driverlib/MSP432P4xx" --include_path="/Applications/ti/ccsv6/tools/compiler/ti-cgt-arm_5.2.6/include" --advice:power="all" -g --gcc --define=__MSP432P401R__ --define=TARGET_IS_MSP432P4XX --define=ccs --display_error_number --diag_warning=225 --diag_wrap=off --preproc_with_compile --preproc_dependency="buzzer.pp"  "../buzzer.c"
Finished building: ../buzzer.c
 
Building file: ../clocks.c
Invoking: MSP432 Compiler
"/Applications/ti/ccsv6/tools/compiler/ti-cgt-arm_5.2.6/bin/armcl" -mv7M4 --code_state=16 --float_support=FPv4SPD16 --abi=eabi -me -Ooff --fp_mode=strict --include_path="/Applications/ti/ccsv6/ccs_base/arm/include" --include_path="/Applications/ti/ccsv6/ccs_base/arm/include/CMSIS" --include_path="/Users/marybiggs/Desktop/ECE461/Challenge2/driverlib/MSP432P4xx" --include_path="/Applications/ti/ccsv6/tools/compiler/ti-cgt-arm_5.2.6/include" --advice:power="all" -g --gcc --define=__MSP432P401R__ --define=TARGET_IS_MSP432P4XX --define=ccs --display_error_number --diag_warning=225 --diag_wrap=off --preproc_with_compile --preproc_dependency="clocks.pp"  "../clocks.c"
Finished building: ../clocks.c
 
Building file: ../interrupts.c
Invoking: MSP432 Compiler
"/Applications/ti/ccsv6/tools/compiler/ti-cgt-arm_5.2.6/bin/armcl" -mv7M4 --code_state=16 --float_support=FPv4SPD16 --abi=eabi -me -Ooff --fp_mode=strict --include_path="/Applications/ti/ccsv6/ccs_base/arm/include" --include_path="/Applications/ti/ccsv6/ccs_base/arm/include/CMSIS" --include_path="/Users/marybiggs/Desktop/ECE461/Challenge2/driverlib/MSP432P4xx" --include_path="/Applications/ti/ccsv6/tools/compiler/ti-cgt-arm_5.2.6/include" --advice:power="all" -g --gcc --define=__MSP432P401R__ --define=TARGET_IS_MSP432P4XX --define=ccs --display_error_number --diag_warning=225 --diag_wrap=off --preproc_with_compile --preproc_dependency="interrupts.pp"  "../interrupts.c"
Finished building: ../interrupts.c
 
Building file: ../main.c
Invoking: MSP432 Compiler
"/Applications/ti/ccsv6/tools/compiler/ti-cgt-arm_5.2.6/bin/armcl" -mv7M4 --code_state=16 --float_support=FPv4SPD16 --abi=eabi -me -Ooff --fp_mode=strict --include_path="/Applications/ti/ccsv6/ccs_base/arm/include" --include_path="/Applications/ti/ccsv6/ccs_base/arm/include/CMSIS" --include_path="/Users/marybiggs/Desktop/ECE461/Challenge2/driverlib/MSP432P4xx" --include_path="/Applications/ti/ccsv6/tools/compiler/ti-cgt-arm_5.2.6/include" --advice:power="all" -g --gcc --define=__MSP432P401R__ --define=TARGET_IS_MSP432P4XX --define=ccs --display_error_number --diag_warning=225 --diag_wrap=off --preproc_with_compile --preproc_dependency="main.pp"  "../main.c"
Finished building: ../main.c
 
Building file: ../msp432_startup_ccs.c
Invoking: MSP432 Compiler
"/Applications/ti/ccsv6/tools/compiler/ti-cgt-arm_5.2.6/bin/armcl" -mv7M4 --code_state=16 --float_support=FPv4SPD16 --abi=eabi -me -Ooff --fp_mode=strict --include_path="/Applications/ti/ccsv6/ccs_base/arm/include" --include_path="/Applications/ti/ccsv6/ccs_base/arm/include/CMSIS" --include_path="/Users/marybiggs/Desktop/ECE461/Challenge2/driverlib/MSP432P4xx" --include_path="/Applications/ti/ccsv6/tools/compiler/ti-cgt-arm_5.2.6/include" --advice:power="all" -g --gcc --define=__MSP432P401R__ --define=TARGET_IS_MSP432P4XX --define=ccs --display_error_number --diag_warning=225 --diag_wrap=off --preproc_with_compile --preproc_dependency="msp432_startup_ccs.pp"  "../msp432_startup_ccs.c"
Finished building: ../msp432_startup_ccs.c
 
Building file: ../ports.c
Invoking: MSP432 Compiler
"/Applications/ti/ccsv6/tools/compiler/ti-cgt-arm_5.2.6/bin/armcl" -mv7M4 --code_state=16 --float_support=FPv4SPD16 --abi=eabi -me -Ooff --fp_mode=strict --include_path="/Applications/ti/ccsv6/ccs_base/arm/include" --include_path="/Applications/ti/ccsv6/ccs_base/arm/include/CMSIS" --include_path="/Users/marybiggs/Desktop/ECE461/Challenge2/driverlib/MSP432P4xx" --include_path="/Applications/ti/ccsv6/tools/compiler/ti-cgt-arm_5.2.6/include" --advice:power="all" -g --gcc --define=__MSP432P401R__ --define=TARGET_IS_MSP432P4XX --define=ccs --display_error_number --diag_warning=225 --diag_wrap=off --preproc_with_compile --preproc_dependency="ports.pp"  "../ports.c"
Finished building: ../ports.c
 
Building file: ../switch.c
Invoking: MSP432 Compiler
"/Applications/ti/ccsv6/tools/compiler/ti-cgt-arm_5.2.6/bin/armcl" -mv7M4 --code_state=16 --float_support=FPv4SPD16 --abi=eabi -me -Ooff --fp_mode=strict --include_path="/Applications/ti/ccsv6/ccs_base/arm/include" --include_path="/Applications/ti/ccsv6/ccs_base/arm/include/CMSIS" --include_path="/Users/marybiggs/Desktop/ECE461/Challenge2/driverlib/MSP432P4xx" --include_path="/Applications/ti/ccsv6/tools/compiler/ti-cgt-arm_5.2.6/include" --advice:power="all" -g --gcc --define=__MSP432P401R__ --define=TARGET_IS_MSP432P4XX --define=ccs --display_error_number --diag_warning=225 --diag_wrap=off --preproc_with_compile --preproc_dependency="switch.pp"  "../switch.c"
Finished building: ../switch.c
 
Building file: ../timers.c
Invoking: MSP432 Compiler
"/Applications/ti/ccsv6/tools/compiler/ti-cgt-arm_5.2.6/bin/armcl" -mv7M4 --code_state=16 --float_support=FPv4SPD16 --abi=eabi -me -Ooff --fp_mode=strict --include_path="/Applications/ti/ccsv6/ccs_base/arm/include" --include_path="/Applications/ti/ccsv6/ccs_base/arm/include/CMSIS" --include_path="/Users/marybiggs/Desktop/ECE461/Challenge2/driverlib/MSP432P4xx" --include_path="/Applications/ti/ccsv6/tools/compiler/ti-cgt-arm_5.2.6/include" --advice:power="all" -g --gcc --define=__MSP432P401R__ --define=TARGET_IS_MSP432P4XX --define=ccs --display_error_number --diag_warning=225 --diag_wrap=off --preproc_with_compile --preproc_dependency="timers.pp"  "../timers.c"
Finished building: ../timers.c
 
Building target: Challenge2.out
Invoking: MSP432 Linker
"/Applications/ti/ccsv6/tools/compiler/ti-cgt-arm_5.2.6/bin/armcl" -mv7M4 --code_state=16 --float_support=FPv4SPD16 --abi=eabi -me -Ooff --fp_mode=strict --advice:power="all" -g --gcc --define=__MSP432P401R__ --define=TARGET_IS_MSP432P4XX --define=ccs --display_error_number --diag_warning=225 --diag_wrap=off -z -m"Challenge2.map" --heap_size=1024 --stack_size=512 -i"/Applications/ti/ccsv6/ccs_base/arm/include" -i"/Applications/ti/ccsv6/tools/compiler/ti-cgt-arm_5.2.6/lib" -i"/Applications/ti/ccsv6/tools/compiler/ti-cgt-arm_5.2.6/include" --reread_libs --warn_sections --display_error_number --diag_wrap=off --xml_link_info="Challenge2_linkInfo.xml" --rom_model -o "Challenge2.out" "./HAL_I2C.obj" "./HAL_OPT3001.obj" "./adc.obj" "./alarm-state.obj" "./buzzer.obj" "./clocks.obj" "./interrupts.obj" "./main.obj" "./msp432_startup_ccs.obj" "./ports.obj" "./switch.obj" "./timers.obj" "../msp432p401r.cmd" "../msp432p4xx_driverlib.lib"  -l"libc.a"  
<Linking>
remark #10371-D: (ULP 1.1) Detected no uses of low power mode state changing instructions
remark #10372-D: (ULP 4.1) Detected uninitialized Port 1 in this project. Recommend initializing all unused ports to eliminate wasted current consumption on unused pins.
remark #10372-D: (ULP 4.1) Detected uninitialized Port 2 in this project. Recommend initializing all unused ports to eliminate wasted current consumption on unused pins.
remark #10372-D: (ULP 4.1) Detected uninitialized Port 3 in this project. Recommend initializing all unused ports to eliminate wasted current consumption on unused pins.
remark #10372-D: (ULP 4.1) Detected uninitialized Port 4 in this project. Recommend initializing all unused ports to eliminate wasted current consumption on unused pins.
remark #10372-D: (ULP 4.1) Detected uninitialized Port 5 in this project. Recommend initializing all unused ports to eliminate wasted current consumption on unused pins.
remark #10372-D: (ULP 4.1) Detected uninitialized Port 6 in this project. Recommend initializing all unused ports to eliminate wasted current consumption on unused pins.
remark #10372-D: (ULP 4.1) Detected uninitialized Port 7 in this project. Recommend initializing all unused ports to eliminate wasted current consumption on unused pins.
remark #10372-D: (ULP 4.1) Detected uninitialized Port 8 in this project. Recommend initializing all unused ports to eliminate wasted current consumption on unused pins.
remark #10372-D: (ULP 4.1) Detected uninitialized Port 9 in this project. Recommend initializing all unused ports to eliminate wasted current consumption on unused pins.
remark #10372-D: (ULP 4.1) Detected uninitialized Port 10 in this project. Recommend initializing all unused ports to eliminate wasted current consumption on unused pins.
Finished building target: Challenge2.out
 

**** Build Finished ****

**** Clean-only build of configuration Debug for project Challenge2 ****

/Applications/ti/ccsv6/utils/bin/gmake -k clean 
rm -rf  "Challenge2.hex"  "Challenge2.out" 
rm -rf "HAL_I2C.obj" "HAL_OPT3001.obj" "adc.obj" "alarm-state.obj" "buzzer.obj" "clocks.obj" "interrupts.obj" "main.obj" "msp432_startup_ccs.obj" "ports.obj" "switch.obj" "timers.obj" 
rm -rf "HAL_I2C.pp" "HAL_OPT3001.pp" "adc.pp" "alarm-state.pp" "buzzer.pp" "clocks.pp" "interrupts.pp" "main.pp" "msp432_startup_ccs.pp" "ports.pp" "switch.pp" "timers.pp" 
Finished clean
 

**** Build Finished ****

**** Build of configuration Debug for project Challenge2 ****

/Applications/ti/ccsv6/utils/bin/gmake -k all 
Building file: ../HAL_I2C.c
Invoking: MSP432 Compiler
"/Applications/ti/ccsv6/tools/compiler/ti-cgt-arm_5.2.6/bin/armcl" -mv7M4 --code_state=16 --float_support=FPv4SPD16 --abi=eabi -me -Ooff --fp_mode=strict --include_path="/Applications/ti/ccsv6/ccs_base/arm/include" --include_path="/Applications/ti/ccsv6/ccs_base/arm/include/CMSIS" --include_path="/Users/marybiggs/Desktop/ECE461/Challenge2/driverlib/MSP432P4xx" --include_path="/Applications/ti/ccsv6/tools/compiler/ti-cgt-arm_5.2.6/include" --advice:power="all" -g --gcc --define=__MSP432P401R__ --define=TARGET_IS_MSP432P4XX --define=ccs --display_error_number --diag_warning=225 --diag_wrap=off --preproc_with_compile --preproc_dependency="HAL_I2C.pp"  "../HAL_I2C.c"
"../HAL_I2C.c", line 111: remark #1527-D: (ULP 2.1) Detected SW delay loop using empty loop. Recommend using a timer module instead
"../HAL_I2C.c", line 117: remark #1527-D: (ULP 2.1) Detected SW delay loop using empty loop. Recommend using a timer module instead
"../HAL_I2C.c", line 124: remark #1527-D: (ULP 2.1) Detected SW delay loop using empty loop. Recommend using a timer module instead
"../HAL_I2C.c", line 135: remark #1527-D: (ULP 2.1) Detected SW delay loop using empty loop. Recommend using a timer module instead
"../HAL_I2C.c", line 173: remark #1527-D: (ULP 2.1) Detected SW delay loop using empty loop. Recommend using a timer module instead
Finished building: ../HAL_I2C.c
 
Building file: ../HAL_OPT3001.c
Invoking: MSP432 Compiler
"/Applications/ti/ccsv6/tools/compiler/ti-cgt-arm_5.2.6/bin/armcl" -mv7M4 --code_state=16 --float_support=FPv4SPD16 --abi=eabi -me -Ooff --fp_mode=strict --include_path="/Applications/ti/ccsv6/ccs_base/arm/include" --include_path="/Applications/ti/ccsv6/ccs_base/arm/include/CMSIS" --include_path="/Users/marybiggs/Desktop/ECE461/Challenge2/driverlib/MSP432P4xx" --include_path="/Applications/ti/ccsv6/tools/compiler/ti-cgt-arm_5.2.6/include" --advice:power="all" -g --gcc --define=__MSP432P401R__ --define=TARGET_IS_MSP432P4XX --define=ccs --display_error_number --diag_warning=225 --diag_wrap=off --preproc_with_compile --preproc_dependency="HAL_OPT3001.pp"  "../HAL_OPT3001.c"
"../HAL_OPT3001.c", line 96: remark #2623-D: (ULP 5.4) Detected an assignment to a type with size less than int. To avoid unnecessary sign extension, use int-sized types for local varaibles and convert to smaller types for static storage.
"../HAL_OPT3001.c", line 100: remark #2623-D: (ULP 5.4) Detected an assignment to a type with size less than int. To avoid unnecessary sign extension, use int-sized types for local varaibles and convert to smaller types for static storage.
Finished building: ../HAL_OPT3001.c
 
Building file: ../adc.c
Invoking: MSP432 Compiler
"/Applications/ti/ccsv6/tools/compiler/ti-cgt-arm_5.2.6/bin/armcl" -mv7M4 --code_state=16 --float_support=FPv4SPD16 --abi=eabi -me -Ooff --fp_mode=strict --include_path="/Applications/ti/ccsv6/ccs_base/arm/include" --include_path="/Applications/ti/ccsv6/ccs_base/arm/include/CMSIS" --include_path="/Users/marybiggs/Desktop/ECE461/Challenge2/driverlib/MSP432P4xx" --include_path="/Applications/ti/ccsv6/tools/compiler/ti-cgt-arm_5.2.6/include" --advice:power="all" -g --gcc --define=__MSP432P401R__ --define=TARGET_IS_MSP432P4XX --define=ccs --display_error_number --diag_warning=225 --diag_wrap=off --preproc_with_compile --preproc_dependency="adc.pp"  "../adc.c"
Finished building: ../adc.c
 
Building file: ../alarm-state.c
Invoking: MSP432 Compiler
"/Applications/ti/ccsv6/tools/compiler/ti-cgt-arm_5.2.6/bin/armcl" -mv7M4 --code_state=16 --float_support=FPv4SPD16 --abi=eabi -me -Ooff --fp_mode=strict --include_path="/Applications/ti/ccsv6/ccs_base/arm/include" --include_path="/Applications/ti/ccsv6/ccs_base/arm/include/CMSIS" --include_path="/Users/marybiggs/Desktop/ECE461/Challenge2/driverlib/MSP432P4xx" --include_path="/Applications/ti/ccsv6/tools/compiler/ti-cgt-arm_5.2.6/include" --advice:power="all" -g --gcc --define=__MSP432P401R__ --define=TARGET_IS_MSP432P4XX --define=ccs --display_error_number --diag_warning=225 --diag_wrap=off --preproc_with_compile --preproc_dependency="alarm-state.pp"  "../alarm-state.c"
Finished building: ../alarm-state.c
 
Building file: ../buzzer.c
Invoking: MSP432 Compiler
"/Applications/ti/ccsv6/tools/compiler/ti-cgt-arm_5.2.6/bin/armcl" -mv7M4 --code_state=16 --float_support=FPv4SPD16 --abi=eabi -me -Ooff --fp_mode=strict --include_path="/Applications/ti/ccsv6/ccs_base/arm/include" --include_path="/Applications/ti/ccsv6/ccs_base/arm/include/CMSIS" --include_path="/Users/marybiggs/Desktop/ECE461/Challenge2/driverlib/MSP432P4xx" --include_path="/Applications/ti/ccsv6/tools/compiler/ti-cgt-arm_5.2.6/include" --advice:power="all" -g --gcc --define=__MSP432P401R__ --define=TARGET_IS_MSP432P4XX --define=ccs --display_error_number --diag_warning=225 --diag_wrap=off --preproc_with_compile --preproc_dependency="buzzer.pp"  "../buzzer.c"
Finished building: ../buzzer.c
 
Building file: ../clocks.c
Invoking: MSP432 Compiler
"/Applications/ti/ccsv6/tools/compiler/ti-cgt-arm_5.2.6/bin/armcl" -mv7M4 --code_state=16 --float_support=FPv4SPD16 --abi=eabi -me -Ooff --fp_mode=strict --include_path="/Applications/ti/ccsv6/ccs_base/arm/include" --include_path="/Applications/ti/ccsv6/ccs_base/arm/include/CMSIS" --include_path="/Users/marybiggs/Desktop/ECE461/Challenge2/driverlib/MSP432P4xx" --include_path="/Applications/ti/ccsv6/tools/compiler/ti-cgt-arm_5.2.6/include" --advice:power="all" -g --gcc --define=__MSP432P401R__ --define=TARGET_IS_MSP432P4XX --define=ccs --display_error_number --diag_warning=225 --diag_wrap=off --preproc_with_compile --preproc_dependency="clocks.pp"  "../clocks.c"
Finished building: ../clocks.c
 
Building file: ../interrupts.c
Invoking: MSP432 Compiler
"/Applications/ti/ccsv6/tools/compiler/ti-cgt-arm_5.2.6/bin/armcl" -mv7M4 --code_state=16 --float_support=FPv4SPD16 --abi=eabi -me -Ooff --fp_mode=strict --include_path="/Applications/ti/ccsv6/ccs_base/arm/include" --include_path="/Applications/ti/ccsv6/ccs_base/arm/include/CMSIS" --include_path="/Users/marybiggs/Desktop/ECE461/Challenge2/driverlib/MSP432P4xx" --include_path="/Applications/ti/ccsv6/tools/compiler/ti-cgt-arm_5.2.6/include" --advice:power="all" -g --gcc --define=__MSP432P401R__ --define=TARGET_IS_MSP432P4XX --define=ccs --display_error_number --diag_warning=225 --diag_wrap=off --preproc_with_compile --preproc_dependency="interrupts.pp"  "../interrupts.c"
Finished building: ../interrupts.c
 
Building file: ../main.c
Invoking: MSP432 Compiler
"/Applications/ti/ccsv6/tools/compiler/ti-cgt-arm_5.2.6/bin/armcl" -mv7M4 --code_state=16 --float_support=FPv4SPD16 --abi=eabi -me -Ooff --fp_mode=strict --include_path="/Applications/ti/ccsv6/ccs_base/arm/include" --include_path="/Applications/ti/ccsv6/ccs_base/arm/include/CMSIS" --include_path="/Users/marybiggs/Desktop/ECE461/Challenge2/driverlib/MSP432P4xx" --include_path="/Applications/ti/ccsv6/tools/compiler/ti-cgt-arm_5.2.6/include" --advice:power="all" -g --gcc --define=__MSP432P401R__ --define=TARGET_IS_MSP432P4XX --define=ccs --display_error_number --diag_warning=225 --diag_wrap=off --preproc_with_compile --preproc_dependency="main.pp"  "../main.c"
Finished building: ../main.c
 
Building file: ../msp432_startup_ccs.c
Invoking: MSP432 Compiler
"/Applications/ti/ccsv6/tools/compiler/ti-cgt-arm_5.2.6/bin/armcl" -mv7M4 --code_state=16 --float_support=FPv4SPD16 --abi=eabi -me -Ooff --fp_mode=strict --include_path="/Applications/ti/ccsv6/ccs_base/arm/include" --include_path="/Applications/ti/ccsv6/ccs_base/arm/include/CMSIS" --include_path="/Users/marybiggs/Desktop/ECE461/Challenge2/driverlib/MSP432P4xx" --include_path="/Applications/ti/ccsv6/tools/compiler/ti-cgt-arm_5.2.6/include" --advice:power="all" -g --gcc --define=__MSP432P401R__ --define=TARGET_IS_MSP432P4XX --define=ccs --display_error_number --diag_warning=225 --diag_wrap=off --preproc_with_compile --preproc_dependency="msp432_startup_ccs.pp"  "../msp432_startup_ccs.c"
Finished building: ../msp432_startup_ccs.c
 
Building file: ../ports.c
Invoking: MSP432 Compiler
"/Applications/ti/ccsv6/tools/compiler/ti-cgt-arm_5.2.6/bin/armcl" -mv7M4 --code_state=16 --float_support=FPv4SPD16 --abi=eabi -me -Ooff --fp_mode=strict --include_path="/Applications/ti/ccsv6/ccs_base/arm/include" --include_path="/Applications/ti/ccsv6/ccs_base/arm/include/CMSIS" --include_path="/Users/marybiggs/Desktop/ECE461/Challenge2/driverlib/MSP432P4xx" --include_path="/Applications/ti/ccsv6/tools/compiler/ti-cgt-arm_5.2.6/include" --advice:power="all" -g --gcc --define=__MSP432P401R__ --define=TARGET_IS_MSP432P4XX --define=ccs --display_error_number --diag_warning=225 --diag_wrap=off --preproc_with_compile --preproc_dependency="ports.pp"  "../ports.c"
Finished building: ../ports.c
 
Building file: ../switch.c
Invoking: MSP432 Compiler
"/Applications/ti/ccsv6/tools/compiler/ti-cgt-arm_5.2.6/bin/armcl" -mv7M4 --code_state=16 --float_support=FPv4SPD16 --abi=eabi -me -Ooff --fp_mode=strict --include_path="/Applications/ti/ccsv6/ccs_base/arm/include" --include_path="/Applications/ti/ccsv6/ccs_base/arm/include/CMSIS" --include_path="/Users/marybiggs/Desktop/ECE461/Challenge2/driverlib/MSP432P4xx" --include_path="/Applications/ti/ccsv6/tools/compiler/ti-cgt-arm_5.2.6/include" --advice:power="all" -g --gcc --define=__MSP432P401R__ --define=TARGET_IS_MSP432P4XX --define=ccs --display_error_number --diag_warning=225 --diag_wrap=off --preproc_with_compile --preproc_dependency="switch.pp"  "../switch.c"
Finished building: ../switch.c
 
Building file: ../timers.c
Invoking: MSP432 Compiler
"/Applications/ti/ccsv6/tools/compiler/ti-cgt-arm_5.2.6/bin/armcl" -mv7M4 --code_state=16 --float_support=FPv4SPD16 --abi=eabi -me -Ooff --fp_mode=strict --include_path="/Applications/ti/ccsv6/ccs_base/arm/include" --include_path="/Applications/ti/ccsv6/ccs_base/arm/include/CMSIS" --include_path="/Users/marybiggs/Desktop/ECE461/Challenge2/driverlib/MSP432P4xx" --include_path="/Applications/ti/ccsv6/tools/compiler/ti-cgt-arm_5.2.6/include" --advice:power="all" -g --gcc --define=__MSP432P401R__ --define=TARGET_IS_MSP432P4XX --define=ccs --display_error_number --diag_warning=225 --diag_wrap=off --preproc_with_compile --preproc_dependency="timers.pp"  "../timers.c"
Finished building: ../timers.c
 
Building target: Challenge2.out
Invoking: MSP432 Linker
"/Applications/ti/ccsv6/tools/compiler/ti-cgt-arm_5.2.6/bin/armcl" -mv7M4 --code_state=16 --float_support=FPv4SPD16 --abi=eabi -me -Ooff --fp_mode=strict --advice:power="all" -g --gcc --define=__MSP432P401R__ --define=TARGET_IS_MSP432P4XX --define=ccs --display_error_number --diag_warning=225 --diag_wrap=off -z -m"Challenge2.map" --heap_size=1024 --stack_size=512 -i"/Applications/ti/ccsv6/ccs_base/arm/include" -i"/Applications/ti/ccsv6/tools/compiler/ti-cgt-arm_5.2.6/lib" -i"/Applications/ti/ccsv6/tools/compiler/ti-cgt-arm_5.2.6/include" --reread_libs --warn_sections --display_error_number --diag_wrap=off --xml_link_info="Challenge2_linkInfo.xml" --rom_model -o "Challenge2.out" "./HAL_I2C.obj" "./HAL_OPT3001.obj" "./adc.obj" "./alarm-state.obj" "./buzzer.obj" "./clocks.obj" "./interrupts.obj" "./main.obj" "./msp432_startup_ccs.obj" "./ports.obj" "./switch.obj" "./timers.obj" "../msp432p401r.cmd" "../msp432p4xx_driverlib.lib"  -l"libc.a"  
<Linking>
remark #10371-D: (ULP 1.1) Detected no uses of low power mode state changing instructions
remark #10372-D: (ULP 4.1) Detected uninitialized Port 1 in this project. Recommend initializing all unused ports to eliminate wasted current consumption on unused pins.
remark #10372-D: (ULP 4.1) Detected uninitialized Port 2 in this project. Recommend initializing all unused ports to eliminate wasted current consumption on unused pins.
remark #10372-D: (ULP 4.1) Detected uninitialized Port 3 in this project. Recommend initializing all unused ports to eliminate wasted current consumption on unused pins.
remark #10372-D: (ULP 4.1) Detected uninitialized Port 4 in this project. Recommend initializing all unused ports to eliminate wasted current consumption on unused pins.
remark #10372-D: (ULP 4.1) Detected uninitialized Port 5 in this project. Recommend initializing all unused ports to eliminate wasted current consumption on unused pins.
remark #10372-D: (ULP 4.1) Detected uninitialized Port 6 in this project. Recommend initializing all unused ports to eliminate wasted current consumption on unused pins.
remark #10372-D: (ULP 4.1) Detected uninitialized Port 7 in this project. Recommend initializing all unused ports to eliminate wasted current consumption on unused pins.
remark #10372-D: (ULP 4.1) Detected uninitialized Port 8 in this project. Recommend initializing all unused ports to eliminate wasted current consumption on unused pins.
remark #10372-D: (ULP 4.1) Detected uninitialized Port 9 in this project. Recommend initializing all unused ports to eliminate wasted current consumption on unused pins.
remark #10372-D: (ULP 4.1) Detected uninitialized Port 10 in this project. Recommend initializing all unused ports to eliminate wasted current consumption on unused pins.
Finished building target: Challenge2.out
 

**** Build Finished ****

**** Build of configuration Debug for project Challenge2 ****

/Applications/ti/ccsv6/utils/bin/gmake -k all 
gmake: Nothing to be done for 'all'.

**** Build Finished ****

**** Build of configuration Debug for project Challenge2 ****

/Applications/ti/ccsv6/utils/bin/gmake -k all 
Building file: ../alarm-state.c
Invoking: MSP432 Compiler
"/Applications/ti/ccsv6/tools/compiler/ti-cgt-arm_5.2.6/bin/armcl" -mv7M4 --code_state=16 --float_support=FPv4SPD16 --abi=eabi -me -Ooff --fp_mode=strict --include_path="/Applications/ti/ccsv6/ccs_base/arm/include" --include_path="/Applications/ti/ccsv6/ccs_base/arm/include/CMSIS" --include_path="/Users/marybiggs/Desktop/ECE461/Challenge2/driverlib/MSP432P4xx" --include_path="/Applications/ti/ccsv6/tools/compiler/ti-cgt-arm_5.2.6/include" --advice:power="all" -g --gcc --define=__MSP432P401R__ --define=TARGET_IS_MSP432P4XX --define=ccs --display_error_number --diag_warning=225 --diag_wrap=off --preproc_with_compile --preproc_dependency="alarm-state.pp"  "../alarm-state.c"
Finished building: ../alarm-state.c
 
Building target: Challenge2.out
Invoking: MSP432 Linker
"/Applications/ti/ccsv6/tools/compiler/ti-cgt-arm_5.2.6/bin/armcl" -mv7M4 --code_state=16 --float_support=FPv4SPD16 --abi=eabi -me -Ooff --fp_mode=strict --advice:power="all" -g --gcc --define=__MSP432P401R__ --define=TARGET_IS_MSP432P4XX --define=ccs --display_error_number --diag_warning=225 --diag_wrap=off -z -m"Challenge2.map" --heap_size=1024 --stack_size=512 -i"/Applications/ti/ccsv6/ccs_base/arm/include" -i"/Applications/ti/ccsv6/tools/compiler/ti-cgt-arm_5.2.6/lib" -i"/Applications/ti/ccsv6/tools/compiler/ti-cgt-arm_5.2.6/include" --reread_libs --warn_sections --display_error_number --diag_wrap=off --xml_link_info="Challenge2_linkInfo.xml" --rom_model -o "Challenge2.out" "./HAL_I2C.obj" "./HAL_OPT3001.obj" "./adc.obj" "./alarm-state.obj" "./buzzer.obj" "./clocks.obj" "./interrupts.obj" "./main.obj" "./msp432_startup_ccs.obj" "./ports.obj" "./switch.obj" "./timers.obj" "../msp432p401r.cmd" "../msp432p4xx_driverlib.lib"  -l"libc.a"  
<Linking>
remark #10371-D: (ULP 1.1) Detected no uses of low power mode state changing instructions
remark #10372-D: (ULP 4.1) Detected uninitialized Port 1 in this project. Recommend initializing all unused ports to eliminate wasted current consumption on unused pins.
remark #10372-D: (ULP 4.1) Detected uninitialized Port 2 in this project. Recommend initializing all unused ports to eliminate wasted current consumption on unused pins.
remark #10372-D: (ULP 4.1) Detected uninitialized Port 3 in this project. Recommend initializing all unused ports to eliminate wasted current consumption on unused pins.
remark #10372-D: (ULP 4.1) Detected uninitialized Port 4 in this project. Recommend initializing all unused ports to eliminate wasted current consumption on unused pins.
remark #10372-D: (ULP 4.1) Detected uninitialized Port 5 in this project. Recommend initializing all unused ports to eliminate wasted current consumption on unused pins.
remark #10372-D: (ULP 4.1) Detected uninitialized Port 6 in this project. Recommend initializing all unused ports to eliminate wasted current consumption on unused pins.
remark #10372-D: (ULP 4.1) Detected uninitialized Port 7 in this project. Recommend initializing all unused ports to eliminate wasted current consumption on unused pins.
remark #10372-D: (ULP 4.1) Detected uninitialized Port 8 in this project. Recommend initializing all unused ports to eliminate wasted current consumption on unused pins.
remark #10372-D: (ULP 4.1) Detected uninitialized Port 9 in this project. Recommend initializing all unused ports to eliminate wasted current consumption on unused pins.
remark #10372-D: (ULP 4.1) Detected uninitialized Port 10 in this project. Recommend initializing all unused ports to eliminate wasted current consumption on unused pins.
Finished building target: Challenge2.out
 

**** Build Finished ****

**** Build of configuration Debug for project Challenge2 ****

/Applications/ti/ccsv6/utils/bin/gmake -k all 
Building file: ../alarm-state.c
Invoking: MSP432 Compiler
"/Applications/ti/ccsv6/tools/compiler/ti-cgt-arm_5.2.6/bin/armcl" -mv7M4 --code_state=16 --float_support=FPv4SPD16 --abi=eabi -me -Ooff --fp_mode=strict --include_path="/Applications/ti/ccsv6/ccs_base/arm/include" --include_path="/Applications/ti/ccsv6/ccs_base/arm/include/CMSIS" --include_path="/Users/marybiggs/Desktop/ECE461/Challenge2/driverlib/MSP432P4xx" --include_path="/Applications/ti/ccsv6/tools/compiler/ti-cgt-arm_5.2.6/include" --advice:power="all" -g --gcc --define=__MSP432P401R__ --define=TARGET_IS_MSP432P4XX --define=ccs --display_error_number --diag_warning=225 --diag_wrap=off --preproc_with_compile --preproc_dependency="alarm-state.pp"  "../alarm-state.c"
Finished building: ../alarm-state.c
 
Building target: Challenge2.out
Invoking: MSP432 Linker
"/Applications/ti/ccsv6/tools/compiler/ti-cgt-arm_5.2.6/bin/armcl" -mv7M4 --code_state=16 --float_support=FPv4SPD16 --abi=eabi -me -Ooff --fp_mode=strict --advice:power="all" -g --gcc --define=__MSP432P401R__ --define=TARGET_IS_MSP432P4XX --define=ccs --display_error_number --diag_warning=225 --diag_wrap=off -z -m"Challenge2.map" --heap_size=1024 --stack_size=512 -i"/Applications/ti/ccsv6/ccs_base/arm/include" -i"/Applications/ti/ccsv6/tools/compiler/ti-cgt-arm_5.2.6/lib" -i"/Applications/ti/ccsv6/tools/compiler/ti-cgt-arm_5.2.6/include" --reread_libs --warn_sections --display_error_number --diag_wrap=off --xml_link_info="Challenge2_linkInfo.xml" --rom_model -o "Challenge2.out" "./HAL_I2C.obj" "./HAL_OPT3001.obj" "./adc.obj" "./alarm-state.obj" "./buzzer.obj" "./clocks.obj" "./interrupts.obj" "./main.obj" "./msp432_startup_ccs.obj" "./ports.obj" "./switch.obj" "./timers.obj" "../msp432p401r.cmd" "../msp432p4xx_driverlib.lib"  -l"libc.a"  
<Linking>
remark #10371-D: (ULP 1.1) Detected no uses of low power mode state changing instructions
remark #10372-D: (ULP 4.1) Detected uninitialized Port 1 in this project. Recommend initializing all unused ports to eliminate wasted current consumption on unused pins.
remark #10372-D: (ULP 4.1) Detected uninitialized Port 2 in this project. Recommend initializing all unused ports to eliminate wasted current consumption on unused pins.
remark #10372-D: (ULP 4.1) Detected uninitialized Port 3 in this project. Recommend initializing all unused ports to eliminate wasted current consumption on unused pins.
remark #10372-D: (ULP 4.1) Detected uninitialized Port 4 in this project. Recommend initializing all unused ports to eliminate wasted current consumption on unused pins.
remark #10372-D: (ULP 4.1) Detected uninitialized Port 5 in this project. Recommend initializing all unused ports to eliminate wasted current consumption on unused pins.
remark #10372-D: (ULP 4.1) Detected uninitialized Port 6 in this project. Recommend initializing all unused ports to eliminate wasted current consumption on unused pins.
remark #10372-D: (ULP 4.1) Detected uninitialized Port 7 in this project. Recommend initializing all unused ports to eliminate wasted current consumption on unused pins.
remark #10372-D: (ULP 4.1) Detected uninitialized Port 8 in this project. Recommend initializing all unused ports to eliminate wasted current consumption on unused pins.
remark #10372-D: (ULP 4.1) Detected uninitialized Port 9 in this project. Recommend initializing all unused ports to eliminate wasted current consumption on unused pins.
remark #10372-D: (ULP 4.1) Detected uninitialized Port 10 in this project. Recommend initializing all unused ports to eliminate wasted current consumption on unused pins.
Finished building target: Challenge2.out
 

**** Build Finished ****

**** Build of configuration Debug for project Challenge2 ****

/Applications/ti/ccsv6/utils/bin/gmake -k all 
Building file: ../switch.c
Invoking: MSP432 Compiler
"/Applications/ti/ccsv6/tools/compiler/ti-cgt-arm_5.2.6/bin/armcl" -mv7M4 --code_state=16 --float_support=FPv4SPD16 --abi=eabi -me -Ooff --fp_mode=strict --include_path="/Applications/ti/ccsv6/ccs_base/arm/include" --include_path="/Applications/ti/ccsv6/ccs_base/arm/include/CMSIS" --include_path="/Users/marybiggs/Desktop/ECE461/Challenge2/driverlib/MSP432P4xx" --include_path="/Applications/ti/ccsv6/tools/compiler/ti-cgt-arm_5.2.6/include" --advice:power="all" -g --gcc --define=__MSP432P401R__ --define=TARGET_IS_MSP432P4XX --define=ccs --display_error_number --diag_warning=225 --diag_wrap=off --preproc_with_compile --preproc_dependency="switch.pp"  "../switch.c"
Finished building: ../switch.c
 
Building target: Challenge2.out
Invoking: MSP432 Linker
"/Applications/ti/ccsv6/tools/compiler/ti-cgt-arm_5.2.6/bin/armcl" -mv7M4 --code_state=16 --float_support=FPv4SPD16 --abi=eabi -me -Ooff --fp_mode=strict --advice:power="all" -g --gcc --define=__MSP432P401R__ --define=TARGET_IS_MSP432P4XX --define=ccs --display_error_number --diag_warning=225 --diag_wrap=off -z -m"Challenge2.map" --heap_size=1024 --stack_size=512 -i"/Applications/ti/ccsv6/ccs_base/arm/include" -i"/Applications/ti/ccsv6/tools/compiler/ti-cgt-arm_5.2.6/lib" -i"/Applications/ti/ccsv6/tools/compiler/ti-cgt-arm_5.2.6/include" --reread_libs --warn_sections --display_error_number --diag_wrap=off --xml_link_info="Challenge2_linkInfo.xml" --rom_model -o "Challenge2.out" "./HAL_I2C.obj" "./HAL_OPT3001.obj" "./adc.obj" "./alarm-state.obj" "./buzzer.obj" "./clocks.obj" "./interrupts.obj" "./main.obj" "./msp432_startup_ccs.obj" "./ports.obj" "./switch.obj" "./timers.obj" "../msp432p401r.cmd" "../msp432p4xx_driverlib.lib"  -l"libc.a"  
<Linking>
remark #10371-D: (ULP 1.1) Detected no uses of low power mode state changing instructions
remark #10372-D: (ULP 4.1) Detected uninitialized Port 1 in this project. Recommend initializing all unused ports to eliminate wasted current consumption on unused pins.
remark #10372-D: (ULP 4.1) Detected uninitialized Port 2 in this project. Recommend initializing all unused ports to eliminate wasted current consumption on unused pins.
remark #10372-D: (ULP 4.1) Detected uninitialized Port 3 in this project. Recommend initializing all unused ports to eliminate wasted current consumption on unused pins.
remark #10372-D: (ULP 4.1) Detected uninitialized Port 4 in this project. Recommend initializing all unused ports to eliminate wasted current consumption on unused pins.
remark #10372-D: (ULP 4.1) Detected uninitialized Port 5 in this project. Recommend initializing all unused ports to eliminate wasted current consumption on unused pins.
remark #10372-D: (ULP 4.1) Detected uninitialized Port 6 in this project. Recommend initializing all unused ports to eliminate wasted current consumption on unused pins.
remark #10372-D: (ULP 4.1) Detected uninitialized Port 7 in this project. Recommend initializing all unused ports to eliminate wasted current consumption on unused pins.
remark #10372-D: (ULP 4.1) Detected uninitialized Port 8 in this project. Recommend initializing all unused ports to eliminate wasted current consumption on unused pins.
remark #10372-D: (ULP 4.1) Detected uninitialized Port 9 in this project. Recommend initializing all unused ports to eliminate wasted current consumption on unused pins.
remark #10372-D: (ULP 4.1) Detected uninitialized Port 10 in this project. Recommend initializing all unused ports to eliminate wasted current consumption on unused pins.
Finished building target: Challenge2.out
 

**** Build Finished ****

**** Build of configuration Debug for project Challenge2 ****

/Applications/ti/ccsv6/utils/bin/gmake -k all 
gmake: Nothing to be done for 'all'.

**** Build Finished ****

**** Build of configuration Debug for project Challenge2 ****

/Applications/ti/ccsv6/utils/bin/gmake -k all 
Building file: ../main.c
Invoking: MSP432 Compiler
"/Applications/ti/ccsv6/tools/compiler/ti-cgt-arm_5.2.6/bin/armcl" -mv7M4 --code_state=16 --float_support=FPv4SPD16 --abi=eabi -me -Ooff --fp_mode=strict --include_path="/Applications/ti/ccsv6/ccs_base/arm/include" --include_path="/Applications/ti/ccsv6/ccs_base/arm/include/CMSIS" --include_path="/Users/marybiggs/Desktop/ECE461/Challenge2/driverlib/MSP432P4xx" --include_path="/Applications/ti/ccsv6/tools/compiler/ti-cgt-arm_5.2.6/include" --advice:power="all" -g --gcc --define=__MSP432P401R__ --define=TARGET_IS_MSP432P4XX --define=ccs --display_error_number --diag_warning=225 --diag_wrap=off --preproc_with_compile --preproc_dependency="main.pp"  "../main.c"
Finished building: ../main.c
 
Building target: Challenge2.out
Invoking: MSP432 Linker
"/Applications/ti/ccsv6/tools/compiler/ti-cgt-arm_5.2.6/bin/armcl" -mv7M4 --code_state=16 --float_support=FPv4SPD16 --abi=eabi -me -Ooff --fp_mode=strict --advice:power="all" -g --gcc --define=__MSP432P401R__ --define=TARGET_IS_MSP432P4XX --define=ccs --display_error_number --diag_warning=225 --diag_wrap=off -z -m"Challenge2.map" --heap_size=1024 --stack_size=512 -i"/Applications/ti/ccsv6/ccs_base/arm/include" -i"/Applications/ti/ccsv6/tools/compiler/ti-cgt-arm_5.2.6/lib" -i"/Applications/ti/ccsv6/tools/compiler/ti-cgt-arm_5.2.6/include" --reread_libs --warn_sections --display_error_number --diag_wrap=off --xml_link_info="Challenge2_linkInfo.xml" --rom_model -o "Challenge2.out" "./HAL_I2C.obj" "./HAL_OPT3001.obj" "./adc.obj" "./alarm-state.obj" "./buzzer.obj" "./clocks.obj" "./interrupts.obj" "./main.obj" "./msp432_startup_ccs.obj" "./ports.obj" "./switch.obj" "./timers.obj" "../msp432p401r.cmd" "../msp432p4xx_driverlib.lib"  -l"libc.a"  
<Linking>
remark #10371-D: (ULP 1.1) Detected no uses of low power mode state changing instructions
remark #10372-D: (ULP 4.1) Detected uninitialized Port 1 in this project. Recommend initializing all unused ports to eliminate wasted current consumption on unused pins.
remark #10372-D: (ULP 4.1) Detected uninitialized Port 2 in this project. Recommend initializing all unused ports to eliminate wasted current consumption on unused pins.
remark #10372-D: (ULP 4.1) Detected uninitialized Port 3 in this project. Recommend initializing all unused ports to eliminate wasted current consumption on unused pins.
remark #10372-D: (ULP 4.1) Detected uninitialized Port 4 in this project. Recommend initializing all unused ports to eliminate wasted current consumption on unused pins.
remark #10372-D: (ULP 4.1) Detected uninitialized Port 5 in this project. Recommend initializing all unused ports to eliminate wasted current consumption on unused pins.
remark #10372-D: (ULP 4.1) Detected uninitialized Port 6 in this project. Recommend initializing all unused ports to eliminate wasted current consumption on unused pins.
remark #10372-D: (ULP 4.1) Detected uninitialized Port 7 in this project. Recommend initializing all unused ports to eliminate wasted current consumption on unused pins.
remark #10372-D: (ULP 4.1) Detected uninitialized Port 8 in this project. Recommend initializing all unused ports to eliminate wasted current consumption on unused pins.
remark #10372-D: (ULP 4.1) Detected uninitialized Port 9 in this project. Recommend initializing all unused ports to eliminate wasted current consumption on unused pins.
remark #10372-D: (ULP 4.1) Detected uninitialized Port 10 in this project. Recommend initializing all unused ports to eliminate wasted current consumption on unused pins.
Finished building target: Challenge2.out
 

**** Build Finished ****

**** Build of configuration Debug for project Challenge2 ****

/Applications/ti/ccsv6/utils/bin/gmake -k all 
Building file: ../main.c
Invoking: MSP432 Compiler
"/Applications/ti/ccsv6/tools/compiler/ti-cgt-arm_5.2.6/bin/armcl" -mv7M4 --code_state=16 --float_support=FPv4SPD16 --abi=eabi -me -Ooff --fp_mode=strict --include_path="/Applications/ti/ccsv6/ccs_base/arm/include" --include_path="/Applications/ti/ccsv6/ccs_base/arm/include/CMSIS" --include_path="/Users/marybiggs/Desktop/ECE461/Challenge2/driverlib/MSP432P4xx" --include_path="/Applications/ti/ccsv6/tools/compiler/ti-cgt-arm_5.2.6/include" --advice:power="all" -g --gcc --define=__MSP432P401R__ --define=TARGET_IS_MSP432P4XX --define=ccs --display_error_number --diag_warning=225 --diag_wrap=off --preproc_with_compile --preproc_dependency="main.pp"  "../main.c"
Finished building: ../main.c
 
Building target: Challenge2.out
Invoking: MSP432 Linker
"/Applications/ti/ccsv6/tools/compiler/ti-cgt-arm_5.2.6/bin/armcl" -mv7M4 --code_state=16 --float_support=FPv4SPD16 --abi=eabi -me -Ooff --fp_mode=strict --advice:power="all" -g --gcc --define=__MSP432P401R__ --define=TARGET_IS_MSP432P4XX --define=ccs --display_error_number --diag_warning=225 --diag_wrap=off -z -m"Challenge2.map" --heap_size=1024 --stack_size=512 -i"/Applications/ti/ccsv6/ccs_base/arm/include" -i"/Applications/ti/ccsv6/tools/compiler/ti-cgt-arm_5.2.6/lib" -i"/Applications/ti/ccsv6/tools/compiler/ti-cgt-arm_5.2.6/include" --reread_libs --warn_sections --display_error_number --diag_wrap=off --xml_link_info="Challenge2_linkInfo.xml" --rom_model -o "Challenge2.out" "./HAL_I2C.obj" "./HAL_OPT3001.obj" "./adc.obj" "./alarm-state.obj" "./buzzer.obj" "./clocks.obj" "./interrupts.obj" "./main.obj" "./msp432_startup_ccs.obj" "./ports.obj" "./switch.obj" "./timers.obj" "../msp432p401r.cmd" "../msp432p4xx_driverlib.lib"  -l"libc.a"  
<Linking>
remark #10371-D: (ULP 1.1) Detected no uses of low power mode state changing instructions
remark #10372-D: (ULP 4.1) Detected uninitialized Port 1 in this project. Recommend initializing all unused ports to eliminate wasted current consumption on unused pins.
remark #10372-D: (ULP 4.1) Detected uninitialized Port 2 in this project. Recommend initializing all unused ports to eliminate wasted current consumption on unused pins.
remark #10372-D: (ULP 4.1) Detected uninitialized Port 3 in this project. Recommend initializing all unused ports to eliminate wasted current consumption on unused pins.
remark #10372-D: (ULP 4.1) Detected uninitialized Port 4 in this project. Recommend initializing all unused ports to eliminate wasted current consumption on unused pins.
remark #10372-D: (ULP 4.1) Detected uninitialized Port 5 in this project. Recommend initializing all unused ports to eliminate wasted current consumption on unused pins.
remark #10372-D: (ULP 4.1) Detected uninitialized Port 6 in this project. Recommend initializing all unused ports to eliminate wasted current consumption on unused pins.
remark #10372-D: (ULP 4.1) Detected uninitialized Port 7 in this project. Recommend initializing all unused ports to eliminate wasted current consumption on unused pins.
remark #10372-D: (ULP 4.1) Detected uninitialized Port 8 in this project. Recommend initializing all unused ports to eliminate wasted current consumption on unused pins.
remark #10372-D: (ULP 4.1) Detected uninitialized Port 9 in this project. Recommend initializing all unused ports to eliminate wasted current consumption on unused pins.
remark #10372-D: (ULP 4.1) Detected uninitialized Port 10 in this project. Recommend initializing all unused ports to eliminate wasted current consumption on unused pins.
Finished building target: Challenge2.out
 

**** Build Finished ****

**** Build of configuration Debug for project Challenge2 ****

/Applications/ti/ccsv6/utils/bin/gmake -k all 
gmake: Nothing to be done for 'all'.

**** Build Finished ****

**** Build of configuration Debug for project Challenge2 ****

/Applications/ti/ccsv6/utils/bin/gmake -k all 
Building file: ../alarm-state.c
Invoking: MSP432 Compiler
"/Applications/ti/ccsv6/tools/compiler/ti-cgt-arm_5.2.6/bin/armcl" -mv7M4 --code_state=16 --float_support=FPv4SPD16 --abi=eabi -me -Ooff --fp_mode=strict --include_path="/Applications/ti/ccsv6/ccs_base/arm/include" --include_path="/Applications/ti/ccsv6/ccs_base/arm/include/CMSIS" --include_path="/Users/marybiggs/Desktop/ECE461/Challenge2/driverlib/MSP432P4xx" --include_path="/Applications/ti/ccsv6/tools/compiler/ti-cgt-arm_5.2.6/include" --advice:power="all" -g --gcc --define=__MSP432P401R__ --define=TARGET_IS_MSP432P4XX --define=ccs --display_error_number --diag_warning=225 --diag_wrap=off --preproc_with_compile --preproc_dependency="alarm-state.pp"  "../alarm-state.c"
Finished building: ../alarm-state.c
 
Building target: Challenge2.out
Invoking: MSP432 Linker
"/Applications/ti/ccsv6/tools/compiler/ti-cgt-arm_5.2.6/bin/armcl" -mv7M4 --code_state=16 --float_support=FPv4SPD16 --abi=eabi -me -Ooff --fp_mode=strict --advice:power="all" -g --gcc --define=__MSP432P401R__ --define=TARGET_IS_MSP432P4XX --define=ccs --display_error_number --diag_warning=225 --diag_wrap=off -z -m"Challenge2.map" --heap_size=1024 --stack_size=512 -i"/Applications/ti/ccsv6/ccs_base/arm/include" -i"/Applications/ti/ccsv6/tools/compiler/ti-cgt-arm_5.2.6/lib" -i"/Applications/ti/ccsv6/tools/compiler/ti-cgt-arm_5.2.6/include" --reread_libs --warn_sections --display_error_number --diag_wrap=off --xml_link_info="Challenge2_linkInfo.xml" --rom_model -o "Challenge2.out" "./HAL_I2C.obj" "./HAL_OPT3001.obj" "./adc.obj" "./alarm-state.obj" "./buzzer.obj" "./clocks.obj" "./interrupts.obj" "./main.obj" "./msp432_startup_ccs.obj" "./ports.obj" "./switch.obj" "./timers.obj" "../msp432p401r.cmd" "../msp432p4xx_driverlib.lib"  -l"libc.a"  
<Linking>
remark #10371-D: (ULP 1.1) Detected no uses of low power mode state changing instructions
remark #10372-D: (ULP 4.1) Detected uninitialized Port 1 in this project. Recommend initializing all unused ports to eliminate wasted current consumption on unused pins.
remark #10372-D: (ULP 4.1) Detected uninitialized Port 2 in this project. Recommend initializing all unused ports to eliminate wasted current consumption on unused pins.
remark #10372-D: (ULP 4.1) Detected uninitialized Port 3 in this project. Recommend initializing all unused ports to eliminate wasted current consumption on unused pins.
remark #10372-D: (ULP 4.1) Detected uninitialized Port 4 in this project. Recommend initializing all unused ports to eliminate wasted current consumption on unused pins.
remark #10372-D: (ULP 4.1) Detected uninitialized Port 5 in this project. Recommend initializing all unused ports to eliminate wasted current consumption on unused pins.
remark #10372-D: (ULP 4.1) Detected uninitialized Port 6 in this project. Recommend initializing all unused ports to eliminate wasted current consumption on unused pins.
remark #10372-D: (ULP 4.1) Detected uninitialized Port 7 in this project. Recommend initializing all unused ports to eliminate wasted current consumption on unused pins.
remark #10372-D: (ULP 4.1) Detected uninitialized Port 8 in this project. Recommend initializing all unused ports to eliminate wasted current consumption on unused pins.
remark #10372-D: (ULP 4.1) Detected uninitialized Port 9 in this project. Recommend initializing all unused ports to eliminate wasted current consumption on unused pins.
remark #10372-D: (ULP 4.1) Detected uninitialized Port 10 in this project. Recommend initializing all unused ports to eliminate wasted current consumption on unused pins.
Finished building target: Challenge2.out
 

**** Build Finished ****

**** Build of configuration Debug for project Challenge2 ****

/Applications/ti/ccsv6/utils/bin/gmake -k all 
Building file: ../main.c
Invoking: MSP432 Compiler
"/Applications/ti/ccsv6/tools/compiler/ti-cgt-arm_5.2.6/bin/armcl" -mv7M4 --code_state=16 --float_support=FPv4SPD16 --abi=eabi -me -Ooff --fp_mode=strict --include_path="/Applications/ti/ccsv6/ccs_base/arm/include" --include_path="/Applications/ti/ccsv6/ccs_base/arm/include/CMSIS" --include_path="/Users/marybiggs/Desktop/ECE461/Challenge2/driverlib/MSP432P4xx" --include_path="/Applications/ti/ccsv6/tools/compiler/ti-cgt-arm_5.2.6/include" --advice:power="all" -g --gcc --define=__MSP432P401R__ --define=TARGET_IS_MSP432P4XX --define=ccs --display_error_number --diag_warning=225 --diag_wrap=off --preproc_with_compile --preproc_dependency="main.pp"  "../main.c"
Finished building: ../main.c
 
Building target: Challenge2.out
Invoking: MSP432 Linker
"/Applications/ti/ccsv6/tools/compiler/ti-cgt-arm_5.2.6/bin/armcl" -mv7M4 --code_state=16 --float_support=FPv4SPD16 --abi=eabi -me -Ooff --fp_mode=strict --advice:power="all" -g --gcc --define=__MSP432P401R__ --define=TARGET_IS_MSP432P4XX --define=ccs --display_error_number --diag_warning=225 --diag_wrap=off -z -m"Challenge2.map" --heap_size=1024 --stack_size=512 -i"/Applications/ti/ccsv6/ccs_base/arm/include" -i"/Applications/ti/ccsv6/tools/compiler/ti-cgt-arm_5.2.6/lib" -i"/Applications/ti/ccsv6/tools/compiler/ti-cgt-arm_5.2.6/include" --reread_libs --warn_sections --display_error_number --diag_wrap=off --xml_link_info="Challenge2_linkInfo.xml" --rom_model -o "Challenge2.out" "./HAL_I2C.obj" "./HAL_OPT3001.obj" "./adc.obj" "./alarm-state.obj" "./buzzer.obj" "./clocks.obj" "./interrupts.obj" "./main.obj" "./msp432_startup_ccs.obj" "./ports.obj" "./switch.obj" "./timers.obj" "../msp432p401r.cmd" "../msp432p4xx_driverlib.lib"  -l"libc.a"  
<Linking>
remark #10371-D: (ULP 1.1) Detected no uses of low power mode state changing instructions
remark #10372-D: (ULP 4.1) Detected uninitialized Port 1 in this project. Recommend initializing all unused ports to eliminate wasted current consumption on unused pins.
remark #10372-D: (ULP 4.1) Detected uninitialized Port 2 in this project. Recommend initializing all unused ports to eliminate wasted current consumption on unused pins.
remark #10372-D: (ULP 4.1) Detected uninitialized Port 3 in this project. Recommend initializing all unused ports to eliminate wasted current consumption on unused pins.
remark #10372-D: (ULP 4.1) Detected uninitialized Port 4 in this project. Recommend initializing all unused ports to eliminate wasted current consumption on unused pins.
remark #10372-D: (ULP 4.1) Detected uninitialized Port 5 in this project. Recommend initializing all unused ports to eliminate wasted current consumption on unused pins.
remark #10372-D: (ULP 4.1) Detected uninitialized Port 6 in this project. Recommend initializing all unused ports to eliminate wasted current consumption on unused pins.
remark #10372-D: (ULP 4.1) Detected uninitialized Port 7 in this project. Recommend initializing all unused ports to eliminate wasted current consumption on unused pins.
remark #10372-D: (ULP 4.1) Detected uninitialized Port 8 in this project. Recommend initializing all unused ports to eliminate wasted current consumption on unused pins.
remark #10372-D: (ULP 4.1) Detected uninitialized Port 9 in this project. Recommend initializing all unused ports to eliminate wasted current consumption on unused pins.
remark #10372-D: (ULP 4.1) Detected uninitialized Port 10 in this project. Recommend initializing all unused ports to eliminate wasted current consumption on unused pins.
Finished building target: Challenge2.out
 

**** Build Finished ****

**** Build of configuration Debug for project Challenge2 ****

/Applications/ti/ccsv6/utils/bin/gmake -k all 
Building file: ../main.c
Invoking: MSP432 Compiler
"/Applications/ti/ccsv6/tools/compiler/ti-cgt-arm_5.2.6/bin/armcl" -mv7M4 --code_state=16 --float_support=FPv4SPD16 --abi=eabi -me -Ooff --fp_mode=strict --include_path="/Applications/ti/ccsv6/ccs_base/arm/include" --include_path="/Applications/ti/ccsv6/ccs_base/arm/include/CMSIS" --include_path="/Users/marybiggs/Desktop/ECE461/Challenge2/driverlib/MSP432P4xx" --include_path="/Applications/ti/ccsv6/tools/compiler/ti-cgt-arm_5.2.6/include" --advice:power="all" -g --gcc --define=__MSP432P401R__ --define=TARGET_IS_MSP432P4XX --define=ccs --display_error_number --diag_warning=225 --diag_wrap=off --preproc_with_compile --preproc_dependency="main.pp"  "../main.c"
Finished building: ../main.c
 
Building target: Challenge2.out
Invoking: MSP432 Linker
"/Applications/ti/ccsv6/tools/compiler/ti-cgt-arm_5.2.6/bin/armcl" -mv7M4 --code_state=16 --float_support=FPv4SPD16 --abi=eabi -me -Ooff --fp_mode=strict --advice:power="all" -g --gcc --define=__MSP432P401R__ --define=TARGET_IS_MSP432P4XX --define=ccs --display_error_number --diag_warning=225 --diag_wrap=off -z -m"Challenge2.map" --heap_size=1024 --stack_size=512 -i"/Applications/ti/ccsv6/ccs_base/arm/include" -i"/Applications/ti/ccsv6/tools/compiler/ti-cgt-arm_5.2.6/lib" -i"/Applications/ti/ccsv6/tools/compiler/ti-cgt-arm_5.2.6/include" --reread_libs --warn_sections --display_error_number --diag_wrap=off --xml_link_info="Challenge2_linkInfo.xml" --rom_model -o "Challenge2.out" "./HAL_I2C.obj" "./HAL_OPT3001.obj" "./adc.obj" "./alarm-state.obj" "./buzzer.obj" "./clocks.obj" "./interrupts.obj" "./main.obj" "./msp432_startup_ccs.obj" "./ports.obj" "./switch.obj" "./timers.obj" "../msp432p401r.cmd" "../msp432p4xx_driverlib.lib"  -l"libc.a"  
<Linking>
remark #10371-D: (ULP 1.1) Detected no uses of low power mode state changing instructions
remark #10372-D: (ULP 4.1) Detected uninitialized Port 1 in this project. Recommend initializing all unused ports to eliminate wasted current consumption on unused pins.
remark #10372-D: (ULP 4.1) Detected uninitialized Port 2 in this project. Recommend initializing all unused ports to eliminate wasted current consumption on unused pins.
remark #10372-D: (ULP 4.1) Detected uninitialized Port 3 in this project. Recommend initializing all unused ports to eliminate wasted current consumption on unused pins.
remark #10372-D: (ULP 4.1) Detected uninitialized Port 4 in this project. Recommend initializing all unused ports to eliminate wasted current consumption on unused pins.
remark #10372-D: (ULP 4.1) Detected uninitialized Port 5 in this project. Recommend initializing all unused ports to eliminate wasted current consumption on unused pins.
remark #10372-D: (ULP 4.1) Detected uninitialized Port 6 in this project. Recommend initializing all unused ports to eliminate wasted current consumption on unused pins.
remark #10372-D: (ULP 4.1) Detected uninitialized Port 7 in this project. Recommend initializing all unused ports to eliminate wasted current consumption on unused pins.
remark #10372-D: (ULP 4.1) Detected uninitialized Port 8 in this project. Recommend initializing all unused ports to eliminate wasted current consumption on unused pins.
remark #10372-D: (ULP 4.1) Detected uninitialized Port 9 in this project. Recommend initializing all unused ports to eliminate wasted current consumption on unused pins.
remark #10372-D: (ULP 4.1) Detected uninitialized Port 10 in this project. Recommend initializing all unused ports to eliminate wasted current consumption on unused pins.
Finished building target: Challenge2.out
 

**** Build Finished ****

**** Build of configuration Debug for project Challenge2 ****

/Applications/ti/ccsv6/utils/bin/gmake -k all 
Building file: ../main.c
Invoking: MSP432 Compiler
"/Applications/ti/ccsv6/tools/compiler/ti-cgt-arm_5.2.6/bin/armcl" -mv7M4 --code_state=16 --float_support=FPv4SPD16 --abi=eabi -me -Ooff --fp_mode=strict --include_path="/Applications/ti/ccsv6/ccs_base/arm/include" --include_path="/Applications/ti/ccsv6/ccs_base/arm/include/CMSIS" --include_path="/Users/marybiggs/Desktop/ECE461/Challenge2/driverlib/MSP432P4xx" --include_path="/Applications/ti/ccsv6/tools/compiler/ti-cgt-arm_5.2.6/include" --advice:power="all" -g --gcc --define=__MSP432P401R__ --define=TARGET_IS_MSP432P4XX --define=ccs --display_error_number --diag_warning=225 --diag_wrap=off --preproc_with_compile --preproc_dependency="main.pp"  "../main.c"
Finished building: ../main.c
 
Building target: Challenge2.out
Invoking: MSP432 Linker
"/Applications/ti/ccsv6/tools/compiler/ti-cgt-arm_5.2.6/bin/armcl" -mv7M4 --code_state=16 --float_support=FPv4SPD16 --abi=eabi -me -Ooff --fp_mode=strict --advice:power="all" -g --gcc --define=__MSP432P401R__ --define=TARGET_IS_MSP432P4XX --define=ccs --display_error_number --diag_warning=225 --diag_wrap=off -z -m"Challenge2.map" --heap_size=1024 --stack_size=512 -i"/Applications/ti/ccsv6/ccs_base/arm/include" -i"/Applications/ti/ccsv6/tools/compiler/ti-cgt-arm_5.2.6/lib" -i"/Applications/ti/ccsv6/tools/compiler/ti-cgt-arm_5.2.6/include" --reread_libs --warn_sections --display_error_number --diag_wrap=off --xml_link_info="Challenge2_linkInfo.xml" --rom_model -o "Challenge2.out" "./HAL_I2C.obj" "./HAL_OPT3001.obj" "./adc.obj" "./alarm-state.obj" "./buzzer.obj" "./clocks.obj" "./interrupts.obj" "./main.obj" "./msp432_startup_ccs.obj" "./ports.obj" "./switch.obj" "./timers.obj" "../msp432p401r.cmd" "../msp432p4xx_driverlib.lib"  -l"libc.a"  
<Linking>
remark #10371-D: (ULP 1.1) Detected no uses of low power mode state changing instructions
remark #10372-D: (ULP 4.1) Detected uninitialized Port 1 in this project. Recommend initializing all unused ports to eliminate wasted current consumption on unused pins.
remark #10372-D: (ULP 4.1) Detected uninitialized Port 2 in this project. Recommend initializing all unused ports to eliminate wasted current consumption on unused pins.
remark #10372-D: (ULP 4.1) Detected uninitialized Port 3 in this project. Recommend initializing all unused ports to eliminate wasted current consumption on unused pins.
remark #10372-D: (ULP 4.1) Detected uninitialized Port 4 in this project. Recommend initializing all unused ports to eliminate wasted current consumption on unused pins.
remark #10372-D: (ULP 4.1) Detected uninitialized Port 5 in this project. Recommend initializing all unused ports to eliminate wasted current consumption on unused pins.
remark #10372-D: (ULP 4.1) Detected uninitialized Port 6 in this project. Recommend initializing all unused ports to eliminate wasted current consumption on unused pins.
remark #10372-D: (ULP 4.1) Detected uninitialized Port 7 in this project. Recommend initializing all unused ports to eliminate wasted current consumption on unused pins.
remark #10372-D: (ULP 4.1) Detected uninitialized Port 8 in this project. Recommend initializing all unused ports to eliminate wasted current consumption on unused pins.
remark #10372-D: (ULP 4.1) Detected uninitialized Port 9 in this project. Recommend initializing all unused ports to eliminate wasted current consumption on unused pins.
remark #10372-D: (ULP 4.1) Detected uninitialized Port 10 in this project. Recommend initializing all unused ports to eliminate wasted current consumption on unused pins.
Finished building target: Challenge2.out
 

**** Build Finished ****

**** Build of configuration Debug for project Challenge2 ****

/Applications/ti/ccsv6/utils/bin/gmake -k all 
Building file: ../switch.c
Invoking: MSP432 Compiler
"/Applications/ti/ccsv6/tools/compiler/ti-cgt-arm_5.2.6/bin/armcl" -mv7M4 --code_state=16 --float_support=FPv4SPD16 --abi=eabi -me -Ooff --fp_mode=strict --include_path="/Applications/ti/ccsv6/ccs_base/arm/include" --include_path="/Applications/ti/ccsv6/ccs_base/arm/include/CMSIS" --include_path="/Users/marybiggs/Desktop/ECE461/Challenge2/driverlib/MSP432P4xx" --include_path="/Applications/ti/ccsv6/tools/compiler/ti-cgt-arm_5.2.6/include" --advice:power="all" -g --gcc --define=__MSP432P401R__ --define=TARGET_IS_MSP432P4XX --define=ccs --display_error_number --diag_warning=225 --diag_wrap=off --preproc_with_compile --preproc_dependency="switch.pp"  "../switch.c"
"../switch.c", line 17: error #29: expected an expression
"../switch.c", line 20: warning #12-D: parsing restarts here after previous syntax error
"../switch.c", line 20: error #66: expected a ";"
2 errors detected in the compilation of "../switch.c".

>> Compilation failure
subdir_rules.mk:77: recipe for target 'switch.obj' failed
gmake: *** [switch.obj] Error 1
gmake: Target 'all' not remade because of errors.

**** Build Finished ****

**** Build of configuration Debug for project Challenge2 ****

/Applications/ti/ccsv6/utils/bin/gmake -k all 
Building file: ../switch.c
Invoking: MSP432 Compiler
"/Applications/ti/ccsv6/tools/compiler/ti-cgt-arm_5.2.6/bin/armcl" -mv7M4 --code_state=16 --float_support=FPv4SPD16 --abi=eabi -me -Ooff --fp_mode=strict --include_path="/Applications/ti/ccsv6/ccs_base/arm/include" --include_path="/Applications/ti/ccsv6/ccs_base/arm/include/CMSIS" --include_path="/Users/marybiggs/Desktop/ECE461/Challenge2/driverlib/MSP432P4xx" --include_path="/Applications/ti/ccsv6/tools/compiler/ti-cgt-arm_5.2.6/include" --advice:power="all" -g --gcc --define=__MSP432P401R__ --define=TARGET_IS_MSP432P4XX --define=ccs --display_error_number --diag_warning=225 --diag_wrap=off --preproc_with_compile --preproc_dependency="switch.pp"  "../switch.c"
Finished building: ../switch.c
 
Building target: Challenge2.out
Invoking: MSP432 Linker
"/Applications/ti/ccsv6/tools/compiler/ti-cgt-arm_5.2.6/bin/armcl" -mv7M4 --code_state=16 --float_support=FPv4SPD16 --abi=eabi -me -Ooff --fp_mode=strict --advice:power="all" -g --gcc --define=__MSP432P401R__ --define=TARGET_IS_MSP432P4XX --define=ccs --display_error_number --diag_warning=225 --diag_wrap=off -z -m"Challenge2.map" --heap_size=1024 --stack_size=512 -i"/Applications/ti/ccsv6/ccs_base/arm/include" -i"/Applications/ti/ccsv6/tools/compiler/ti-cgt-arm_5.2.6/lib" -i"/Applications/ti/ccsv6/tools/compiler/ti-cgt-arm_5.2.6/include" --reread_libs --warn_sections --display_error_number --diag_wrap=off --xml_link_info="Challenge2_linkInfo.xml" --rom_model -o "Challenge2.out" "./HAL_I2C.obj" "./HAL_OPT3001.obj" "./adc.obj" "./alarm-state.obj" "./buzzer.obj" "./clocks.obj" "./interrupts.obj" "./main.obj" "./msp432_startup_ccs.obj" "./ports.obj" "./switch.obj" "./timers.obj" "../msp432p401r.cmd" "../msp432p4xx_driverlib.lib"  -l"libc.a"  
<Linking>
remark #10371-D: (ULP 1.1) Detected no uses of low power mode state changing instructions
remark #10372-D: (ULP 4.1) Detected uninitialized Port 1 in this project. Recommend initializing all unused ports to eliminate wasted current consumption on unused pins.
remark #10372-D: (ULP 4.1) Detected uninitialized Port 2 in this project. Recommend initializing all unused ports to eliminate wasted current consumption on unused pins.
remark #10372-D: (ULP 4.1) Detected uninitialized Port 3 in this project. Recommend initializing all unused ports to eliminate wasted current consumption on unused pins.
remark #10372-D: (ULP 4.1) Detected uninitialized Port 4 in this project. Recommend initializing all unused ports to eliminate wasted current consumption on unused pins.
remark #10372-D: (ULP 4.1) Detected uninitialized Port 5 in this project. Recommend initializing all unused ports to eliminate wasted current consumption on unused pins.
remark #10372-D: (ULP 4.1) Detected uninitialized Port 6 in this project. Recommend initializing all unused ports to eliminate wasted current consumption on unused pins.
remark #10372-D: (ULP 4.1) Detected uninitialized Port 7 in this project. Recommend initializing all unused ports to eliminate wasted current consumption on unused pins.
remark #10372-D: (ULP 4.1) Detected uninitialized Port 8 in this project. Recommend initializing all unused ports to eliminate wasted current consumption on unused pins.
remark #10372-D: (ULP 4.1) Detected uninitialized Port 9 in this project. Recommend initializing all unused ports to eliminate wasted current consumption on unused pins.
remark #10372-D: (ULP 4.1) Detected uninitialized Port 10 in this project. Recommend initializing all unused ports to eliminate wasted current consumption on unused pins.
Finished building target: Challenge2.out
 

**** Build Finished ****

**** Build of configuration Debug for project Challenge2 ****

/Applications/ti/ccsv6/utils/bin/gmake -k all 
Building file: ../main.c
Invoking: MSP432 Compiler
"/Applications/ti/ccsv6/tools/compiler/ti-cgt-arm_5.2.6/bin/armcl" -mv7M4 --code_state=16 --float_support=FPv4SPD16 --abi=eabi -me -Ooff --fp_mode=strict --include_path="/Applications/ti/ccsv6/ccs_base/arm/include" --include_path="/Applications/ti/ccsv6/ccs_base/arm/include/CMSIS" --include_path="/Users/marybiggs/Desktop/ECE461/Challenge2/driverlib/MSP432P4xx" --include_path="/Applications/ti/ccsv6/tools/compiler/ti-cgt-arm_5.2.6/include" --advice:power="all" -g --gcc --define=__MSP432P401R__ --define=TARGET_IS_MSP432P4XX --define=ccs --display_error_number --diag_warning=225 --diag_wrap=off --preproc_with_compile --preproc_dependency="main.pp"  "../main.c"
Finished building: ../main.c
 
Building target: Challenge2.out
Invoking: MSP432 Linker
"/Applications/ti/ccsv6/tools/compiler/ti-cgt-arm_5.2.6/bin/armcl" -mv7M4 --code_state=16 --float_support=FPv4SPD16 --abi=eabi -me -Ooff --fp_mode=strict --advice:power="all" -g --gcc --define=__MSP432P401R__ --define=TARGET_IS_MSP432P4XX --define=ccs --display_error_number --diag_warning=225 --diag_wrap=off -z -m"Challenge2.map" --heap_size=1024 --stack_size=512 -i"/Applications/ti/ccsv6/ccs_base/arm/include" -i"/Applications/ti/ccsv6/tools/compiler/ti-cgt-arm_5.2.6/lib" -i"/Applications/ti/ccsv6/tools/compiler/ti-cgt-arm_5.2.6/include" --reread_libs --warn_sections --display_error_number --diag_wrap=off --xml_link_info="Challenge2_linkInfo.xml" --rom_model -o "Challenge2.out" "./HAL_I2C.obj" "./HAL_OPT3001.obj" "./adc.obj" "./alarm-state.obj" "./buzzer.obj" "./clocks.obj" "./interrupts.obj" "./main.obj" "./msp432_startup_ccs.obj" "./ports.obj" "./switch.obj" "./timers.obj" "../msp432p401r.cmd" "../msp432p4xx_driverlib.lib"  -l"libc.a"  
<Linking>
remark #10371-D: (ULP 1.1) Detected no uses of low power mode state changing instructions
remark #10372-D: (ULP 4.1) Detected uninitialized Port 1 in this project. Recommend initializing all unused ports to eliminate wasted current consumption on unused pins.
remark #10372-D: (ULP 4.1) Detected uninitialized Port 2 in this project. Recommend initializing all unused ports to eliminate wasted current consumption on unused pins.
remark #10372-D: (ULP 4.1) Detected uninitialized Port 3 in this project. Recommend initializing all unused ports to eliminate wasted current consumption on unused pins.
remark #10372-D: (ULP 4.1) Detected uninitialized Port 4 in this project. Recommend initializing all unused ports to eliminate wasted current consumption on unused pins.
remark #10372-D: (ULP 4.1) Detected uninitialized Port 5 in this project. Recommend initializing all unused ports to eliminate wasted current consumption on unused pins.
remark #10372-D: (ULP 4.1) Detected uninitialized Port 6 in this project. Recommend initializing all unused ports to eliminate wasted current consumption on unused pins.
remark #10372-D: (ULP 4.1) Detected uninitialized Port 7 in this project. Recommend initializing all unused ports to eliminate wasted current consumption on unused pins.
remark #10372-D: (ULP 4.1) Detected uninitialized Port 8 in this project. Recommend initializing all unused ports to eliminate wasted current consumption on unused pins.
remark #10372-D: (ULP 4.1) Detected uninitialized Port 9 in this project. Recommend initializing all unused ports to eliminate wasted current consumption on unused pins.
remark #10372-D: (ULP 4.1) Detected uninitialized Port 10 in this project. Recommend initializing all unused ports to eliminate wasted current consumption on unused pins.
Finished building target: Challenge2.out
 

**** Build Finished ****

**** Build of configuration Debug for project Challenge2 ****

/Applications/ti/ccsv6/utils/bin/gmake -k all 
gmake: Nothing to be done for 'all'.

**** Build Finished ****
