
**** Build of configuration Debug for project mutex_MSP_EXP432P401R_TI_MSP432P401R ****

/Applications/ti/ccsv6/utils/bin/gmake -k all 
Building file: ../mutex.cfg
Invoking: XDCtools
"/Applications/ti/xdctools_3_31_01_33_core/xs" --xdcpath="/Applications/ti/tirtos_msp43x_2_16_00_08/packages;/Applications/ti/tirtos_msp43x_2_16_00_08/products/bios_6_45_01_29/packages;/Applications/ti/tirtos_msp43x_2_16_00_08/products/tidrivers_msp43x_2_16_00_08/packages;/Applications/ti/tirtos_msp43x_2_16_00_08/products/uia_2_00_05_50/packages;/Applications/ti/ccsv6/ccs_base;" xdc.tools.configuro -o configPkg -t ti.targets.arm.elf.M4F -p ti.platforms.msp432:MSP432P401R -r release -c "/Applications/ti/ccsv6/tools/compiler/ti-cgt-arm_5.2.6" --compileOptions "-mv7M4 --code_state=16 --float_support=FPv4SPD16 --abi=eabi -me --include_path=\"/Applications/ti/ccsv6/ccs_base/arm/include\" --include_path=\"/Applications/ti/ccsv6/ccs_base/arm/include/CMSIS\" --include_path=\"/Users/marybiggs/Desktop/ECE461/mutex_MSP_EXP432P401R_TI_MSP432P401R\" --include_path=\"/Applications/ti/tirtos_msp43x_2_16_00_08/products/msp432_driverlib_3_10_00_09/inc/CMSIS\" --include_path=\"/Applications/ti/tirtos_msp43x_2_16_00_08/products/msp432_driverlib_3_10_00_09/inc\" --include_path=\"/Applications/ti/tirtos_msp43x_2_16_00_08/products/msp432_driverlib_3_10_00_09/driverlib/MSP432P4xx\" --include_path=\"/Applications/ti/ccsv6/tools/compiler/ti-cgt-arm_5.2.6/include\" --advice:power_severity=suppress --advice:power=all -g --gcc --define=__MSP432P401R__ --define=TARGET_IS_MSP432P4XX --define=ccs --define=MSP432WARE --display_error_number --diag_warning=225 --diag_warning=255 --diag_wrap=off --gen_func_subsections=on  " "../mutex.cfg"
making package.mak (because of package.bld) ...
generating interfaces for package configPkg (because package/package.xdc.inc is older than package.xdc) ...
configuring mutex.xem4f from package/cfg/mutex_pem4f.cfg ...
generating custom ti.sysbios library makefile ... 
Starting build of library sources ...
making /Users/marybiggs/Desktop/ECE461/mutex_MSP_EXP432P401R_TI_MSP432P401R/src/sysbios/sysbios.aem4f ...
gmake[1]: Entering directory `/Users/marybiggs/Desktop/ECE461/mutex_MSP_EXP432P401R_TI_MSP432P401R/src/sysbios'
clem4f /Applications/ti/tirtos_msp43x_2_16_00_08/products/bios_6_45_01_29/packages/ti/sysbios/BIOS.c ...
asmem4f /Applications/ti/tirtos_msp43x_2_16_00_08/products/bios_6_45_01_29/packages/ti/sysbios/family/arm/m3/Hwi_asm.sv7M ...
asmem4f /Applications/ti/tirtos_msp43x_2_16_00_08/products/bios_6_45_01_29/packages/ti/sysbios/family/arm/m3/Hwi_asm_switch.sv7M ...
asmem4f /Applications/ti/tirtos_msp43x_2_16_00_08/products/bios_6_45_01_29/packages/ti/sysbios/family/arm/m3/IntrinsicsSupport_asm.sv7M ...
asmem4f /Applications/ti/tirtos_msp43x_2_16_00_08/products/bios_6_45_01_29/packages/ti/sysbios/family/arm/m3/TaskSupport_asm.sv7M ...
arem4f BIOS.obj m3_Hwi_asm.obj m3_Hwi_asm_switch.obj m3_IntrinsicsSupport_asm.obj m3_TaskSupport_asm.obj ...
gmake[1]: Leaving directory `/Users/marybiggs/Desktop/ECE461/mutex_MSP_EXP432P401R_TI_MSP432P401R/src/sysbios'
Build of libraries done.
clem4f package/cfg/mutex_pem4f.c ...
Finished building: ../mutex.cfg
 
making ../src/sysbios/sysbios.aem4f ...
gmake[1]: Entering directory '/Users/marybiggs/Desktop/ECE461/mutex_MSP_EXP432P401R_TI_MSP432P401R/src/sysbios'
gmake[1]: Nothing to be done for 'all'.
gmake[1]: Leaving directory '/Users/marybiggs/Desktop/ECE461/mutex_MSP_EXP432P401R_TI_MSP432P401R/src/sysbios'
Building file: ../MSP_EXP432P401R.c
Invoking: MSP432 Compiler
"/Applications/ti/ccsv6/tools/compiler/ti-cgt-arm_5.2.6/bin/armcl" -mv7M4 --code_state=16 --float_support=FPv4SPD16 --abi=eabi -me --include_path="/Applications/ti/ccsv6/ccs_base/arm/include" --include_path="/Applications/ti/ccsv6/ccs_base/arm/include/CMSIS" --include_path="/Users/marybiggs/Desktop/ECE461/mutex_MSP_EXP432P401R_TI_MSP432P401R" --include_path="/Applications/ti/tirtos_msp43x_2_16_00_08/products/msp432_driverlib_3_10_00_09/inc/CMSIS" --include_path="/Applications/ti/tirtos_msp43x_2_16_00_08/products/msp432_driverlib_3_10_00_09/inc" --include_path="/Applications/ti/tirtos_msp43x_2_16_00_08/products/msp432_driverlib_3_10_00_09/driverlib/MSP432P4xx" --include_path="/Applications/ti/ccsv6/tools/compiler/ti-cgt-arm_5.2.6/include" --advice:power_severity=suppress --advice:power=all -g --gcc --define=__MSP432P401R__ --define=TARGET_IS_MSP432P4XX --define=ccs --define=MSP432WARE --display_error_number --diag_warning=225 --diag_warning=255 --diag_wrap=off --gen_func_subsections=on --preproc_with_compile --preproc_dependency="MSP_EXP432P401R.pp" --cmd_file="configPkg/compiler.opt" "../MSP_EXP432P401R.c"
Finished building: ../MSP_EXP432P401R.c
 
Building file: ../mutex.c
Invoking: MSP432 Compiler
"/Applications/ti/ccsv6/tools/compiler/ti-cgt-arm_5.2.6/bin/armcl" -mv7M4 --code_state=16 --float_support=FPv4SPD16 --abi=eabi -me --include_path="/Applications/ti/ccsv6/ccs_base/arm/include" --include_path="/Applications/ti/ccsv6/ccs_base/arm/include/CMSIS" --include_path="/Users/marybiggs/Desktop/ECE461/mutex_MSP_EXP432P401R_TI_MSP432P401R" --include_path="/Applications/ti/tirtos_msp43x_2_16_00_08/products/msp432_driverlib_3_10_00_09/inc/CMSIS" --include_path="/Applications/ti/tirtos_msp43x_2_16_00_08/products/msp432_driverlib_3_10_00_09/inc" --include_path="/Applications/ti/tirtos_msp43x_2_16_00_08/products/msp432_driverlib_3_10_00_09/driverlib/MSP432P4xx" --include_path="/Applications/ti/ccsv6/tools/compiler/ti-cgt-arm_5.2.6/include" --advice:power_severity=suppress --advice:power=all -g --gcc --define=__MSP432P401R__ --define=TARGET_IS_MSP432P4XX --define=ccs --define=MSP432WARE --display_error_number --diag_warning=225 --diag_warning=255 --diag_wrap=off --gen_func_subsections=on --preproc_with_compile --preproc_dependency="mutex.pp" --cmd_file="configPkg/compiler.opt" "../mutex.c"
Finished building: ../mutex.c
 
Building target: mutex_MSP_EXP432P401R_TI_MSP432P401R.out
Invoking: MSP432 Linker
"/Applications/ti/ccsv6/tools/compiler/ti-cgt-arm_5.2.6/bin/armcl" -mv7M4 --code_state=16 --float_support=FPv4SPD16 --abi=eabi -me --advice:power_severity=suppress --advice:power=all -g --gcc --define=__MSP432P401R__ --define=TARGET_IS_MSP432P4XX --define=ccs --define=MSP432WARE --display_error_number --diag_warning=225 --diag_warning=255 --diag_wrap=off --gen_func_subsections=on -z -m"mutex_MSP_EXP432P401R_TI_MSP432P401R.map" --heap_size=1024 --stack_size=512 -i"/Applications/ti/ccsv6/ccs_base/arm/include" -i"/Applications/ti/ccsv6/tools/compiler/ti-cgt-arm_5.2.6/lib" -i"/Applications/ti/ccsv6/tools/compiler/ti-cgt-arm_5.2.6/include" --reread_libs --warn_sections --display_error_number --diag_wrap=off --xml_link_info="mutex_MSP_EXP432P401R_TI_MSP432P401R_linkInfo.xml" --rom_model -o "mutex_MSP_EXP432P401R_TI_MSP432P401R.out" "./MSP_EXP432P401R.obj" "./mutex.obj" "../MSP_EXP432P401R.cmd" -l"configPkg/linker.cmd" -l"/Applications/ti/tirtos_msp43x_2_16_00_08/products/msp432_driverlib_3_10_00_09/driverlib/MSP432P4xx/ccs/msp432p4xx_driverlib.lib" -l"libc.a" 
<Linking>
Finished building target: mutex_MSP_EXP432P401R_TI_MSP432P401R.out
 

**** Build Finished ****
