
**** Build of configuration Debug for project RTOS_CP3 ****

/Applications/ti/ccsv6/utils/bin/gmake -k all 
making ../src/sysbios/sysbios.aem4f ...
gmake[1]: Entering directory '/Users/marybiggs/Desktop/ECE461/RTOS_CP3/src/sysbios'
gmake[1]: Nothing to be done for 'all'.
gmake[1]: Leaving directory '/Users/marybiggs/Desktop/ECE461/RTOS_CP3/src/sysbios'
Building file: ../main.c
Invoking: MSP432 Compiler
"/Applications/ti/ccsv6/tools/compiler/ti-cgt-arm_5.2.6/bin/armcl" -mv7M4 --code_state=16 --float_support=FPv4SPD16 --abi=eabi -me --include_path="/Applications/ti/ccsv6/ccs_base/arm/include" --include_path="C:/Users/Rachel/workspace_v6_1/RTOS_CP3/GrLib/grlib" --include_path="C:/Users/Rachel/workspace_v6_1/RTOS_CP3/LcdDriver" --include_path="/Applications/ti/ccsv6/ccs_base/arm/include/CMSIS" --include_path="/Users/marybiggs/Desktop/ECE461/RTOS_CP3" --include_path="/Applications/ti/tirtos_msp43x_2_16_00_08/products/msp432_driverlib_3_10_00_09/inc/CMSIS" --include_path="/Applications/ti/tirtos_msp43x_2_16_00_08/products/msp432_driverlib_3_10_00_09/inc" --include_path="/Applications/ti/tirtos_msp43x_2_16_00_08/products/msp432_driverlib_3_10_00_09/driverlib/MSP432P4xx" --include_path="/Applications/ti/ccsv6/tools/compiler/ti-cgt-arm_5.2.6/include" --advice:power_severity=suppress --advice:power=all -g --gcc --define=__MSP432P401R__ --define=TARGET_IS_MSP432P4XX --define=ccs --define=MSP432WARE --display_error_number --diag_warning=225 --diag_warning=255 --diag_wrap=off --gen_func_subsections=on --preproc_with_compile --preproc_dependency="main.pp" --cmd_file="configPkg/compiler.opt" "../main.c"
"../main.c", line 40: fatal error #1965: cannot open source file "grlib.h"
1 catastrophic error detected in the compilation of "../main.c".
Compilation terminated.

>> Compilation failure
subdir_rules.mk:24: recipe for target 'main.obj' failed
gmake: *** [main.obj] Error 1
Building file: ../LcdDriver/Crystalfontz128x128_ST7735.c
Invoking: MSP432 Compiler
"/Applications/ti/ccsv6/tools/compiler/ti-cgt-arm_5.2.6/bin/armcl" -mv7M4 --code_state=16 --float_support=FPv4SPD16 --abi=eabi -me --include_path="/Applications/ti/ccsv6/ccs_base/arm/include" --include_path="C:/Users/Rachel/workspace_v6_1/RTOS_CP3/LcdDriver" --include_path="/Applications/ti/ccsv6/ccs_base/arm/include/CMSIS" --include_path="/Users/marybiggs/Desktop/ECE461/RTOS_CP3" --include_path="/Applications/ti/tirtos_msp43x_2_16_00_08/products/msp432_driverlib_3_10_00_09/inc/CMSIS" --include_path="/Applications/ti/tirtos_msp43x_2_16_00_08/products/msp432_driverlib_3_10_00_09/inc" --include_path="/Applications/ti/tirtos_msp43x_2_16_00_08/products/msp432_driverlib_3_10_00_09/driverlib/MSP432P4xx" --include_path="/Applications/ti/ccsv6/tools/compiler/ti-cgt-arm_5.2.6/include" --advice:power_severity=suppress --advice:power=all -g --gcc --define=__MSP432P401R__ --define=TARGET_IS_MSP432P4XX --define=ccs --define=MSP432WARE --display_error_number --diag_warning=225 --diag_warning=255 --diag_wrap=off --gen_func_subsections=on --preproc_with_compile --preproc_dependency="LcdDriver/Crystalfontz128x128_ST7735.pp" --obj_directory="LcdDriver" --cmd_file="configPkg/compiler.opt" "../LcdDriver/Crystalfontz128x128_ST7735.c"
"../LcdDriver/Crystalfontz128x128_ST7735.c", line 39: fatal error #1965: cannot open source file "grlib.h"

>> Compilation failure
1 catastrophic error detected in the compilation of "../LcdDriver/Crystalfontz128x128_ST7735.c".
Compilation terminated.
gmake: *** [LcdDriver/Crystalfontz128x128_ST7735.obj] Error 1
LcdDriver/subdir_rules.mk:7: recipe for target 'LcdDriver/Crystalfontz128x128_ST7735.obj' failed
Building file: ../LcdDriver/HAL_MSP_EXP432P401R_Crystalfontz128x128_ST7735.c
Invoking: MSP432 Compiler
"/Applications/ti/ccsv6/tools/compiler/ti-cgt-arm_5.2.6/bin/armcl" -mv7M4 --code_state=16 --float_support=FPv4SPD16 --abi=eabi -me --include_path="/Applications/ti/ccsv6/ccs_base/arm/include" --include_path="C:/Users/Rachel/workspace_v6_1/RTOS_CP3/LcdDriver" --include_path="/Applications/ti/ccsv6/ccs_base/arm/include/CMSIS" --include_path="/Users/marybiggs/Desktop/ECE461/RTOS_CP3" --include_path="/Applications/ti/tirtos_msp43x_2_16_00_08/products/msp432_driverlib_3_10_00_09/inc/CMSIS" --include_path="/Applications/ti/tirtos_msp43x_2_16_00_08/products/msp432_driverlib_3_10_00_09/inc" --include_path="/Applications/ti/tirtos_msp43x_2_16_00_08/products/msp432_driverlib_3_10_00_09/driverlib/MSP432P4xx" --include_path="/Applications/ti/ccsv6/tools/compiler/ti-cgt-arm_5.2.6/include" --advice:power_severity=suppress --advice:power=all -g --gcc --define=__MSP432P401R__ --define=TARGET_IS_MSP432P4XX --define=ccs --define=MSP432WARE --display_error_number --diag_warning=225 --diag_warning=255 --diag_wrap=off --gen_func_subsections=on --preproc_with_compile --preproc_dependency="LcdDriver/HAL_MSP_EXP432P401R_Crystalfontz128x128_ST7735.pp" --obj_directory="LcdDriver" --cmd_file="configPkg/compiler.opt" "../LcdDriver/HAL_MSP_EXP432P401R_Crystalfontz128x128_ST7735.c"
"../LcdDriver/HAL_MSP_EXP432P401R_Crystalfontz128x128_ST7735.c", line 40: fatal error #1965: cannot open source file "HAL_MSP_EXP432P401R_Crystalfontz128x128_ST7735.h"

>> Compilation failure
1 catastrophic error detected in the compilation of "../LcdDriver/HAL_MSP_EXP432P401R_Crystalfontz128x128_ST7735.c".
Compilation terminated.
gmake: *** [LcdDriver/HAL_MSP_EXP432P401R_Crystalfontz128x128_ST7735.obj] Error 1
LcdDriver/subdir_rules.mk:14: recipe for target 'LcdDriver/HAL_MSP_EXP432P401R_Crystalfontz128x128_ST7735.obj' failed
Building file: ../GrLib/fonts/fontfixed6x8.c
Invoking: MSP432 Compiler
"/Applications/ti/ccsv6/tools/compiler/ti-cgt-arm_5.2.6/bin/armcl" -mv7M4 --code_state=16 --float_support=FPv4SPD16 --abi=eabi -me --include_path="/Applications/ti/ccsv6/ccs_base/arm/include" --include_path="C:/Users/Rachel/workspace_v6_1/RTOS_CP3/LcdDriver" --include_path="/Applications/ti/ccsv6/ccs_base/arm/include/CMSIS" --include_path="/Users/marybiggs/Desktop/ECE461/RTOS_CP3" --include_path="/Applications/ti/tirtos_msp43x_2_16_00_08/products/msp432_driverlib_3_10_00_09/inc/CMSIS" --include_path="/Applications/ti/tirtos_msp43x_2_16_00_08/products/msp432_driverlib_3_10_00_09/inc" --include_path="/Applications/ti/tirtos_msp43x_2_16_00_08/products/msp432_driverlib_3_10_00_09/driverlib/MSP432P4xx" --include_path="/Applications/ti/ccsv6/tools/compiler/ti-cgt-arm_5.2.6/include" --advice:power_severity=suppress --advice:power=all -g --gcc --define=__MSP432P401R__ --define=TARGET_IS_MSP432P4XX --define=ccs --define=MSP432WARE --display_error_number --diag_warning=225 --diag_warning=255 --diag_wrap=off --gen_func_subsections=on --preproc_with_compile --preproc_dependency="GrLib/fonts/fontfixed6x8.pp" --obj_directory="GrLib/fonts" --cmd_file="configPkg/compiler.opt" "../GrLib/fonts/fontfixed6x8.c"
"../GrLib/fonts/fontfixed6x8.c", line 1: fatal error #1965: cannot open source file "grlib.h"
1 catastrophic error detected in the compilation of "../GrLib/fonts/fontfixed6x8.c".
Compilation terminated.

>> Compilation failure
gmake: *** [GrLib/fonts/fontfixed6x8.obj] Error 1
gmake: Target 'all' not remade because of errors.
GrLib/fonts/subdir_rules.mk:7: recipe for target 'GrLib/fonts/fontfixed6x8.obj' failed

**** Build Finished ****
