
**** Build of configuration Debug for project RTOSChallenge ****

/Applications/ti/ccsv6/utils/bin/gmake -k all 
making ../src/sysbios/sysbios.aem4f ...
gmake[1]: Entering directory '/Users/marybiggs/Desktop/ECE461/RTOSChallenge/src/sysbios'
gmake[1]: Nothing to be done for 'all'.
gmake[1]: Leaving directory '/Users/marybiggs/Desktop/ECE461/RTOSChallenge/src/sysbios'
Building file: ../empty.c
Invoking: MSP432 Compiler
"/Applications/ti/ccsv6/tools/compiler/ti-cgt-arm_5.2.6/bin/armcl" -mv7M4 --code_state=16 --float_support=FPv4SPD16 --abi=eabi -me --include_path="/Applications/ti/ccsv6/ccs_base/arm/include" --include_path="/Users/marybiggs/Desktop/ECE461/RTOSChallenge/LcdDriver" --include_path="/Users/marybiggs/Desktop/ECE461/RTOSChallenge/GrLib/grlib" --include_path="/Users/marybiggs/Desktop/ECE461/RTOSChallenge/GrLib" --include_path="/Applications/ti/ccsv6/ccs_base/arm/include/CMSIS" --include_path="/Users/marybiggs/Desktop/ECE461/RTOSChallenge" --include_path="/Applications/ti/tirtos_msp43x_2_16_00_08/products/msp432_driverlib_3_10_00_09/inc/CMSIS" --include_path="/Applications/ti/tirtos_msp43x_2_16_00_08/products/msp432_driverlib_3_10_00_09/inc" --include_path="/Applications/ti/tirtos_msp43x_2_16_00_08/products/msp432_driverlib_3_10_00_09/driverlib/MSP432P4xx" --include_path="/Applications/ti/ccsv6/tools/compiler/ti-cgt-arm_5.2.6/include" --advice:power_severity=suppress --advice:power=all -g --gcc --define=__MSP432P401R__ --define=TARGET_IS_MSP432P4XX --define=ccs --define=MSP432WARE --display_error_number --diag_warning=225 --diag_warning=255 --diag_wrap=off --gen_func_subsections=on --preproc_with_compile --preproc_dependency="empty.pp" --cmd_file="configPkg/compiler.opt" "../empty.c"
Finished building: ../empty.c
 
"../init_all.c", line 77: warning #169-D: argument of type "Timer32_Type *" is incompatible with parameter of type "uint32_t"
Building file: ../init_all.c
Invoking: MSP432 Compiler
"/Applications/ti/ccsv6/tools/compiler/ti-cgt-arm_5.2.6/bin/armcl" -mv7M4 --code_state=16 --float_support=FPv4SPD16 --abi=eabi -me --include_path="/Applications/ti/ccsv6/ccs_base/arm/include" --include_path="/Users/marybiggs/Desktop/ECE461/RTOSChallenge/LcdDriver" --include_path="/Users/marybiggs/Desktop/ECE461/RTOSChallenge/GrLib/grlib" --include_path="/Users/marybiggs/Desktop/ECE461/RTOSChallenge/GrLib" --include_path="/Applications/ti/ccsv6/ccs_base/arm/include/CMSIS" --include_path="/Users/marybiggs/Desktop/ECE461/RTOSChallenge" --include_path="/Applications/ti/tirtos_msp43x_2_16_00_08/products/msp432_driverlib_3_10_00_09/inc/CMSIS" --include_path="/Applications/ti/tirtos_msp43x_2_16_00_08/products/msp432_driverlib_3_10_00_09/inc" --include_path="/Applications/ti/tirtos_msp43x_2_16_00_08/products/msp432_driverlib_3_10_00_09/driverlib/MSP432P4xx" --include_path="/Applications/ti/ccsv6/tools/compiler/ti-cgt-arm_5.2.6/include" --advice:power_severity=suppress --advice:power=all -g --gcc --define=__MSP432P401R__ --define=TARGET_IS_MSP432P4XX --define=ccs --define=MSP432WARE --display_error_number --diag_warning=225 --diag_warning=255 --diag_wrap=off --gen_func_subsections=on --preproc_with_compile --preproc_dependency="init_all.pp" --cmd_file="configPkg/compiler.opt" "../init_all.c"
Finished building: ../init_all.c
 
Building file: ../empty.cfg
Invoking: XDCtools
"/Applications/ti/xdctools_3_31_01_33_core/xs" --xdcpath="/Applications/ti/tirtos_msp43x_2_16_00_08/packages;/Applications/ti/tirtos_msp43x_2_16_00_08/products/bios_6_45_01_29/packages;/Applications/ti/tirtos_msp43x_2_16_00_08/products/tidrivers_msp43x_2_16_00_08/packages;/Applications/ti/tirtos_msp43x_2_16_00_08/products/uia_2_00_05_50/packages;/Applications/ti/msp/MSPWare_3_20_00_37/driverlib/packages;/Applications/ti/msp/MSPWare_3_20_00_37/driverlib;/Applications/ti/ccsv6/ccs_base;" xdc.tools.configuro -o configPkg -t ti.targets.arm.elf.M4F -p ti.platforms.msp432:MSP432P401R -r release -c "/Applications/ti/ccsv6/tools/compiler/ti-cgt-arm_5.2.6" --compileOptions "-mv7M4 --code_state=16 --float_support=FPv4SPD16 --abi=eabi -me --include_path=\"/Applications/ti/ccsv6/ccs_base/arm/include\" --include_path=\"/Users/marybiggs/Desktop/ECE461/RTOSChallenge/LcdDriver\" --include_path=\"/Users/marybiggs/Desktop/ECE461/RTOSChallenge/GrLib/grlib\" --include_path=\"/Users/marybiggs/Desktop/ECE461/RTOSChallenge/GrLib\" --include_path=\"/Applications/ti/ccsv6/ccs_base/arm/include/CMSIS\" --include_path=\"/Users/marybiggs/Desktop/ECE461/RTOSChallenge\" --include_path=\"/Applications/ti/tirtos_msp43x_2_16_00_08/products/msp432_driverlib_3_10_00_09/inc/CMSIS\" --include_path=\"/Applications/ti/tirtos_msp43x_2_16_00_08/products/msp432_driverlib_3_10_00_09/inc\" --include_path=\"/Applications/ti/tirtos_msp43x_2_16_00_08/products/msp432_driverlib_3_10_00_09/driverlib/MSP432P4xx\" --include_path=\"/Applications/ti/ccsv6/tools/compiler/ti-cgt-arm_5.2.6/include\" --advice:power_severity=suppress --advice:power=all -g --gcc --define=__MSP432P401R__ --define=TARGET_IS_MSP432P4XX --define=ccs --define=MSP432WARE --display_error_number --diag_warning=225 --diag_warning=255 --diag_wrap=off --gen_func_subsections=on  " "../empty.cfg"
"../init_all.c", line 79: warning #169-D: argument of type "Timer32_Type *" is incompatible with parameter of type "uint32_t"
"../init_all.c", line 82: warning #169-D: argument of type "Timer32_Type *" is incompatible with parameter of type "uint32_t"
"../init_all.c", line 87: warning #169-D: argument of type "Timer32_Type *" is incompatible with parameter of type "uint32_t"
configuring empty.xem4f from package/cfg/empty_pem4f.cfg ...
generating custom ti.sysbios library makefile ... 
Starting build of library sources ...
making /Users/marybiggs/Desktop/ECE461/RTOSChallenge/src/sysbios/sysbios.aem4f ...
gmake[1]: Entering directory `/Users/marybiggs/Desktop/ECE461/RTOSChallenge/src/sysbios'
clem4f /Applications/ti/tirtos_msp43x_2_16_00_08/products/bios_6_45_01_29/packages/ti/sysbios/BIOS.c ...
asmem4f /Applications/ti/tirtos_msp43x_2_16_00_08/products/bios_6_45_01_29/packages/ti/sysbios/family/arm/m3/Hwi_asm.sv7M ...
asmem4f /Applications/ti/tirtos_msp43x_2_16_00_08/products/bios_6_45_01_29/packages/ti/sysbios/family/arm/m3/Hwi_asm_switch.sv7M ...
asmem4f /Applications/ti/tirtos_msp43x_2_16_00_08/products/bios_6_45_01_29/packages/ti/sysbios/family/arm/m3/IntrinsicsSupport_asm.sv7M ...
asmem4f /Applications/ti/tirtos_msp43x_2_16_00_08/products/bios_6_45_01_29/packages/ti/sysbios/family/arm/m3/TaskSupport_asm.sv7M ...
arem4f BIOS.obj m3_Hwi_asm.obj m3_Hwi_asm_switch.obj m3_IntrinsicsSupport_asm.obj m3_TaskSupport_asm.obj ...
gmake[1]: Leaving directory `/Users/marybiggs/Desktop/ECE461/RTOSChallenge/src/sysbios'
Build of libraries done.
clem4f package/cfg/empty_pem4f.c ...
Finished building: ../empty.cfg
 
Building target: RTOSChallenge.out
Invoking: MSP432 Linker
"/Applications/ti/ccsv6/tools/compiler/ti-cgt-arm_5.2.6/bin/armcl" -mv7M4 --code_state=16 --float_support=FPv4SPD16 --abi=eabi -me --advice:power_severity=suppress --advice:power=all -g --gcc --define=__MSP432P401R__ --define=TARGET_IS_MSP432P4XX --define=ccs --define=MSP432WARE --display_error_number --diag_warning=225 --diag_warning=255 --diag_wrap=off --gen_func_subsections=on -z -m"RTOSChallenge.map" --heap_size=1024 --stack_size=1024 -i"/Applications/ti/ccsv6/ccs_base/arm/include" -i"/Applications/ti/ccsv6/tools/compiler/ti-cgt-arm_5.2.6/lib" -i"/Applications/ti/ccsv6/tools/compiler/ti-cgt-arm_5.2.6/include" --reread_libs --warn_sections --display_error_number --diag_wrap=off --xml_link_info="RTOSChallenge_linkInfo.xml" --rom_model -o "RTOSChallenge.out" "./MSP_EXP432P401R.obj" "./empty.obj" "./init_all.obj" "./LcdDriver/Crystalfontz128x128_ST7735.obj" "./LcdDriver/HAL_MSP_EXP432P401R_Crystalfontz128x128_ST7735.obj" "./GrLib/grlib/button.obj" "./GrLib/grlib/checkbox.obj" "./GrLib/grlib/circle.obj" "./GrLib/grlib/context.obj" "./GrLib/grlib/display.obj" "./GrLib/grlib/image.obj" "./GrLib/grlib/imageButton.obj" "./GrLib/grlib/line.obj" "./GrLib/grlib/radioButton.obj" "./GrLib/grlib/rectangle.obj" "./GrLib/grlib/string.obj" "./GrLib/fonts/fontfixed6x8.obj" "../MSP_EXP432P401R.cmd" -l"configPkg/linker.cmd" -l"/Applications/ti/tirtos_msp43x_2_16_00_08/products/msp432_driverlib_3_10_00_09/driverlib/MSP432P4xx/ccs/msp432p4xx_driverlib.lib" -l"libc.a" 
<Linking>
warning #10247-D: creating output section ".vtable" without a SECTIONS specification
Finished building target: RTOSChallenge.out
 

**** Build Finished ****
