
**** Build of configuration Debug for project WDT_Ex ****

/Applications/ti/ccsv6/utils/bin/gmake -k all 
Building file: ../main.c
Invoking: MSP432 Compiler
"/Applications/ti/ccsv6/tools/compiler/ti-cgt-arm_5.2.6/bin/armcl" -mv7M4 --code_state=16 --float_support=FPv4SPD16 --abi=eabi -me --include_path="/Applications/ti/ccsv6/ccs_base/arm/include" --include_path="/Applications/ti/ccsv6/ccs_base/arm/include/CMSIS" --include_path="/Applications/ti/ccsv6/tools/compiler/ti-cgt-arm_5.2.6/include" --advice:power=all -g --gcc --define=__MSP432P401R__ --define=TARGET_IS_MSP432P4XX --define=ccs --display_error_number --diag_warning=225 --diag_wrap=off --preproc_with_compile --preproc_dependency="main.pp"  "../main.c"
"/Applications/ti/ccsv6/ccs_base/arm/include/msp432p401r.h", line 69: warning #1181-D: #warning directive: "MSP432 software will be updated to use CMSIS-Core in March 2016. This update will allow your MSP432 software to be CMSIS compliant, but require modification to your existing MSP432 code. A beta release is available if you want to start converting your code today. Refer to http://www.ti.com/MSP432CMSIS for detailed changes, conversion guide and background information."
"../main.c", line 15: remark #1527-D: (ULP 2.1) Detected SW delay loop using empty loop. Recommend using a timer module instead
"../main.c", line 17: remark #1527-D: (ULP 2.1) Detected SW delay loop using empty loop. Recommend using a timer module instead
Finished building: ../main.c
 
Building target: WDT_Ex.out
Invoking: MSP432 Linker
"/Applications/ti/ccsv6/tools/compiler/ti-cgt-arm_5.2.6/bin/armcl" -mv7M4 --code_state=16 --float_support=FPv4SPD16 --abi=eabi -me --advice:power=all -g --gcc --define=__MSP432P401R__ --define=TARGET_IS_MSP432P4XX --define=ccs --display_error_number --diag_warning=225 --diag_wrap=off -z -m"WDT_Ex.map" --heap_size=1024 --stack_size=512 -i"/Applications/ti/ccsv6/ccs_base/arm/include" -i"/Applications/ti/ccsv6/tools/compiler/ti-cgt-arm_5.2.6/lib" -i"/Applications/ti/ccsv6/tools/compiler/ti-cgt-arm_5.2.6/include" --reread_libs --warn_sections --display_error_number --diag_wrap=off --xml_link_info="WDT_Ex_linkInfo.xml" --rom_model -o "WDT_Ex.out" "./main.obj" "./msp432_startup_ccs.obj" "../msp432p401r.cmd"  -l"libc.a" 
<Linking>
remark #10371-D: (ULP 1.1) Detected no uses of low power mode state changing instructions
remark #10372-D: (ULP 4.1) Detected uninitialized Port 2 in this project. Recommend initializing all unused ports to eliminate wasted current consumption on unused pins.
remark #10372-D: (ULP 4.1) Detected uninitialized Port 3 in this project. Recommend initializing all unused ports to eliminate wasted current consumption on unused pins.
remark #10372-D: (ULP 4.1) Detected uninitialized Port 4 in this project. Recommend initializing all unused ports to eliminate wasted current consumption on unused pins.
remark #10372-D: (ULP 4.1) Detected uninitialized Port 5 in this project. Recommend initializing all unused ports to eliminate wasted current consumption on unused pins.
remark #10372-D: (ULP 4.1) Detected uninitialized Port 6 in this project. Recommend initializing all unused ports to eliminate wasted current consumption on unused pins.
remark #10372-D: (ULP 4.1) Detected uninitialized Port 7 in this project. Recommend initializing all unused ports to eliminate wasted current consumption on unused pins.
remark #10372-D: (ULP 4.1) Detected uninitialized Port 8 in this project. Recommend initializing all unused ports to eliminate wasted current consumption on unused pins.
remark #10372-D: (ULP 4.1) Detected uninitialized Port 9 in this project. Recommend initializing all unused ports to eliminate wasted current consumption on unused pins.
remark #10372-D: (ULP 4.1) Detected uninitialized Port 10 in this project. Recommend initializing all unused ports to eliminate wasted current consumption on unused pins.
Finished building target: WDT_Ex.out
 

**** Build Finished ****
